#
# There is insufficient memory for the Java Runtime Environment to continue.
# Native memory allocation (malloc) failed to allocate 1511536 bytes for Chunk::new
# Possible reasons:
#   The system is out of physical RAM or swap space
#   The process is running with CompressedOops enabled, and the Java Heap may be blocking the growth of the native heap
# Possible solutions:
#   Reduce memory load on the system
#   Increase physical memory or swap space
#   Check if swap backing store is full
#   Decrease Java heap size (-Xmx/-Xms)
#   Decrease number of Java threads
#   Decrease Java thread stack sizes (-Xss)
#   Set larger code cache with -XX:ReservedCodeCacheSize=
#   JVM is running with Zero Based Compressed Oops mode in which the Java heap is
#     placed in the first 32GB address space. The Java Heap base address is the
#     maximum limit for the native heap growth. Please use -XX:HeapBaseMinAddress
#     to set the Java Heap base and to place the Java Heap above 32GB virtual address.
# This output file may be truncated or incomplete.
#
#  Out of Memory Error (src/hotspot/share/memory/arena.cpp:197), pid=15884, tid=8464
#
# JRE version: OpenJDK Runtime Environment (11.0.15) (build 11.0.15+0-b2043.56-9505619)
# Java VM: OpenJDK 64-Bit Server VM (11.0.15+0-b2043.56-9505619, mixed mode, tiered, compressed oops, g1 gc, windows-amd64)
# No core dump will be written. Minidumps are not enabled by default on client versions of Windows
#

---------------  S U M M A R Y ------------

Command Line: org.jetbrains.kotlin.cli.jvm.K2JVMCompiler @G:\AndroidProjects\Kora\app\build\20230731_18284895934899822706.compiler.options

Host: Intel(R) Core(TM) i7-9750H CPU @ 2.60GHz, 12 cores, 15G,  Windows 11 , 64 bit Build 22621 (10.0.22621.1928)
Time: Mon Jul 31 18:04:35 2023 Egypt Daylight Time elapsed time: 27.133635 seconds (0d 0h 0m 27s)

---------------  T H R E A D  ---------------

Current thread (0x000002bff6872800):  JavaThread "C2 CompilerThread2" daemon [_thread_in_native, id=8464, stack(0x000000c836e00000,0x000000c836f00000)]


Current CompileTask:
C2:  27133 12481       4       org.jetbrains.kotlin.types.AbstractTypeMapper::mapType (443 bytes)

Stack: [0x000000c836e00000,0x000000c836f00000]
Native frames: (J=compiled Java code, j=interpreted, Vv=VM code, C=native code)
V  [jvm.dll+0x64135a]
V  [jvm.dll+0x7d39f9]
V  [jvm.dll+0x7d51b9]
V  [jvm.dll+0x7d58a3]
V  [jvm.dll+0x2691c5]
V  [jvm.dll+0xc1a5c]
V  [jvm.dll+0xc200c]
V  [jvm.dll+0x3774a7]
V  [jvm.dll+0x1b3914]
V  [jvm.dll+0x22163e]
V  [jvm.dll+0x220498]
V  [jvm.dll+0x19e851]
V  [jvm.dll+0x230479]
V  [jvm.dll+0x22e5ef]
V  [jvm.dll+0x794de1]
V  [jvm.dll+0x78dc24]
V  [jvm.dll+0x6400f6]
C  [ucrtbase.dll+0x29363]
C  [KERNEL32.DLL+0x126ad]
C  [ntdll.dll+0x5aa68]


---------------  P R O C E S S  ---------------

Threads class SMR info:
_java_thread_list=0x000002bff93fefc0, length=12, elements={
0x000002bfd16ac000, 0x000002bff2c2d000, 0x000002bff2c3a800, 0x000002bff34f8800,
0x000002bff34fa800, 0x000002bff34fb800, 0x000002bff3500000, 0x000002bff354d800,
0x000002bff3555800, 0x000002bff36c0800, 0x000002bff95d1000, 0x000002bff6872800
}

Java Threads: ( => current thread )
  0x000002bfd16ac000 JavaThread "main" [_thread_in_Java, id=15800, stack(0x000000c835500000,0x000000c835600000)]
  0x000002bff2c2d000 JavaThread "Reference Handler" daemon [_thread_blocked, id=7156, stack(0x000000c835c00000,0x000000c835d00000)]
  0x000002bff2c3a800 JavaThread "Finalizer" daemon [_thread_blocked, id=7344, stack(0x000000c835d00000,0x000000c835e00000)]
  0x000002bff34f8800 JavaThread "Signal Dispatcher" daemon [_thread_blocked, id=8452, stack(0x000000c835e00000,0x000000c835f00000)]
  0x000002bff34fa800 JavaThread "Attach Listener" daemon [_thread_blocked, id=9496, stack(0x000000c835f00000,0x000000c836000000)]
  0x000002bff34fb800 JavaThread "Service Thread" daemon [_thread_blocked, id=10092, stack(0x000000c836000000,0x000000c836100000)]
  0x000002bff3500000 JavaThread "C2 CompilerThread0" daemon [_thread_in_native, id=13680, stack(0x000000c836100000,0x000000c836200000)]
  0x000002bff354d800 JavaThread "C1 CompilerThread0" daemon [_thread_in_vm, id=11252, stack(0x000000c836200000,0x000000c836300000)]
  0x000002bff3555800 JavaThread "Sweeper thread" daemon [_thread_blocked, id=15060, stack(0x000000c836300000,0x000000c836400000)]
  0x000002bff36c0800 JavaThread "Common-Cleaner" daemon [_thread_blocked, id=11228, stack(0x000000c836500000,0x000000c836600000)]
  0x000002bff95d1000 JavaThread "C2 CompilerThread1" daemon [_thread_in_native, id=6024, stack(0x000000c836b00000,0x000000c836c00000)]
=>0x000002bff6872800 JavaThread "C2 CompilerThread2" daemon [_thread_in_native, id=8464, stack(0x000000c836e00000,0x000000c836f00000)]

Other Threads:
  0x000002bff34e8000 VMThread "VM Thread" [stack: 0x000000c835b00000,0x000000c835c00000] [id=2288]
  0x000002bff36ba000 WatcherThread [stack: 0x000000c836400000,0x000000c836500000] [id=13604]
  0x000002bfd37a9000 GCTaskThread "GC Thread#0" [stack: 0x000000c835600000,0x000000c835700000] [id=5756]
  0x000002bff3efd000 GCTaskThread "GC Thread#1" [stack: 0x000000c836600000,0x000000c836700000] [id=12440]
  0x000002bff3df6800 GCTaskThread "GC Thread#2" [stack: 0x000000c836700000,0x000000c836800000] [id=12796]
  0x000002bff3df7000 GCTaskThread "GC Thread#3" [stack: 0x000000c836800000,0x000000c836900000] [id=12252]
  0x000002bff3df7800 GCTaskThread "GC Thread#4" [stack: 0x000000c836900000,0x000000c836a00000] [id=11576]
  0x000002bff3dfc800 GCTaskThread "GC Thread#5" [stack: 0x000000c836a00000,0x000000c836b00000] [id=11268]
  0x000002bff4f78000 GCTaskThread "GC Thread#6" [stack: 0x000000c837100000,0x000000c837200000] [id=15348]
  0x000002bfd3805800 ConcurrentGCThread "G1 Main Marker" [stack: 0x000000c835700000,0x000000c835800000] [id=15836]
  0x000002bfd3807800 ConcurrentGCThread "G1 Conc#0" [stack: 0x000000c835800000,0x000000c835900000] [id=15852]
  0x000002bff5176000 ConcurrentGCThread "G1 Conc#1" [stack: 0x000000c836c00000,0x000000c836d00000] [id=15684]
  0x000002bff51bb800 ConcurrentGCThread "G1 Conc#2" [stack: 0x000000c836d00000,0x000000c836e00000] [id=15652]
  0x000002bff2b13000 ConcurrentGCThread "G1 Refine#0" [stack: 0x000000c835900000,0x000000c835a00000] [id=15332]
  0x000002bff823b800 ConcurrentGCThread "G1 Refine#1" [stack: 0x000000c836f00000,0x000000c837000000] [id=4444]
  0x000002bff6885000 ConcurrentGCThread "G1 Refine#2" [stack: 0x000000c837000000,0x000000c837100000] [id=15664]
  0x000002bff2b16000 ConcurrentGCThread "G1 Young RemSet Sampling" [stack: 0x000000c835a00000,0x000000c835b00000] [id=6752]

Threads with active compile tasks:
C2 CompilerThread0    27189 12895 %     4       org.jetbrains.kotlin.codegen.optimization.temporaryVals.TemporaryValsAnalyzer::analyze @ 184 (1270 bytes)
C1 CompilerThread0    27189 13061       3       org.jetbrains.org.objectweb.asm.MethodWriter::visitLocalVariable (222 bytes)
C2 CompilerThread1    27189 12906       4       org.jetbrains.org.objectweb.asm.Type::getObjectType (31 bytes)
C2 CompilerThread2    27189 12481       4       org.jetbrains.kotlin.types.AbstractTypeMapper::mapType (443 bytes)

VM state:not at safepoint (normal execution)

VM Mutex/Monitor currently owned by a thread: None

Heap address: 0x0000000702a00000, size: 4054 MB, Compressed Oops mode: Zero based, Oop shift amount: 3
Narrow klass base: 0x0000000800000000, Narrow klass shift: 0
Compressed class space size: 1073741824 Address: 0x0000000800000000

Heap:
 garbage-first heap   total 312320K, used 197259K [0x0000000702a00000, 0x0000000800000000)
  region size 1024K, 149 young (152576K), 20 survivors (20480K)
 Metaspace       used 86835K, capacity 87821K, committed 88016K, reserved 1128448K
  class space    used 9397K, capacity 9828K, committed 9856K, reserved 1048576K
Heap Regions: E=young(eden), S=young(survivor), O=old, HS=humongous(starts), HC=humongous(continues), CS=collection set, F=free, A=archive, TAMS=top-at-mark-start (previous, next)
|   0|0x0000000702a00000, 0x0000000702b00000, 0x0000000702b00000|100%|HS|  |TAMS 0x0000000702b00000, 0x0000000702a00000| Complete 
|   1|0x0000000702b00000, 0x0000000702c00000, 0x0000000702c00000|100%|HC|  |TAMS 0x0000000702c00000, 0x0000000702b00000| Complete 
|   2|0x0000000702c00000, 0x0000000702d00000, 0x0000000702d00000|100%|HC|  |TAMS 0x0000000702d00000, 0x0000000702c00000| Complete 
|   3|0x0000000702d00000, 0x0000000702e00000, 0x0000000702e00000|100%| O|  |TAMS 0x0000000702e00000, 0x0000000702d00000| Untracked 
|   4|0x0000000702e00000, 0x0000000702f00000, 0x0000000702f00000|100%| O|  |TAMS 0x0000000702f00000, 0x0000000702e00000| Untracked 
|   5|0x0000000702f00000, 0x0000000703000000, 0x0000000703000000|100%|HS|  |TAMS 0x0000000703000000, 0x0000000702f00000| Complete 
|   6|0x0000000703000000, 0x0000000703100000, 0x0000000703100000|100%|HC|  |TAMS 0x0000000703100000, 0x0000000703000000| Complete 
|   7|0x0000000703100000, 0x0000000703200000, 0x0000000703200000|100%|HC|  |TAMS 0x0000000703200000, 0x0000000703100000| Complete 
|   8|0x0000000703200000, 0x0000000703300000, 0x0000000703300000|100%|HS|  |TAMS 0x0000000703300000, 0x0000000703200000| Complete 
|   9|0x0000000703300000, 0x0000000703400000, 0x0000000703400000|100%|HC|  |TAMS 0x0000000703400000, 0x0000000703300000| Complete 
|  10|0x0000000703400000, 0x0000000703500000, 0x0000000703500000|100%| O|  |TAMS 0x0000000703500000, 0x0000000703400000| Untracked 
|  11|0x0000000703500000, 0x0000000703600000, 0x0000000703600000|100%| O|  |TAMS 0x0000000703600000, 0x0000000703500000| Untracked 
|  12|0x0000000703600000, 0x0000000703700000, 0x0000000703700000|100%| O|  |TAMS 0x0000000703700000, 0x0000000703600000| Untracked 
|  13|0x0000000703700000, 0x0000000703800000, 0x0000000703800000|100%| O|  |TAMS 0x0000000703800000, 0x0000000703700000| Untracked 
|  14|0x0000000703800000, 0x0000000703900000, 0x0000000703900000|100%| O|  |TAMS 0x0000000703900000, 0x0000000703800000| Untracked 
|  15|0x0000000703900000, 0x0000000703a00000, 0x0000000703a00000|100%| O|  |TAMS 0x0000000703a00000, 0x0000000703900000| Untracked 
|  16|0x0000000703a00000, 0x0000000703b00000, 0x0000000703b00000|100%| O|  |TAMS 0x0000000703b00000, 0x0000000703a00000| Untracked 
|  17|0x0000000703b00000, 0x0000000703c00000, 0x0000000703c00000|100%| O|  |TAMS 0x0000000703c00000, 0x0000000703b00000| Untracked 
|  18|0x0000000703c00000, 0x0000000703d00000, 0x0000000703d00000|100%| O|  |TAMS 0x0000000703d00000, 0x0000000703c00000| Untracked 
|  19|0x0000000703d00000, 0x0000000703e00000, 0x0000000703e00000|100%| O|  |TAMS 0x0000000703e00000, 0x0000000703d00000| Untracked 
|  20|0x0000000703e00000, 0x0000000703f00000, 0x0000000703f00000|100%| O|  |TAMS 0x0000000703f00000, 0x0000000703e00000| Untracked 
|  21|0x0000000703f00000, 0x0000000703f00000, 0x0000000704000000|  0%| F|  |TAMS 0x0000000703f00000, 0x0000000703f00000| Untracked 
|  22|0x0000000704000000, 0x0000000704100000, 0x0000000704100000|100%| O|  |TAMS 0x0000000704100000, 0x0000000704000000| Untracked 
|  23|0x0000000704100000, 0x0000000704200000, 0x0000000704200000|100%| O|  |TAMS 0x0000000704200000, 0x0000000704100000| Untracked 
|  24|0x0000000704200000, 0x0000000704300000, 0x0000000704300000|100%| O|  |TAMS 0x0000000704300000, 0x0000000704200000| Untracked 
|  25|0x0000000704300000, 0x0000000704400000, 0x0000000704400000|100%| O|  |TAMS 0x0000000704400000, 0x0000000704300000| Untracked 
|  26|0x0000000704400000, 0x0000000704500000, 0x0000000704500000|100%| O|  |TAMS 0x000000070445a800, 0x0000000704400000| Untracked 
|  27|0x0000000704500000, 0x0000000704600000, 0x0000000704600000|100%| O|  |TAMS 0x0000000704500000, 0x0000000704500000| Untracked 
|  28|0x0000000704600000, 0x0000000704700000, 0x0000000704700000|100%| O|  |TAMS 0x0000000704600000, 0x0000000704600000| Untracked 
|  29|0x0000000704700000, 0x0000000704800000, 0x0000000704800000|100%| O|  |TAMS 0x0000000704700000, 0x0000000704700000| Untracked 
|  30|0x0000000704800000, 0x0000000704900000, 0x0000000704900000|100%| O|  |TAMS 0x0000000704800000, 0x0000000704800000| Untracked 
|  31|0x0000000704900000, 0x0000000704a00000, 0x0000000704a00000|100%| O|  |TAMS 0x0000000704900000, 0x0000000704900000| Untracked 
|  32|0x0000000704a00000, 0x0000000704b00000, 0x0000000704b00000|100%| O|  |TAMS 0x0000000704a00000, 0x0000000704a00000| Untracked 
|  33|0x0000000704b00000, 0x0000000704c00000, 0x0000000704c00000|100%| O|  |TAMS 0x0000000704b00000, 0x0000000704b00000| Untracked 
|  34|0x0000000704c00000, 0x0000000704d00000, 0x0000000704d00000|100%| O|  |TAMS 0x0000000704c00000, 0x0000000704c00000| Untracked 
|  35|0x0000000704d00000, 0x0000000704e00000, 0x0000000704e00000|100%| O|  |TAMS 0x0000000704d00000, 0x0000000704d00000| Untracked 
|  36|0x0000000704e00000, 0x0000000704f00000, 0x0000000704f00000|100%| O|  |TAMS 0x0000000704e00000, 0x0000000704e00000| Untracked 
|  37|0x0000000704f00000, 0x0000000705000000, 0x0000000705000000|100%| O|  |TAMS 0x0000000704f00000, 0x0000000704f00000| Untracked 
|  38|0x0000000705000000, 0x0000000705100000, 0x0000000705100000|100%| O|  |TAMS 0x0000000705000000, 0x0000000705000000| Untracked 
|  39|0x0000000705100000, 0x0000000705200000, 0x0000000705200000|100%| O|  |TAMS 0x0000000705100000, 0x0000000705100000| Untracked 
|  40|0x0000000705200000, 0x0000000705300000, 0x0000000705300000|100%| O|  |TAMS 0x0000000705200000, 0x0000000705200000| Untracked 
|  41|0x0000000705300000, 0x0000000705400000, 0x0000000705400000|100%| O|  |TAMS 0x0000000705300000, 0x0000000705300000| Untracked 
|  42|0x0000000705400000, 0x0000000705500000, 0x0000000705500000|100%| O|  |TAMS 0x0000000705400000, 0x0000000705400000| Untracked 
|  43|0x0000000705500000, 0x0000000705600000, 0x0000000705600000|100%| O|  |TAMS 0x0000000705500000, 0x0000000705500000| Untracked 
|  44|0x0000000705600000, 0x0000000705700000, 0x0000000705700000|100%| O|  |TAMS 0x0000000705600000, 0x0000000705600000| Untracked 
|  45|0x0000000705700000, 0x00000007057a2c00, 0x0000000705800000| 63%| O|  |TAMS 0x0000000705700000, 0x0000000705700000| Untracked 
|  46|0x0000000705800000, 0x0000000705800000, 0x0000000705900000|  0%| F|  |TAMS 0x0000000705800000, 0x0000000705800000| Untracked 
|  47|0x0000000705900000, 0x0000000705900000, 0x0000000705a00000|  0%| F|  |TAMS 0x0000000705900000, 0x0000000705900000| Untracked 
|  48|0x0000000705a00000, 0x0000000705a00000, 0x0000000705b00000|  0%| F|  |TAMS 0x0000000705a00000, 0x0000000705a00000| Untracked 
|  49|0x0000000705b00000, 0x0000000705b00000, 0x0000000705c00000|  0%| F|  |TAMS 0x0000000705b00000, 0x0000000705b00000| Untracked 
|  50|0x0000000705c00000, 0x0000000705c00000, 0x0000000705d00000|  0%| F|  |TAMS 0x0000000705c00000, 0x0000000705c00000| Untracked 
|  51|0x0000000705d00000, 0x0000000705d00000, 0x0000000705e00000|  0%| F|  |TAMS 0x0000000705d00000, 0x0000000705d00000| Untracked 
|  52|0x0000000705e00000, 0x0000000705e00000, 0x0000000705f00000|  0%| F|  |TAMS 0x0000000705e00000, 0x0000000705e00000| Untracked 
|  53|0x0000000705f00000, 0x0000000705f00000, 0x0000000706000000|  0%| F|  |TAMS 0x0000000705f00000, 0x0000000705f00000| Untracked 
|  54|0x0000000706000000, 0x0000000706000000, 0x0000000706100000|  0%| F|  |TAMS 0x0000000706000000, 0x0000000706000000| Untracked 
|  55|0x0000000706100000, 0x0000000706100000, 0x0000000706200000|  0%| F|  |TAMS 0x0000000706100000, 0x0000000706100000| Untracked 
|  56|0x0000000706200000, 0x0000000706200000, 0x0000000706300000|  0%| F|  |TAMS 0x0000000706200000, 0x0000000706200000| Untracked 
|  57|0x0000000706300000, 0x0000000706300000, 0x0000000706400000|  0%| F|  |TAMS 0x0000000706300000, 0x0000000706300000| Untracked 
|  58|0x0000000706400000, 0x0000000706400000, 0x0000000706500000|  0%| F|  |TAMS 0x0000000706400000, 0x0000000706400000| Untracked 
|  59|0x0000000706500000, 0x0000000706500000, 0x0000000706600000|  0%| F|  |TAMS 0x0000000706500000, 0x0000000706500000| Untracked 
|  60|0x0000000706600000, 0x0000000706600000, 0x0000000706700000|  0%| F|  |TAMS 0x0000000706600000, 0x0000000706600000| Untracked 
|  61|0x0000000706700000, 0x0000000706700000, 0x0000000706800000|  0%| F|  |TAMS 0x0000000706700000, 0x0000000706700000| Untracked 
|  62|0x0000000706800000, 0x0000000706800000, 0x0000000706900000|  0%| F|  |TAMS 0x0000000706800000, 0x0000000706800000| Untracked 
|  63|0x0000000706900000, 0x0000000706900000, 0x0000000706a00000|  0%| F|  |TAMS 0x0000000706900000, 0x0000000706900000| Untracked 
|  64|0x0000000706a00000, 0x0000000706a00000, 0x0000000706b00000|  0%| F|  |TAMS 0x0000000706a00000, 0x0000000706a00000| Untracked 
|  65|0x0000000706b00000, 0x0000000706b00000, 0x0000000706c00000|  0%| F|  |TAMS 0x0000000706b00000, 0x0000000706b00000| Untracked 
|  66|0x0000000706c00000, 0x0000000706c00000, 0x0000000706d00000|  0%| F|  |TAMS 0x0000000706c00000, 0x0000000706c00000| Untracked 
|  67|0x0000000706d00000, 0x0000000706d00000, 0x0000000706e00000|  0%| F|  |TAMS 0x0000000706d00000, 0x0000000706d00000| Untracked 
|  68|0x0000000706e00000, 0x0000000706e00000, 0x0000000706f00000|  0%| F|  |TAMS 0x0000000706e00000, 0x0000000706e00000| Untracked 
|  69|0x0000000706f00000, 0x0000000706f00000, 0x0000000707000000|  0%| F|  |TAMS 0x0000000706f00000, 0x0000000706f00000| Untracked 
|  70|0x0000000707000000, 0x0000000707000000, 0x0000000707100000|  0%| F|  |TAMS 0x0000000707000000, 0x0000000707000000| Untracked 
|  71|0x0000000707100000, 0x0000000707100000, 0x0000000707200000|  0%| F|  |TAMS 0x0000000707100000, 0x0000000707100000| Untracked 
|  72|0x0000000707200000, 0x0000000707200000, 0x0000000707300000|  0%| F|  |TAMS 0x0000000707200000, 0x0000000707200000| Untracked 
|  73|0x0000000707300000, 0x0000000707300000, 0x0000000707400000|  0%| F|  |TAMS 0x0000000707300000, 0x0000000707300000| Untracked 
|  74|0x0000000707400000, 0x0000000707400000, 0x0000000707500000|  0%| F|  |TAMS 0x0000000707400000, 0x0000000707400000| Untracked 
|  75|0x0000000707500000, 0x0000000707500000, 0x0000000707600000|  0%| F|  |TAMS 0x0000000707500000, 0x0000000707500000| Untracked 
|  76|0x0000000707600000, 0x0000000707600000, 0x0000000707700000|  0%| F|  |TAMS 0x0000000707600000, 0x0000000707600000| Untracked 
|  77|0x0000000707700000, 0x0000000707700000, 0x0000000707800000|  0%| F|  |TAMS 0x0000000707700000, 0x0000000707700000| Untracked 
|  78|0x0000000707800000, 0x0000000707800000, 0x0000000707900000|  0%| F|  |TAMS 0x0000000707800000, 0x0000000707800000| Untracked 
|  79|0x0000000707900000, 0x0000000707900000, 0x0000000707a00000|  0%| F|  |TAMS 0x0000000707900000, 0x0000000707900000| Untracked 
|  80|0x0000000707a00000, 0x0000000707a00000, 0x0000000707b00000|  0%| F|  |TAMS 0x0000000707a00000, 0x0000000707a00000| Untracked 
|  81|0x0000000707b00000, 0x0000000707b00000, 0x0000000707c00000|  0%| F|  |TAMS 0x0000000707b00000, 0x0000000707b00000| Untracked 
|  82|0x0000000707c00000, 0x0000000707c00000, 0x0000000707d00000|  0%| F|  |TAMS 0x0000000707c00000, 0x0000000707c00000| Untracked 
|  83|0x0000000707d00000, 0x0000000707d00000, 0x0000000707e00000|  0%| F|  |TAMS 0x0000000707d00000, 0x0000000707d00000| Untracked 
|  84|0x0000000707e00000, 0x0000000707e00000, 0x0000000707f00000|  0%| F|  |TAMS 0x0000000707e00000, 0x0000000707e00000| Untracked 
|  85|0x0000000707f00000, 0x0000000707f00000, 0x0000000708000000|  0%| F|  |TAMS 0x0000000707f00000, 0x0000000707f00000| Untracked 
|  86|0x0000000708000000, 0x0000000708000000, 0x0000000708100000|  0%| F|  |TAMS 0x0000000708000000, 0x0000000708000000| Untracked 
|  87|0x0000000708100000, 0x0000000708100000, 0x0000000708200000|  0%| F|  |TAMS 0x0000000708100000, 0x0000000708100000| Untracked 
|  88|0x0000000708200000, 0x0000000708200000, 0x0000000708300000|  0%| F|  |TAMS 0x0000000708200000, 0x0000000708200000| Untracked 
|  89|0x0000000708300000, 0x0000000708300000, 0x0000000708400000|  0%| F|  |TAMS 0x0000000708300000, 0x0000000708300000| Untracked 
|  90|0x0000000708400000, 0x0000000708400000, 0x0000000708500000|  0%| F|  |TAMS 0x0000000708400000, 0x0000000708400000| Untracked 
|  91|0x0000000708500000, 0x0000000708500000, 0x0000000708600000|  0%| F|  |TAMS 0x0000000708500000, 0x0000000708500000| Untracked 
|  92|0x0000000708600000, 0x0000000708600000, 0x0000000708700000|  0%| F|  |TAMS 0x0000000708600000, 0x0000000708600000| Untracked 
|  93|0x0000000708700000, 0x0000000708700000, 0x0000000708800000|  0%| F|  |TAMS 0x0000000708700000, 0x0000000708700000| Untracked 
|  94|0x0000000708800000, 0x0000000708800000, 0x0000000708900000|  0%| F|  |TAMS 0x0000000708800000, 0x0000000708800000| Untracked 
|  95|0x0000000708900000, 0x0000000708900000, 0x0000000708a00000|  0%| F|  |TAMS 0x0000000708900000, 0x0000000708900000| Untracked 
|  96|0x0000000708a00000, 0x0000000708a00000, 0x0000000708b00000|  0%| F|  |TAMS 0x0000000708a00000, 0x0000000708a00000| Untracked 
|  97|0x0000000708b00000, 0x0000000708b00000, 0x0000000708c00000|  0%| F|  |TAMS 0x0000000708b00000, 0x0000000708b00000| Untracked 
|  98|0x0000000708c00000, 0x0000000708c00000, 0x0000000708d00000|  0%| F|  |TAMS 0x0000000708c00000, 0x0000000708c00000| Untracked 
|  99|0x0000000708d00000, 0x0000000708d00000, 0x0000000708e00000|  0%| F|  |TAMS 0x0000000708d00000, 0x0000000708d00000| Untracked 
| 100|0x0000000708e00000, 0x0000000708e00000, 0x0000000708f00000|  0%| F|  |TAMS 0x0000000708e00000, 0x0000000708e00000| Untracked 
| 101|0x0000000708f00000, 0x0000000708f00000, 0x0000000709000000|  0%| F|  |TAMS 0x0000000708f00000, 0x0000000708f00000| Untracked 
| 102|0x0000000709000000, 0x0000000709000000, 0x0000000709100000|  0%| F|  |TAMS 0x0000000709000000, 0x0000000709000000| Untracked 
| 103|0x0000000709100000, 0x0000000709100000, 0x0000000709200000|  0%| F|  |TAMS 0x0000000709100000, 0x0000000709100000| Untracked 
| 104|0x0000000709200000, 0x0000000709200000, 0x0000000709300000|  0%| F|  |TAMS 0x0000000709200000, 0x0000000709200000| Untracked 
| 105|0x0000000709300000, 0x0000000709300000, 0x0000000709400000|  0%| F|  |TAMS 0x0000000709300000, 0x0000000709300000| Untracked 
| 106|0x0000000709400000, 0x0000000709400000, 0x0000000709500000|  0%| F|  |TAMS 0x0000000709400000, 0x0000000709400000| Untracked 
| 107|0x0000000709500000, 0x0000000709500000, 0x0000000709600000|  0%| F|  |TAMS 0x0000000709500000, 0x0000000709500000| Untracked 
| 108|0x0000000709600000, 0x0000000709600000, 0x0000000709700000|  0%| F|  |TAMS 0x0000000709600000, 0x0000000709600000| Untracked 
| 109|0x0000000709700000, 0x0000000709700000, 0x0000000709800000|  0%| F|  |TAMS 0x0000000709700000, 0x0000000709700000| Untracked 
| 110|0x0000000709800000, 0x0000000709800000, 0x0000000709900000|  0%| F|  |TAMS 0x0000000709800000, 0x0000000709800000| Untracked 
| 111|0x0000000709900000, 0x0000000709900000, 0x0000000709a00000|  0%| F|  |TAMS 0x0000000709900000, 0x0000000709900000| Untracked 
| 112|0x0000000709a00000, 0x0000000709a00000, 0x0000000709b00000|  0%| F|  |TAMS 0x0000000709a00000, 0x0000000709a00000| Untracked 
| 113|0x0000000709b00000, 0x0000000709b00000, 0x0000000709c00000|  0%| F|  |TAMS 0x0000000709b00000, 0x0000000709b00000| Untracked 
| 114|0x0000000709c00000, 0x0000000709c00000, 0x0000000709d00000|  0%| F|  |TAMS 0x0000000709c00000, 0x0000000709c00000| Untracked 
| 115|0x0000000709d00000, 0x0000000709d00000, 0x0000000709e00000|  0%| F|  |TAMS 0x0000000709d00000, 0x0000000709d00000| Untracked 
| 116|0x0000000709e00000, 0x0000000709e00000, 0x0000000709f00000|  0%| F|  |TAMS 0x0000000709e00000, 0x0000000709e00000| Untracked 
| 117|0x0000000709f00000, 0x0000000709f00000, 0x000000070a000000|  0%| F|  |TAMS 0x0000000709f00000, 0x0000000709f00000| Untracked 
| 118|0x000000070a000000, 0x000000070a000000, 0x000000070a100000|  0%| F|  |TAMS 0x000000070a000000, 0x000000070a000000| Untracked 
| 119|0x000000070a100000, 0x000000070a100000, 0x000000070a200000|  0%| F|  |TAMS 0x000000070a100000, 0x000000070a100000| Untracked 
| 120|0x000000070a200000, 0x000000070a200000, 0x000000070a300000|  0%| F|  |TAMS 0x000000070a200000, 0x000000070a200000| Untracked 
| 121|0x000000070a300000, 0x000000070a300000, 0x000000070a400000|  0%| F|  |TAMS 0x000000070a300000, 0x000000070a300000| Untracked 
| 122|0x000000070a400000, 0x000000070a400000, 0x000000070a500000|  0%| F|  |TAMS 0x000000070a400000, 0x000000070a400000| Untracked 
| 123|0x000000070a500000, 0x000000070a500000, 0x000000070a600000|  0%| F|  |TAMS 0x000000070a500000, 0x000000070a500000| Untracked 
| 124|0x000000070a600000, 0x000000070a600000, 0x000000070a700000|  0%| F|  |TAMS 0x000000070a600000, 0x000000070a600000| Untracked 
| 125|0x000000070a700000, 0x000000070a700000, 0x000000070a800000|  0%| F|  |TAMS 0x000000070a700000, 0x000000070a700000| Untracked 
| 126|0x000000070a800000, 0x000000070a800000, 0x000000070a900000|  0%| F|  |TAMS 0x000000070a800000, 0x000000070a800000| Untracked 
| 127|0x000000070a900000, 0x000000070a900000, 0x000000070aa00000|  0%| F|  |TAMS 0x000000070a900000, 0x000000070a900000| Untracked 
| 128|0x000000070aa00000, 0x000000070aa00000, 0x000000070ab00000|  0%| F|  |TAMS 0x000000070aa00000, 0x000000070aa00000| Untracked 
| 129|0x000000070ab00000, 0x000000070ab00000, 0x000000070ac00000|  0%| F|  |TAMS 0x000000070ab00000, 0x000000070ab00000| Untracked 
| 130|0x000000070ac00000, 0x000000070ac00000, 0x000000070ad00000|  0%| F|  |TAMS 0x000000070ac00000, 0x000000070ac00000| Untracked 
| 131|0x000000070ad00000, 0x000000070ad00000, 0x000000070ae00000|  0%| F|  |TAMS 0x000000070ad00000, 0x000000070ad00000| Untracked 
| 132|0x000000070ae00000, 0x000000070ae00000, 0x000000070af00000|  0%| F|  |TAMS 0x000000070ae00000, 0x000000070ae00000| Untracked 
| 133|0x000000070af00000, 0x000000070af00000, 0x000000070b000000|  0%| F|  |TAMS 0x000000070af00000, 0x000000070af00000| Untracked 
| 134|0x000000070b000000, 0x000000070b000000, 0x000000070b100000|  0%| F|  |TAMS 0x000000070b000000, 0x000000070b000000| Untracked 
| 135|0x000000070b100000, 0x000000070b100000, 0x000000070b200000|  0%| F|  |TAMS 0x000000070b100000, 0x000000070b100000| Untracked 
| 136|0x000000070b200000, 0x000000070b200000, 0x000000070b300000|  0%| F|  |TAMS 0x000000070b200000, 0x000000070b200000| Untracked 
| 137|0x000000070b300000, 0x000000070b300000, 0x000000070b400000|  0%| F|  |TAMS 0x000000070b300000, 0x000000070b300000| Untracked 
| 138|0x000000070b400000, 0x000000070b400000, 0x000000070b500000|  0%| F|  |TAMS 0x000000070b400000, 0x000000070b400000| Untracked 
| 139|0x000000070b500000, 0x000000070b500000, 0x000000070b600000|  0%| F|  |TAMS 0x000000070b500000, 0x000000070b500000| Untracked 
| 140|0x000000070b600000, 0x000000070b600000, 0x000000070b700000|  0%| F|  |TAMS 0x000000070b600000, 0x000000070b600000| Untracked 
| 141|0x000000070b700000, 0x000000070b700000, 0x000000070b800000|  0%| F|  |TAMS 0x000000070b700000, 0x000000070b700000| Untracked 
| 142|0x000000070b800000, 0x000000070b800000, 0x000000070b900000|  0%| F|  |TAMS 0x000000070b800000, 0x000000070b800000| Untracked 
| 143|0x000000070b900000, 0x000000070b900000, 0x000000070ba00000|  0%| F|  |TAMS 0x000000070b900000, 0x000000070b900000| Untracked 
| 144|0x000000070ba00000, 0x000000070ba00000, 0x000000070bb00000|  0%| F|  |TAMS 0x000000070ba00000, 0x000000070ba00000| Untracked 
| 145|0x000000070bb00000, 0x000000070bb00000, 0x000000070bc00000|  0%| F|  |TAMS 0x000000070bb00000, 0x000000070bb00000| Untracked 
| 146|0x000000070bc00000, 0x000000070bd00000, 0x000000070bd00000|100%| S|CS|TAMS 0x000000070bc00000, 0x000000070bc00000| Complete 
| 147|0x000000070bd00000, 0x000000070be00000, 0x000000070be00000|100%| S|CS|TAMS 0x000000070bd00000, 0x000000070bd00000| Complete 
| 148|0x000000070be00000, 0x000000070bf00000, 0x000000070bf00000|100%| S|CS|TAMS 0x000000070be00000, 0x000000070be00000| Complete 
| 149|0x000000070bf00000, 0x000000070c000000, 0x000000070c000000|100%| S|CS|TAMS 0x000000070bf00000, 0x000000070bf00000| Complete 
| 150|0x000000070c000000, 0x000000070c100000, 0x000000070c100000|100%| S|CS|TAMS 0x000000070c000000, 0x000000070c000000| Complete 
| 151|0x000000070c100000, 0x000000070c200000, 0x000000070c200000|100%| S|CS|TAMS 0x000000070c100000, 0x000000070c100000| Complete 
| 152|0x000000070c200000, 0x000000070c300000, 0x000000070c300000|100%| S|CS|TAMS 0x000000070c200000, 0x000000070c200000| Complete 
| 153|0x000000070c300000, 0x000000070c400000, 0x000000070c400000|100%| S|CS|TAMS 0x000000070c300000, 0x000000070c300000| Complete 
| 154|0x000000070c400000, 0x000000070c500000, 0x000000070c500000|100%| S|CS|TAMS 0x000000070c400000, 0x000000070c400000| Complete 
| 155|0x000000070c500000, 0x000000070c600000, 0x000000070c600000|100%| S|CS|TAMS 0x000000070c500000, 0x000000070c500000| Complete 
| 156|0x000000070c600000, 0x000000070c700000, 0x000000070c700000|100%| S|CS|TAMS 0x000000070c600000, 0x000000070c600000| Complete 
| 157|0x000000070c700000, 0x000000070c800000, 0x000000070c800000|100%| S|CS|TAMS 0x000000070c700000, 0x000000070c700000| Complete 
| 158|0x000000070c800000, 0x000000070c900000, 0x000000070c900000|100%| S|CS|TAMS 0x000000070c800000, 0x000000070c800000| Complete 
| 159|0x000000070c900000, 0x000000070ca00000, 0x000000070ca00000|100%| S|CS|TAMS 0x000000070c900000, 0x000000070c900000| Complete 
| 160|0x000000070ca00000, 0x000000070cb00000, 0x000000070cb00000|100%| S|CS|TAMS 0x000000070ca00000, 0x000000070ca00000| Complete 
| 161|0x000000070cb00000, 0x000000070cc00000, 0x000000070cc00000|100%| S|CS|TAMS 0x000000070cb00000, 0x000000070cb00000| Complete 
| 162|0x000000070cc00000, 0x000000070cd00000, 0x000000070cd00000|100%| S|CS|TAMS 0x000000070cc00000, 0x000000070cc00000| Complete 
| 163|0x000000070cd00000, 0x000000070ce00000, 0x000000070ce00000|100%| S|CS|TAMS 0x000000070cd00000, 0x000000070cd00000| Complete 
| 164|0x000000070ce00000, 0x000000070cf00000, 0x000000070cf00000|100%| S|CS|TAMS 0x000000070ce00000, 0x000000070ce00000| Complete 
| 165|0x000000070cf00000, 0x000000070d000000, 0x000000070d000000|100%| S|CS|TAMS 0x000000070cf00000, 0x000000070cf00000| Complete 
| 166|0x000000070d000000, 0x000000070d000000, 0x000000070d100000|  0%| F|  |TAMS 0x000000070d000000, 0x000000070d000000| Untracked 
| 167|0x000000070d100000, 0x000000070d100000, 0x000000070d200000|  0%| F|  |TAMS 0x000000070d100000, 0x000000070d100000| Untracked 
| 168|0x000000070d200000, 0x000000070d200000, 0x000000070d300000|  0%| F|  |TAMS 0x000000070d200000, 0x000000070d200000| Untracked 
| 169|0x000000070d300000, 0x000000070d300000, 0x000000070d400000|  0%| F|  |TAMS 0x000000070d300000, 0x000000070d300000| Untracked 
| 170|0x000000070d400000, 0x000000070d400000, 0x000000070d500000|  0%| F|  |TAMS 0x000000070d400000, 0x000000070d400000| Untracked 
| 171|0x000000070d500000, 0x000000070d500000, 0x000000070d600000|  0%| F|  |TAMS 0x000000070d500000, 0x000000070d500000| Untracked 
| 172|0x000000070d600000, 0x000000070d600000, 0x000000070d700000|  0%| F|  |TAMS 0x000000070d600000, 0x000000070d600000| Untracked 
| 173|0x000000070d700000, 0x000000070d700000, 0x000000070d800000|  0%| F|  |TAMS 0x000000070d700000, 0x000000070d700000| Untracked 
| 174|0x000000070d800000, 0x000000070d800000, 0x000000070d900000|  0%| F|  |TAMS 0x000000070d800000, 0x000000070d800000| Untracked 
| 175|0x000000070d900000, 0x000000070d980800, 0x000000070da00000| 50%| E|  |TAMS 0x000000070d900000, 0x000000070d900000| Complete 
| 176|0x000000070da00000, 0x000000070db00000, 0x000000070db00000|100%| E|CS|TAMS 0x000000070da00000, 0x000000070da00000| Complete 
| 177|0x000000070db00000, 0x000000070dc00000, 0x000000070dc00000|100%| E|CS|TAMS 0x000000070db00000, 0x000000070db00000| Complete 
| 178|0x000000070dc00000, 0x000000070dd00000, 0x000000070dd00000|100%| E|CS|TAMS 0x000000070dc00000, 0x000000070dc00000| Complete 
| 179|0x000000070dd00000, 0x000000070de00000, 0x000000070de00000|100%| E|CS|TAMS 0x000000070dd00000, 0x000000070dd00000| Complete 
| 180|0x000000070de00000, 0x000000070df00000, 0x000000070df00000|100%| E|CS|TAMS 0x000000070de00000, 0x000000070de00000| Complete 
| 181|0x000000070df00000, 0x000000070e000000, 0x000000070e000000|100%| E|CS|TAMS 0x000000070df00000, 0x000000070df00000| Complete 
| 182|0x000000070e000000, 0x000000070e100000, 0x000000070e100000|100%| E|CS|TAMS 0x000000070e000000, 0x000000070e000000| Complete 
| 183|0x000000070e100000, 0x000000070e200000, 0x000000070e200000|100%| E|CS|TAMS 0x000000070e100000, 0x000000070e100000| Complete 
| 184|0x000000070e200000, 0x000000070e300000, 0x000000070e300000|100%| E|CS|TAMS 0x000000070e200000, 0x000000070e200000| Complete 
| 185|0x000000070e300000, 0x000000070e400000, 0x000000070e400000|100%| E|CS|TAMS 0x000000070e300000, 0x000000070e300000| Complete 
| 186|0x000000070e400000, 0x000000070e500000, 0x000000070e500000|100%| E|CS|TAMS 0x000000070e400000, 0x000000070e400000| Complete 
| 187|0x000000070e500000, 0x000000070e600000, 0x000000070e600000|100%| E|CS|TAMS 0x000000070e500000, 0x000000070e500000| Complete 
| 188|0x000000070e600000, 0x000000070e700000, 0x000000070e700000|100%| E|CS|TAMS 0x000000070e600000, 0x000000070e600000| Complete 
| 189|0x000000070e700000, 0x000000070e800000, 0x000000070e800000|100%| E|CS|TAMS 0x000000070e700000, 0x000000070e700000| Complete 
| 190|0x000000070e800000, 0x000000070e900000, 0x000000070e900000|100%| E|CS|TAMS 0x000000070e800000, 0x000000070e800000| Complete 
| 191|0x000000070e900000, 0x000000070ea00000, 0x000000070ea00000|100%| E|CS|TAMS 0x000000070e900000, 0x000000070e900000| Complete 
| 192|0x000000070ea00000, 0x000000070eb00000, 0x000000070eb00000|100%| E|CS|TAMS 0x000000070ea00000, 0x000000070ea00000| Complete 
| 193|0x000000070eb00000, 0x000000070ec00000, 0x000000070ec00000|100%| E|CS|TAMS 0x000000070eb00000, 0x000000070eb00000| Complete 
| 194|0x000000070ec00000, 0x000000070ed00000, 0x000000070ed00000|100%| E|CS|TAMS 0x000000070ec00000, 0x000000070ec00000| Complete 
| 195|0x000000070ed00000, 0x000000070ee00000, 0x000000070ee00000|100%| E|CS|TAMS 0x000000070ed00000, 0x000000070ed00000| Complete 
| 196|0x000000070ee00000, 0x000000070ef00000, 0x000000070ef00000|100%| E|CS|TAMS 0x000000070ee00000, 0x000000070ee00000| Complete 
| 197|0x000000070ef00000, 0x000000070f000000, 0x000000070f000000|100%| E|CS|TAMS 0x000000070ef00000, 0x000000070ef00000| Complete 
| 198|0x000000070f000000, 0x000000070f100000, 0x000000070f100000|100%| E|CS|TAMS 0x000000070f000000, 0x000000070f000000| Complete 
| 199|0x000000070f100000, 0x000000070f200000, 0x000000070f200000|100%| E|CS|TAMS 0x000000070f100000, 0x000000070f100000| Complete 
| 200|0x000000070f200000, 0x000000070f300000, 0x000000070f300000|100%| E|CS|TAMS 0x000000070f200000, 0x000000070f200000| Complete 
| 201|0x000000070f300000, 0x000000070f400000, 0x000000070f400000|100%| E|CS|TAMS 0x000000070f300000, 0x000000070f300000| Complete 
| 202|0x000000070f400000, 0x000000070f500000, 0x000000070f500000|100%| E|CS|TAMS 0x000000070f400000, 0x000000070f400000| Complete 
| 203|0x000000070f500000, 0x000000070f600000, 0x000000070f600000|100%| E|CS|TAMS 0x000000070f500000, 0x000000070f500000| Complete 
| 204|0x000000070f600000, 0x000000070f700000, 0x000000070f700000|100%| E|CS|TAMS 0x000000070f600000, 0x000000070f600000| Complete 
| 205|0x000000070f700000, 0x000000070f800000, 0x000000070f800000|100%| E|CS|TAMS 0x000000070f700000, 0x000000070f700000| Complete 
| 206|0x000000070f800000, 0x000000070f900000, 0x000000070f900000|100%| E|CS|TAMS 0x000000070f800000, 0x000000070f800000| Complete 
| 207|0x000000070f900000, 0x000000070fa00000, 0x000000070fa00000|100%| E|CS|TAMS 0x000000070f900000, 0x000000070f900000| Complete 
| 208|0x000000070fa00000, 0x000000070fb00000, 0x000000070fb00000|100%| E|CS|TAMS 0x000000070fa00000, 0x000000070fa00000| Complete 
| 209|0x000000070fb00000, 0x000000070fc00000, 0x000000070fc00000|100%| E|CS|TAMS 0x000000070fb00000, 0x000000070fb00000| Complete 
| 210|0x000000070fc00000, 0x000000070fd00000, 0x000000070fd00000|100%| E|CS|TAMS 0x000000070fc00000, 0x000000070fc00000| Complete 
| 211|0x000000070fd00000, 0x000000070fe00000, 0x000000070fe00000|100%| E|CS|TAMS 0x000000070fd00000, 0x000000070fd00000| Complete 
| 212|0x000000070fe00000, 0x000000070ff00000, 0x000000070ff00000|100%| E|CS|TAMS 0x000000070fe00000, 0x000000070fe00000| Complete 
| 213|0x000000070ff00000, 0x0000000710000000, 0x0000000710000000|100%| E|CS|TAMS 0x000000070ff00000, 0x000000070ff00000| Complete 
| 214|0x0000000710000000, 0x0000000710100000, 0x0000000710100000|100%| E|CS|TAMS 0x0000000710000000, 0x0000000710000000| Complete 
| 215|0x0000000710100000, 0x0000000710200000, 0x0000000710200000|100%| E|CS|TAMS 0x0000000710100000, 0x0000000710100000| Complete 
| 216|0x0000000710200000, 0x0000000710300000, 0x0000000710300000|100%| E|CS|TAMS 0x0000000710200000, 0x0000000710200000| Complete 
| 217|0x0000000710300000, 0x0000000710400000, 0x0000000710400000|100%| E|CS|TAMS 0x0000000710300000, 0x0000000710300000| Complete 
| 218|0x0000000710400000, 0x0000000710500000, 0x0000000710500000|100%| E|CS|TAMS 0x0000000710400000, 0x0000000710400000| Complete 
| 219|0x0000000710500000, 0x0000000710600000, 0x0000000710600000|100%| E|CS|TAMS 0x0000000710500000, 0x0000000710500000| Complete 
| 220|0x0000000710600000, 0x0000000710700000, 0x0000000710700000|100%| E|CS|TAMS 0x0000000710600000, 0x0000000710600000| Complete 
| 221|0x0000000710700000, 0x0000000710800000, 0x0000000710800000|100%| E|CS|TAMS 0x0000000710700000, 0x0000000710700000| Complete 
| 222|0x0000000710800000, 0x0000000710900000, 0x0000000710900000|100%| E|CS|TAMS 0x0000000710800000, 0x0000000710800000| Complete 
| 223|0x0000000710900000, 0x0000000710a00000, 0x0000000710a00000|100%| E|CS|TAMS 0x0000000710900000, 0x0000000710900000| Complete 
| 224|0x0000000710a00000, 0x0000000710b00000, 0x0000000710b00000|100%| E|CS|TAMS 0x0000000710a00000, 0x0000000710a00000| Complete 
| 225|0x0000000710b00000, 0x0000000710c00000, 0x0000000710c00000|100%| E|CS|TAMS 0x0000000710b00000, 0x0000000710b00000| Complete 
| 226|0x0000000710c00000, 0x0000000710d00000, 0x0000000710d00000|100%| E|CS|TAMS 0x0000000710c00000, 0x0000000710c00000| Complete 
| 227|0x0000000710d00000, 0x0000000710e00000, 0x0000000710e00000|100%| E|CS|TAMS 0x0000000710d00000, 0x0000000710d00000| Complete 
| 228|0x0000000710e00000, 0x0000000710f00000, 0x0000000710f00000|100%| E|CS|TAMS 0x0000000710e00000, 0x0000000710e00000| Complete 
| 229|0x0000000710f00000, 0x0000000711000000, 0x0000000711000000|100%| E|CS|TAMS 0x0000000710f00000, 0x0000000710f00000| Complete 
| 230|0x0000000711000000, 0x0000000711100000, 0x0000000711100000|100%| E|CS|TAMS 0x0000000711000000, 0x0000000711000000| Complete 
| 231|0x0000000711100000, 0x0000000711200000, 0x0000000711200000|100%| E|CS|TAMS 0x0000000711100000, 0x0000000711100000| Complete 
| 232|0x0000000711200000, 0x0000000711300000, 0x0000000711300000|100%| E|CS|TAMS 0x0000000711200000, 0x0000000711200000| Complete 
| 233|0x0000000711300000, 0x0000000711400000, 0x0000000711400000|100%| E|CS|TAMS 0x0000000711300000, 0x0000000711300000| Complete 
| 234|0x0000000711400000, 0x0000000711500000, 0x0000000711500000|100%| E|CS|TAMS 0x0000000711400000, 0x0000000711400000| Complete 
| 235|0x0000000711500000, 0x0000000711600000, 0x0000000711600000|100%| E|CS|TAMS 0x0000000711500000, 0x0000000711500000| Complete 
| 236|0x0000000711600000, 0x0000000711700000, 0x0000000711700000|100%| E|CS|TAMS 0x0000000711600000, 0x0000000711600000| Complete 
| 237|0x0000000711700000, 0x0000000711800000, 0x0000000711800000|100%| E|CS|TAMS 0x0000000711700000, 0x0000000711700000| Complete 
| 238|0x0000000711800000, 0x0000000711900000, 0x0000000711900000|100%| E|CS|TAMS 0x0000000711800000, 0x0000000711800000| Complete 
| 239|0x0000000711900000, 0x0000000711a00000, 0x0000000711a00000|100%| E|CS|TAMS 0x0000000711900000, 0x0000000711900000| Complete 
| 240|0x0000000711a00000, 0x0000000711b00000, 0x0000000711b00000|100%| E|CS|TAMS 0x0000000711a00000, 0x0000000711a00000| Complete 
| 241|0x0000000711b00000, 0x0000000711c00000, 0x0000000711c00000|100%| E|CS|TAMS 0x0000000711b00000, 0x0000000711b00000| Complete 
| 242|0x0000000711c00000, 0x0000000711d00000, 0x0000000711d00000|100%| E|CS|TAMS 0x0000000711c00000, 0x0000000711c00000| Complete 
| 243|0x0000000711d00000, 0x0000000711e00000, 0x0000000711e00000|100%| E|CS|TAMS 0x0000000711d00000, 0x0000000711d00000| Complete 
| 244|0x0000000711e00000, 0x0000000711f00000, 0x0000000711f00000|100%| E|CS|TAMS 0x0000000711e00000, 0x0000000711e00000| Complete 
| 245|0x0000000711f00000, 0x0000000712000000, 0x0000000712000000|100%| E|CS|TAMS 0x0000000711f00000, 0x0000000711f00000| Complete 
| 246|0x0000000712000000, 0x0000000712100000, 0x0000000712100000|100%| E|CS|TAMS 0x0000000712000000, 0x0000000712000000| Complete 
| 247|0x0000000712100000, 0x0000000712200000, 0x0000000712200000|100%| E|CS|TAMS 0x0000000712100000, 0x0000000712100000| Complete 
| 248|0x0000000712200000, 0x0000000712300000, 0x0000000712300000|100%| E|CS|TAMS 0x0000000712200000, 0x0000000712200000| Complete 
| 249|0x0000000712300000, 0x0000000712400000, 0x0000000712400000|100%| E|CS|TAMS 0x0000000712300000, 0x0000000712300000| Complete 
| 250|0x0000000712400000, 0x0000000712500000, 0x0000000712500000|100%| E|CS|TAMS 0x0000000712400000, 0x0000000712400000| Complete 
| 251|0x0000000712500000, 0x0000000712600000, 0x0000000712600000|100%| E|CS|TAMS 0x0000000712500000, 0x0000000712500000| Complete 
| 252|0x0000000712600000, 0x0000000712700000, 0x0000000712700000|100%| E|CS|TAMS 0x0000000712600000, 0x0000000712600000| Complete 
| 253|0x0000000712700000, 0x0000000712800000, 0x0000000712800000|100%| E|CS|TAMS 0x0000000712700000, 0x0000000712700000| Complete 
| 254|0x0000000712800000, 0x0000000712900000, 0x0000000712900000|100%| E|CS|TAMS 0x0000000712800000, 0x0000000712800000| Complete 
| 255|0x0000000712900000, 0x0000000712a00000, 0x0000000712a00000|100%| E|CS|TAMS 0x0000000712900000, 0x0000000712900000| Complete 
| 256|0x0000000712a00000, 0x0000000712b00000, 0x0000000712b00000|100%| E|CS|TAMS 0x0000000712a00000, 0x0000000712a00000| Complete 
| 257|0x0000000712b00000, 0x0000000712c00000, 0x0000000712c00000|100%| E|CS|TAMS 0x0000000712b00000, 0x0000000712b00000| Complete 
| 258|0x0000000712c00000, 0x0000000712d00000, 0x0000000712d00000|100%| E|CS|TAMS 0x0000000712c00000, 0x0000000712c00000| Complete 
| 259|0x0000000712d00000, 0x0000000712e00000, 0x0000000712e00000|100%| E|CS|TAMS 0x0000000712d00000, 0x0000000712d00000| Complete 
| 260|0x0000000712e00000, 0x0000000712f00000, 0x0000000712f00000|100%| E|CS|TAMS 0x0000000712e00000, 0x0000000712e00000| Complete 
| 261|0x0000000712f00000, 0x0000000713000000, 0x0000000713000000|100%| E|CS|TAMS 0x0000000712f00000, 0x0000000712f00000| Complete 
| 262|0x0000000713000000, 0x0000000713100000, 0x0000000713100000|100%| E|CS|TAMS 0x0000000713000000, 0x0000000713000000| Complete 
| 263|0x0000000713100000, 0x0000000713200000, 0x0000000713200000|100%| E|CS|TAMS 0x0000000713100000, 0x0000000713100000| Complete 
| 264|0x0000000713200000, 0x0000000713300000, 0x0000000713300000|100%| E|CS|TAMS 0x0000000713200000, 0x0000000713200000| Complete 
| 265|0x0000000713300000, 0x0000000713400000, 0x0000000713400000|100%| E|CS|TAMS 0x0000000713300000, 0x0000000713300000| Complete 
| 266|0x0000000713400000, 0x0000000713500000, 0x0000000713500000|100%| E|CS|TAMS 0x0000000713400000, 0x0000000713400000| Complete 
| 267|0x0000000713500000, 0x0000000713600000, 0x0000000713600000|100%| E|CS|TAMS 0x0000000713500000, 0x0000000713500000| Complete 
| 268|0x0000000713600000, 0x0000000713700000, 0x0000000713700000|100%| E|CS|TAMS 0x0000000713600000, 0x0000000713600000| Complete 
| 269|0x0000000713700000, 0x0000000713800000, 0x0000000713800000|100%| E|CS|TAMS 0x0000000713700000, 0x0000000713700000| Complete 
| 270|0x0000000713800000, 0x0000000713900000, 0x0000000713900000|100%| E|CS|TAMS 0x0000000713800000, 0x0000000713800000| Complete 
| 271|0x0000000713900000, 0x0000000713a00000, 0x0000000713a00000|100%| E|CS|TAMS 0x0000000713900000, 0x0000000713900000| Complete 
| 272|0x0000000713a00000, 0x0000000713b00000, 0x0000000713b00000|100%| E|CS|TAMS 0x0000000713a00000, 0x0000000713a00000| Complete 
| 273|0x0000000713b00000, 0x0000000713c00000, 0x0000000713c00000|100%| E|CS|TAMS 0x0000000713b00000, 0x0000000713b00000| Complete 
| 274|0x0000000713c00000, 0x0000000713d00000, 0x0000000713d00000|100%| E|CS|TAMS 0x0000000713c00000, 0x0000000713c00000| Complete 
| 275|0x0000000713d00000, 0x0000000713e00000, 0x0000000713e00000|100%| E|CS|TAMS 0x0000000713d00000, 0x0000000713d00000| Complete 
| 276|0x0000000713e00000, 0x0000000713f00000, 0x0000000713f00000|100%| E|CS|TAMS 0x0000000713e00000, 0x0000000713e00000| Complete 
| 277|0x0000000713f00000, 0x0000000714000000, 0x0000000714000000|100%| E|CS|TAMS 0x0000000713f00000, 0x0000000713f00000| Complete 
| 278|0x0000000714000000, 0x0000000714100000, 0x0000000714100000|100%| E|CS|TAMS 0x0000000714000000, 0x0000000714000000| Complete 
| 279|0x0000000714100000, 0x0000000714200000, 0x0000000714200000|100%| E|CS|TAMS 0x0000000714100000, 0x0000000714100000| Complete 
| 280|0x0000000714200000, 0x0000000714300000, 0x0000000714300000|100%| E|CS|TAMS 0x0000000714200000, 0x0000000714200000| Complete 
| 281|0x0000000714300000, 0x0000000714400000, 0x0000000714400000|100%| E|CS|TAMS 0x0000000714300000, 0x0000000714300000| Complete 
| 282|0x0000000714400000, 0x0000000714500000, 0x0000000714500000|100%| E|CS|TAMS 0x0000000714400000, 0x0000000714400000| Complete 
| 283|0x0000000714500000, 0x0000000714600000, 0x0000000714600000|100%| E|CS|TAMS 0x0000000714500000, 0x0000000714500000| Complete 
| 284|0x0000000714600000, 0x0000000714700000, 0x0000000714700000|100%| E|CS|TAMS 0x0000000714600000, 0x0000000714600000| Complete 
| 285|0x0000000714700000, 0x0000000714800000, 0x0000000714800000|100%| E|CS|TAMS 0x0000000714700000, 0x0000000714700000| Complete 
| 286|0x0000000714800000, 0x0000000714900000, 0x0000000714900000|100%| E|CS|TAMS 0x0000000714800000, 0x0000000714800000| Complete 
| 287|0x0000000714900000, 0x0000000714a00000, 0x0000000714a00000|100%| E|CS|TAMS 0x0000000714900000, 0x0000000714900000| Complete 
| 288|0x0000000714a00000, 0x0000000714b00000, 0x0000000714b00000|100%| E|CS|TAMS 0x0000000714a00000, 0x0000000714a00000| Complete 
| 289|0x0000000714b00000, 0x0000000714c00000, 0x0000000714c00000|100%| E|CS|TAMS 0x0000000714b00000, 0x0000000714b00000| Complete 
| 290|0x0000000714c00000, 0x0000000714d00000, 0x0000000714d00000|100%| E|CS|TAMS 0x0000000714c00000, 0x0000000714c00000| Complete 
| 291|0x0000000714d00000, 0x0000000714e00000, 0x0000000714e00000|100%| E|CS|TAMS 0x0000000714d00000, 0x0000000714d00000| Complete 
| 292|0x0000000714e00000, 0x0000000714f00000, 0x0000000714f00000|100%| E|CS|TAMS 0x0000000714e00000, 0x0000000714e00000| Complete 
| 293|0x0000000714f00000, 0x0000000715000000, 0x0000000715000000|100%| E|CS|TAMS 0x0000000714f00000, 0x0000000714f00000| Complete 
| 294|0x0000000715000000, 0x0000000715100000, 0x0000000715100000|100%| E|CS|TAMS 0x0000000715000000, 0x0000000715000000| Complete 
| 295|0x0000000715100000, 0x0000000715200000, 0x0000000715200000|100%| E|CS|TAMS 0x0000000715100000, 0x0000000715100000| Complete 
| 296|0x0000000715200000, 0x0000000715300000, 0x0000000715300000|100%| E|CS|TAMS 0x0000000715200000, 0x0000000715200000| Complete 
| 297|0x0000000715300000, 0x0000000715400000, 0x0000000715400000|100%| E|CS|TAMS 0x0000000715300000, 0x0000000715300000| Complete 
| 298|0x0000000715400000, 0x0000000715500000, 0x0000000715500000|100%| E|CS|TAMS 0x0000000715400000, 0x0000000715400000| Complete 
| 299|0x0000000715500000, 0x0000000715600000, 0x0000000715600000|100%| E|CS|TAMS 0x0000000715500000, 0x0000000715500000| Complete 
| 300|0x0000000715600000, 0x0000000715700000, 0x0000000715700000|100%| E|CS|TAMS 0x0000000715600000, 0x0000000715600000| Complete 
| 301|0x0000000715700000, 0x0000000715800000, 0x0000000715800000|100%| E|CS|TAMS 0x0000000715700000, 0x0000000715700000| Complete 
| 302|0x0000000715800000, 0x0000000715900000, 0x0000000715900000|100%| E|CS|TAMS 0x0000000715800000, 0x0000000715800000| Complete 
| 303|0x0000000715900000, 0x0000000715a00000, 0x0000000715a00000|100%| E|CS|TAMS 0x0000000715900000, 0x0000000715900000| Complete 
| 304|0x0000000715a00000, 0x0000000715b00000, 0x0000000715b00000|100%| E|CS|TAMS 0x0000000715a00000, 0x0000000715a00000| Complete 

Card table byte_map: [0x000002bfe6ff0000,0x000002bfe77e0000] _byte_map_base: 0x000002bfe37db000

Marking Bits (Prev, Next): (CMBitMap*) 0x000002bfd37f4d70, (CMBitMap*) 0x000002bfd37f4d38
 Prev Bits: [0x000002bfebf30000, 0x000002bfefe88000)
 Next Bits: [0x000002bfe7fd0000, 0x000002bfebf28000)

Polling page: 0x000002bfd2f60000

Metaspace:

Usage:
  Non-class:     76.17 MB capacity,    75.65 MB (>99%) used,   375.12 KB ( <1%) free+waste,   149.62 KB ( <1%) overhead. 
      Class:      9.60 MB capacity,     9.18 MB ( 96%) used,   364.70 KB (  4%) free+waste,    64.25 KB ( <1%) overhead. 
       Both:     85.76 MB capacity,    84.83 MB ( 99%) used,   739.83 KB ( <1%) free+waste,   213.88 KB ( <1%) overhead. 

Virtual space:
  Non-class space:       78.00 MB reserved,      76.33 MB ( 98%) committed 
      Class space:        1.00 GB reserved,       9.62 MB ( <1%) committed 
             Both:        1.08 GB reserved,      85.95 MB (  8%) committed 

Chunk freelists:
   Non-Class:  39.00 KB
       Class:  28.00 KB
        Both:  67.00 KB

MaxMetaspaceSize: 17179869184.00 GB
CompressedClassSpaceSize: 1.00 GB
Initial GC threshold: 20.80 MB
Current GC threshold: 98.46 MB
CDS: off

CodeHeap 'non-profiled nmethods': size=120000Kb used=6498Kb max_used=6498Kb free=113502Kb
 bounds [0x000002bfded80000, 0x000002bfdf3e0000, 0x000002bfe62b0000]
CodeHeap 'profiled nmethods': size=120000Kb used=38352Kb max_used=38352Kb free=81647Kb
 bounds [0x000002bfd7850000, 0x000002bfd9dd0000, 0x000002bfded80000]
CodeHeap 'non-nmethods': size=5760Kb used=1427Kb max_used=1466Kb free=4333Kb
 bounds [0x000002bfd72b0000, 0x000002bfd7520000, 0x000002bfd7850000]
 total_blobs=13455 nmethods=12725 adapters=638
 compilation: enabled
              stopped_count=0, restarted_count=0
 full_count=0

Compilation events (20 events):
Event: 27.062 Thread 0x000002bff354d800 12972       3       org.jetbrains.kotlin.codegen.coroutines.UnitSourceInterpreter::merge (177 bytes)
Event: 27.068 Thread 0x000002bff354d800 nmethod 12972 0x000002bfd9d6fa90 code [0x000002bfd9d6ff40, 0x000002bfd9d726c8]
Event: 27.068 Thread 0x000002bff354d800 12974       1       kotlin.sequences.MergingSequence::access$getTransform$p (5 bytes)
Event: 27.068 Thread 0x000002bff354d800 nmethod 12974 0x000002bfdf3d1c90 code [0x000002bfdf3d1e40, 0x000002bfdf3d1ed8]
Event: 27.069 Thread 0x000002bff354d800 12975       3       kotlin.sequences.MergingSequence$iterator$1::hasNext (30 bytes)
Event: 27.069 Thread 0x000002bff354d800 nmethod 12975 0x000002bfd9d73110 code [0x000002bfd9d732e0, 0x000002bfd9d73618]
Event: 27.069 Thread 0x000002bff354d800 12976       3       kotlin.sequences.MergingSequence$iterator$1::next (31 bytes)
Event: 27.069 Thread 0x000002bff354d800 nmethod 12976 0x000002bfd9d73710 code [0x000002bfd9d73900, 0x000002bfd9d73ca8]
Event: 27.070 Thread 0x000002bff354d800 12949       3       org.jetbrains.kotlin.types.KotlinTypeFactory::simpleTypeWithNonTrivialMemberScope (93 bytes)
Event: 27.074 Thread 0x000002bff354d800 nmethod 12949 0x000002bfd9d73e10 code [0x000002bfd9d742e0, 0x000002bfd9d766f8]
Event: 27.074 Thread 0x000002bff354d800 12978       3       org.jetbrains.kotlin.codegen.optimization.common.FastMethodAnalyzer::initLocals$backend (191 bytes)
Event: 27.078 Thread 0x000002bff354d800 nmethod 12978 0x000002bfd9d77390 code [0x000002bfd9d77760, 0x000002bfd9d791d8]
Event: 27.078 Thread 0x000002bff354d800 12979       3       org.jetbrains.kotlin.codegen.coroutines.IntLikeCoerceInterpreter::merge (16 bytes)
Event: 27.079 Thread 0x000002bff354d800 nmethod 12979 0x000002bfd9d79b90 code [0x000002bfd9d79d60, 0x000002bfd9d7a088]
Event: 27.079 Thread 0x000002bff354d800 12982       3       org.jetbrains.kotlin.codegen.coroutines.NullCheckcastAwareOptimizationBasicInterpreter::merge (16 bytes)
Event: 27.079 Thread 0x000002bff354d800 nmethod 12982 0x000002bfd9d7a190 code [0x000002bfd9d7a360, 0x000002bfd9d7a688]
Event: 27.079 Thread 0x000002bff354d800 12983       3       org.jetbrains.kotlin.codegen.coroutines.NullCheckcastAwareOptimizationBasicInterpreter::merge (130 bytes)
Event: 27.082 Thread 0x000002bff354d800 nmethod 12983 0x000002bfd9d7a790 code [0x000002bfd9d7ab20, 0x000002bfd9d7c3a8]
Event: 27.082 Thread 0x000002bff354d800 12980       3       org.jetbrains.kotlin.codegen.coroutines.IntLikeCoerceInterpreter::merge (247 bytes)
Event: 27.087 Thread 0x000002bff354d800 nmethod 12980 0x000002bfd9d7c910 code [0x000002bfd9d7ce00, 0x000002bfd9d7fb78]

GC Heap History (14 events):
Event: 1.576 GC heap before
{Heap before GC invocations=0 (full 0):
 garbage-first heap   total 260096K, used 27648K [0x0000000702a00000, 0x0000000800000000)
  region size 1024K, 24 young (24576K), 0 survivors (0K)
 Metaspace       used 12526K, capacity 12689K, committed 12800K, reserved 1060864K
  class space    used 1128K, capacity 1182K, committed 1280K, reserved 1048576K
}
Event: 1.583 GC heap after
{Heap after GC invocations=1 (full 0):
 garbage-first heap   total 260096K, used 6314K [0x0000000702a00000, 0x0000000800000000)
  region size 1024K, 3 young (3072K), 3 survivors (3072K)
 Metaspace       used 12526K, capacity 12689K, committed 12800K, reserved 1060864K
  class space    used 1128K, capacity 1182K, committed 1280K, reserved 1048576K
}
Event: 3.245 GC heap before
{Heap before GC invocations=1 (full 0):
 garbage-first heap   total 260096K, used 43178K [0x0000000702a00000, 0x0000000800000000)
  region size 1024K, 40 young (40960K), 3 survivors (3072K)
 Metaspace       used 20836K, capacity 21083K, committed 21296K, reserved 1069056K
  class space    used 2196K, capacity 2307K, committed 2432K, reserved 1048576K
}
Event: 3.274 GC heap after
{Heap after GC invocations=2 (full 0):
 garbage-first heap   total 260096K, used 10067K [0x0000000702a00000, 0x0000000800000000)
  region size 1024K, 7 young (7168K), 7 survivors (7168K)
 Metaspace       used 20836K, capacity 21083K, committed 21296K, reserved 1069056K
  class space    used 2196K, capacity 2307K, committed 2432K, reserved 1048576K
}
Event: 5.407 GC heap before
{Heap before GC invocations=3 (full 0):
 garbage-first heap   total 260096K, used 64339K [0x0000000702a00000, 0x0000000800000000)
  region size 1024K, 55 young (56320K), 7 survivors (7168K)
 Metaspace       used 31737K, capacity 32188K, committed 32304K, reserved 1077248K
  class space    used 3788K, capacity 3964K, committed 3968K, reserved 1048576K
}
Event: 5.435 GC heap after
{Heap after GC invocations=4 (full 0):
 garbage-first heap   total 260096K, used 20566K [0x0000000702a00000, 0x0000000800000000)
  region size 1024K, 7 young (7168K), 7 survivors (7168K)
 Metaspace       used 31737K, capacity 32188K, committed 32304K, reserved 1077248K
  class space    used 3788K, capacity 3964K, committed 3968K, reserved 1048576K
}
Event: 6.162 GC heap before
{Heap before GC invocations=4 (full 0):
 garbage-first heap   total 260096K, used 37974K [0x0000000702a00000, 0x0000000800000000)
  region size 1024K, 25 young (25600K), 7 survivors (7168K)
 Metaspace       used 35372K, capacity 35814K, committed 35920K, reserved 1081344K
  class space    used 4392K, capacity 4575K, committed 4608K, reserved 1048576K
}
Event: 6.181 GC heap after
{Heap after GC invocations=5 (full 0):
 garbage-first heap   total 260096K, used 23763K [0x0000000702a00000, 0x0000000800000000)
  region size 1024K, 8 young (8192K), 8 survivors (8192K)
 Metaspace       used 35372K, capacity 35814K, committed 35920K, reserved 1081344K
  class space    used 4392K, capacity 4575K, committed 4608K, reserved 1048576K
}
Event: 8.593 GC heap before
{Heap before GC invocations=6 (full 0):
 garbage-first heap   total 260096K, used 81107K [0x0000000702a00000, 0x0000000800000000)
  region size 1024K, 64 young (65536K), 8 survivors (8192K)
 Metaspace       used 47198K, capacity 47699K, committed 47952K, reserved 1091584K
  class space    used 5608K, capacity 5822K, committed 5888K, reserved 1048576K
}
Event: 8.613 GC heap after
{Heap after GC invocations=7 (full 0):
 garbage-first heap   total 260096K, used 26894K [0x0000000702a00000, 0x0000000800000000)
  region size 1024K, 8 young (8192K), 8 survivors (8192K)
 Metaspace       used 47198K, capacity 47699K, committed 47952K, reserved 1091584K
  class space    used 5608K, capacity 5822K, committed 5888K, reserved 1048576K
}
Event: 14.181 GC heap before
{Heap before GC invocations=7 (full 0):
 garbage-first heap   total 260096K, used 171278K [0x0000000702a00000, 0x0000000800000000)
  region size 1024K, 147 young (150528K), 8 survivors (8192K)
 Metaspace       used 59594K, capacity 60192K, committed 60240K, reserved 1101824K
  class space    used 6872K, capacity 7140K, committed 7168K, reserved 1048576K
}
Event: 14.378 GC heap after
{Heap after GC invocations=8 (full 0):
 garbage-first heap   total 312320K, used 45418K [0x0000000702a00000, 0x0000000800000000)
  region size 1024K, 19 young (19456K), 19 survivors (19456K)
 Metaspace       used 59594K, capacity 60192K, committed 60240K, reserved 1101824K
  class space    used 6872K, capacity 7140K, committed 7168K, reserved 1048576K
}
Event: 21.295 GC heap before
{Heap before GC invocations=9 (full 0):
 garbage-first heap   total 312320K, used 188778K [0x0000000702a00000, 0x0000000800000000)
  region size 1024K, 158 young (161792K), 19 survivors (19456K)
 Metaspace       used 72395K, capacity 73193K, committed 73296K, reserved 1114112K
  class space    used 8058K, capacity 8405K, committed 8448K, reserved 1048576K
}
Event: 21.352 GC heap after
{Heap after GC invocations=10 (full 0):
 garbage-first heap   total 312320K, used 66187K [0x0000000702a00000, 0x0000000800000000)
  region size 1024K, 20 young (20480K), 20 survivors (20480K)
 Metaspace       used 72395K, capacity 73193K, committed 73296K, reserved 1114112K
  class space    used 8058K, capacity 8405K, committed 8448K, reserved 1048576K
}

Deoptimization events (20 events):
Event: 27.009 Thread 0x000002bfd16ac000 Uncommon trap: trap_request=0xffffffde fr.pc=0x000002bfdef5a8f0 relative=0x00000000000004f0
Event: 27.009 Thread 0x000002bfd16ac000 Uncommon trap: reason=class_check action=maybe_recompile pc=0x000002bfdef5a8f0 method=java.util.regex.Matcher.search(I)Z @ 121 c2
Event: 27.009 Thread 0x000002bfd16ac000 DEOPT PACKING pc=0x000002bfdef5a8f0 sp=0x000000c8355fb250
Event: 27.009 Thread 0x000002bfd16ac000 DEOPT UNPACKING pc=0x000002bfd72fa1af sp=0x000000c8355fb210 mode 2
Event: 27.010 Thread 0x000002bfd16ac000 Uncommon trap: trap_request=0xffffffde fr.pc=0x000002bfdef5a8f0 relative=0x00000000000004f0
Event: 27.010 Thread 0x000002bfd16ac000 Uncommon trap: reason=class_check action=maybe_recompile pc=0x000002bfdef5a8f0 method=java.util.regex.Matcher.search(I)Z @ 121 c2
Event: 27.010 Thread 0x000002bfd16ac000 DEOPT PACKING pc=0x000002bfdef5a8f0 sp=0x000000c8355fb250
Event: 27.010 Thread 0x000002bfd16ac000 DEOPT UNPACKING pc=0x000002bfd72fa1af sp=0x000000c8355fb210 mode 2
Event: 27.010 Thread 0x000002bfd16ac000 Uncommon trap: trap_request=0xffffffde fr.pc=0x000002bfdef5a8f0 relative=0x00000000000004f0
Event: 27.010 Thread 0x000002bfd16ac000 Uncommon trap: reason=class_check action=maybe_recompile pc=0x000002bfdef5a8f0 method=java.util.regex.Matcher.search(I)Z @ 121 c2
Event: 27.010 Thread 0x000002bfd16ac000 DEOPT PACKING pc=0x000002bfdef5a8f0 sp=0x000000c8355fb250
Event: 27.011 Thread 0x000002bfd16ac000 DEOPT UNPACKING pc=0x000002bfd72fa1af sp=0x000000c8355fb210 mode 2
Event: 27.026 Thread 0x000002bfd16ac000 Uncommon trap: trap_request=0xffffff4d fr.pc=0x000002bfdf3bd148 relative=0x0000000000000288
Event: 27.027 Thread 0x000002bfd16ac000 Uncommon trap: reason=unstable_if action=reinterpret pc=0x000002bfdf3bd148 method=org.jetbrains.kotlin.codegen.inline.InlineCodegenUtilsKt.isSuspendMarker(Lorg/jetbrains/org/objectweb/asm/tree/AbstractInsnNode;I)Z @ 7 c2
Event: 27.027 Thread 0x000002bfd16ac000 DEOPT PACKING pc=0x000002bfdf3bd148 sp=0x000000c8355fc7e0
Event: 27.027 Thread 0x000002bfd16ac000 DEOPT UNPACKING pc=0x000002bfd72fa1af sp=0x000000c8355fc778 mode 2
Event: 27.027 Thread 0x000002bfd16ac000 Uncommon trap: trap_request=0xffffff4d fr.pc=0x000002bfdf3c17dc relative=0x00000000000002fc
Event: 27.027 Thread 0x000002bfd16ac000 Uncommon trap: reason=unstable_if action=reinterpret pc=0x000002bfdf3c17dc method=org.jetbrains.kotlin.codegen.inline.InlineCodegenUtilsKt.isSuspendMarker(Lorg/jetbrains/org/objectweb/asm/tree/AbstractInsnNode;I)Z @ 7 c2
Event: 27.027 Thread 0x000002bfd16ac000 DEOPT PACKING pc=0x000002bfdf3c17dc sp=0x000000c8355fc820
Event: 27.027 Thread 0x000002bfd16ac000 DEOPT UNPACKING pc=0x000002bfd72fa1af sp=0x000000c8355fc688 mode 2

Classes redefined (0 events):
No events

Internal exceptions (20 events):
Event: 17.219 Thread 0x000002bfd16ac000 Implicit null exception at 0x000002bfdede27f5 to 0x000002bfdede29e4
Event: 17.219 Thread 0x000002bfd16ac000 Implicit null exception at 0x000002bfdedee52f to 0x000002bfdedee5a9
Event: 18.043 Thread 0x000002bfd16ac000 Exception <a 'java/lang/NoSuchMethodError'{0x0000000710ba9e50}: 'int java.lang.invoke.DirectMethodHandle$Holder.invokeStaticInit(java.lang.Object, java.lang.Object, java.lang.Object, java.lang.Object)'> (0x0000000710ba9e50) thrown at [src/hotspot/share/interpreter/linkResolver.cpp, line 773]
Event: 18.163 Thread 0x000002bfd16ac000 Exception <a 'java/lang/NoSuchMethodError'{0x000000071089de08}: 'java.lang.Object java.lang.invoke.DirectMethodHandle$Holder.invokeStatic(java.lang.Object, java.lang.Object, java.lang.Object, int, int, java.lang.Object, java.lang.Object, java.lang.Object)'> (0x000000071089de08) thrown at [src/hotspot/share/interpreter/linkResolver.cpp, line 773]
Event: 18.164 Thread 0x000002bfd16ac000 Exception <a 'java/lang/NoSuchMethodError'{0x00000007108a8368}: 'java.lang.Object java.lang.invoke.DirectMethodHandle$Holder.invokeStatic(java.lang.Object, java.lang.Object, java.lang.Object, int, int)'> (0x00000007108a8368) thrown at [src/hotspot/share/interpreter/linkResolver.cpp, line 773]
Event: 18.166 Thread 0x000002bfd16ac000 Exception <a 'java/lang/NoSuchMethodError'{0x00000007108abb48}: 'java.lang.Object java.lang.invoke.DirectMethodHandle$Holder.invokeSpecial(java.lang.Object, java.lang.Object, java.lang.Object, java.lang.Object, int, int)'> (0x00000007108abb48) thrown at [src/hotspot/share/interpreter/linkResolver.cpp, line 773]
Event: 18.166 Thread 0x000002bfd16ac000 Exception <a 'java/lang/NoSuchMethodError'{0x00000007108aec50}: 'java.lang.Object java.lang.invoke.Invokers$Holder.linkToTargetMethod(java.lang.Object, java.lang.Object, int, int, java.lang.Object)'> (0x00000007108aec50) thrown at [src/hotspot/share/interpreter/linkResolver.cpp, line 773]
Event: 18.190 Thread 0x000002bfd16ac000 Exception <a 'java/lang/NoSuchMethodError'{0x000000071071b3f0}: 'java.lang.Object java.lang.invoke.DirectMethodHandle$Holder.invokeStatic(java.lang.Object, java.lang.Object, java.lang.Object, int, int, java.lang.Object, java.lang.Object)'> (0x000000071071b3f0) thrown at [src/hotspot/share/interpreter/linkResolver.cpp, line 773]
Event: 18.191 Thread 0x000002bfd16ac000 Exception <a 'java/lang/NoSuchMethodError'{0x000000071071f008}: 'java.lang.Object java.lang.invoke.DirectMethodHandle$Holder.invokeSpecial(java.lang.Object, java.lang.Object, java.lang.Object, java.lang.Object, int, int, java.lang.Object, java.lang.Object)'> (0x000000071071f008) thrown at [src/hotspot/share/interpreter/linkResolver.cpp, line 773]
Event: 18.191 Thread 0x000002bfd16ac000 Exception <a 'java/lang/NoSuchMethodError'{0x0000000710722418}: 'java.lang.Object java.lang.invoke.Invokers$Holder.linkToTargetMethod(java.lang.Object, java.lang.Object, int, int, java.lang.Object, java.lang.Object, java.lang.Object)'> (0x0000000710722418) thrown at [src/hotspot/share/interpreter/linkResolver.cpp, line 773]
Event: 18.749 Thread 0x000002bfd16ac000 Exception <a 'java/lang/NoSuchMethodError'{0x000000070fecb028}: 'java.lang.Object java.lang.invoke.DirectMethodHandle$Holder.invokeStatic(java.lang.Object, java.lang.Object, java.lang.Object, int, int, java.lang.Object, java.lang.Object, java.lang.Object, java.lang.Object)'> (0x000000070fecb028) thrown at [src/hotspot/share/interpreter/linkResolver.cpp, line 773]
Event: 18.992 Thread 0x000002bfd16ac000 Exception <a 'java/lang/NoSuchMethodError'{0x000000070fb21c20}: 'java.lang.Object java.lang.invoke.DirectMethodHandle$Holder.invokeSpecial(java.lang.Object, java.lang.Object, int, int, java.lang.Object, java.lang.Object, java.lang.Object, java.lang.Object, java.lang.Object)'> (0x000000070fb21c20) thrown at [src/hotspot/share/interpreter/linkResolver.cpp, line 773]
Event: 22.050 Thread 0x000002bfd16ac000 Implicit null exception at 0x000002bfdedf0ef4 to 0x000002bfdedf1124
Event: 22.085 Thread 0x000002bfd16ac000 Exception <a 'java/lang/NoSuchMethodError'{0x00000007149d81d8}: 'java.lang.Object java.lang.invoke.DirectMethodHandle$Holder.invokeStatic(java.lang.Object, java.lang.Object, java.lang.Object, java.lang.Object, java.lang.Object, java.lang.Object, java.lang.Object, java.lang.Object, java.lang.Object, java.lang.Object, java.lang.Object, java.lang.Object, java.lang.Object, int)'> (0x00000007149d81d8) thrown at [src/hotspot/share/interpreter/linkResolver.cpp, line 773]
Event: 22.089 Thread 0x000002bfd16ac000 Exception <a 'java/lang/NoSuchMethodError'{0x00000007149e4ff0}: 'java.lang.Object java.lang.invoke.DirectMethodHandle$Holder.invokeStatic(java.lang.Object, java.lang.Object, java.lang.Object, java.lang.Object, java.lang.Object, java.lang.Object, java.lang.Object, java.lang.Object, java.lang.Object, java.lang.Object, java.lang.Object, java.lang.Object, java.lang.Object, int, int)'> (0x00000007149e4ff0) thrown at [src/hotspot/share/interpreter/linkResolver.cpp, line 773]
Event: 22.093 Thread 0x000002bfd16ac000 Exception <a 'java/lang/NoSuchMethodError'{0x00000007149fe660}: 'java.lang.Object java.lang.invoke.DelegatingMethodHandle$Holder.reinvoke_L(java.lang.Object, int, java.lang.Object)'> (0x00000007149fe660) thrown at [src/hotspot/share/interpreter/linkResolver.cpp, line 773]
Event: 22.206 Thread 0x000002bfd16ac000 Exception <a 'java/lang/NoSuchMethodError'{0x00000007146a8f00}: 'java.lang.Object java.lang.invoke.DirectMethodHandle$Holder.invokeSpecial(java.lang.Object, java.lang.Object, int, int, java.lang.Object, java.lang.Object, java.lang.Object, java.lang.Object)'> (0x00000007146a8f00) thrown at [src/hotspot/share/interpreter/linkResolver.cpp, line 773]
Event: 22.206 Thread 0x000002bfd16ac000 Exception <a 'java/lang/NoSuchMethodError'{0x00000007146ac638}: 'java.lang.Object java.lang.invoke.DelegatingMethodHandle$Holder.reinvoke_L(java.lang.Object, int, int, java.lang.Object, java.lang.Object, java.lang.Object, java.lang.Object)'> (0x00000007146ac638) thrown at [src/hotspot/share/interpreter/linkResolver.cpp, line 773]
Event: 22.210 Thread 0x000002bfd16ac000 Exception <a 'java/lang/NoSuchMethodError'{0x00000007146baef0}: 'java.lang.Object java.lang.invoke.DirectMethodHandle$Holder.invokeStatic(java.lang.Object, java.lang.Object, java.lang.Object, java.lang.Object, java.lang.Object, java.lang.Object, int)'> (0x00000007146baef0) thrown at [src/hotspot/share/interpreter/linkResolver.cpp, line 773]
Event: 23.875 Thread 0x000002bfd16ac000 Implicit null exception at 0x000002bfdf3074d6 to 0x000002bfdf30770e

Events (20 events):
Event: 27.072 loading class org/jetbrains/kotlin/codegen/coroutines/IntLikeCoerceInterpreter
Event: 27.072 loading class org/jetbrains/kotlin/codegen/coroutines/IntLikeCoerceInterpreter done
Event: 27.073 loading class org/jetbrains/kotlin/codegen/coroutines/IloadedValue
Event: 27.073 loading class org/jetbrains/kotlin/codegen/coroutines/IloadedValue done
Event: 27.076 loading class org/jetbrains/kotlin/codegen/coroutines/NullCheckcastAwareOptimizationBasicInterpreter
Event: 27.076 loading class org/jetbrains/kotlin/codegen/coroutines/NullCheckcastAwareOptimizationBasicInterpreter done
Event: 27.077 loading class org/jetbrains/kotlin/codegen/coroutines/TypedNullValue
Event: 27.077 loading class org/jetbrains/kotlin/codegen/coroutines/TypedNullValue done
Event: 27.079 loading class org/jetbrains/kotlin/codegen/optimization/common/VariableLivenessKt
Event: 27.079 loading class org/jetbrains/kotlin/codegen/optimization/common/VariableLivenessKt done
Event: 27.080 loading class org/jetbrains/kotlin/codegen/optimization/common/VariableLivenessKt$analyzeLiveness$1
Event: 27.080 loading class org/jetbrains/kotlin/codegen/optimization/common/VariableLivenessKt$analyzeLiveness$1 done
Event: 27.080 loading class org/jetbrains/kotlin/codegen/optimization/common/BackwardAnalysisInterpreter
Event: 27.080 loading class org/jetbrains/kotlin/codegen/optimization/common/BackwardAnalysisInterpreter done
Event: 27.081 loading class org/jetbrains/kotlin/codegen/optimization/common/BackwardAnalysisKt
Event: 27.081 loading class org/jetbrains/kotlin/codegen/optimization/common/BackwardAnalysisKt done
Event: 27.084 loading class org/jetbrains/kotlin/codegen/optimization/common/VariableLivenessFrame
Event: 27.084 loading class org/jetbrains/kotlin/codegen/optimization/common/VariableLivenessFrame done
Event: 27.085 loading class org/jetbrains/kotlin/codegen/optimization/common/VarFrame
Event: 27.085 loading class org/jetbrains/kotlin/codegen/optimization/common/VarFrame done


Dynamic libraries:
0x00007ff740c40000 - 0x00007ff740c4a000 	C:\Program Files\Android\Android Studio\jbr\bin\java.exe
0x00007ffb4e9f0000 - 0x00007ffb4ec04000 	C:\WINDOWS\SYSTEM32\ntdll.dll
0x00007ffb4cb60000 - 0x00007ffb4cc22000 	C:\WINDOWS\System32\KERNEL32.DLL
0x00007ffb4be20000 - 0x00007ffb4c1c3000 	C:\WINDOWS\System32\KERNELBASE.dll
0x00007ffb4c400000 - 0x00007ffb4c511000 	C:\WINDOWS\System32\ucrtbase.dll
0x00007ffb341c0000 - 0x00007ffb341d7000 	C:\Program Files\Android\Android Studio\jbr\bin\jli.dll
0x00007ffb341a0000 - 0x00007ffb341bb000 	C:\Program Files\Android\Android Studio\jbr\bin\VCRUNTIME140.dll
0x00007ffb4ced0000 - 0x00007ffb4d07a000 	C:\WINDOWS\System32\USER32.dll
0x00007ffb4bdf0000 - 0x00007ffb4be16000 	C:\WINDOWS\System32\win32u.dll
0x00007ffb4b000000 - 0x00007ffb4b28e000 	C:\WINDOWS\WinSxS\amd64_microsoft.windows.common-controls_6595b64144ccf1df_6.0.22621.1635_none_270f70857386168e\COMCTL32.dll
0x00007ffb4cd30000 - 0x00007ffb4cd59000 	C:\WINDOWS\System32\GDI32.dll
0x00007ffb4c270000 - 0x00007ffb4c389000 	C:\WINDOWS\System32\gdi32full.dll
0x00007ffb4e3b0000 - 0x00007ffb4e457000 	C:\WINDOWS\System32\msvcrt.dll
0x00007ffb4c1d0000 - 0x00007ffb4c26a000 	C:\WINDOWS\System32\msvcp_win.dll
0x00007ffb4d1b0000 - 0x00007ffb4d1e1000 	C:\WINDOWS\System32\IMM32.DLL
0x00007ffb34190000 - 0x00007ffb3419c000 	C:\Program Files\Android\Android Studio\jbr\bin\vcruntime140_1.dll
0x00007ffb33de0000 - 0x00007ffb33e6d000 	C:\Program Files\Android\Android Studio\jbr\bin\msvcp140.dll
0x00007ffadd030000 - 0x00007ffaddbec000 	C:\Program Files\Android\Android Studio\jbr\bin\server\jvm.dll
0x00007ffb4d210000 - 0x00007ffb4d2be000 	C:\WINDOWS\System32\ADVAPI32.dll
0x00007ffb4e900000 - 0x00007ffb4e9a4000 	C:\WINDOWS\System32\sechost.dll
0x00007ffb4c990000 - 0x00007ffb4caa7000 	C:\WINDOWS\System32\RPCRT4.dll
0x00007ffb4d390000 - 0x00007ffb4d398000 	C:\WINDOWS\System32\PSAPI.DLL
0x00007ffaf75a0000 - 0x00007ffaf75a9000 	C:\WINDOWS\SYSTEM32\WSOCK32.dll
0x00007ffb404a0000 - 0x00007ffb404d4000 	C:\WINDOWS\SYSTEM32\WINMM.dll
0x00007ffb4cac0000 - 0x00007ffb4cb31000 	C:\WINDOWS\System32\WS2_32.dll
0x00007ffb3f800000 - 0x00007ffb3f80a000 	C:\WINDOWS\SYSTEM32\VERSION.dll
0x00007ffb4a670000 - 0x00007ffb4a688000 	C:\WINDOWS\SYSTEM32\kernel.appcore.dll
0x00007ffb41520000 - 0x00007ffb41530000 	C:\Program Files\Android\Android Studio\jbr\bin\verify.dll
0x00007ffb4b770000 - 0x00007ffb4b99e000 	C:\WINDOWS\SYSTEM32\DBGHELP.DLL
0x00007ffb4e570000 - 0x00007ffb4e8f9000 	C:\WINDOWS\System32\combase.dll
0x00007ffb4dad0000 - 0x00007ffb4dba7000 	C:\WINDOWS\System32\OLEAUT32.dll
0x00007ffb4b5e0000 - 0x00007ffb4b612000 	C:\WINDOWS\SYSTEM32\dbgcore.DLL
0x00007ffb4c750000 - 0x00007ffb4c7ca000 	C:\WINDOWS\System32\bcryptPrimitives.dll
0x00007ffb410e0000 - 0x00007ffb41108000 	C:\Program Files\Android\Android Studio\jbr\bin\java.dll
0x00007ffb41510000 - 0x00007ffb4151a000 	C:\Program Files\Android\Android Studio\jbr\bin\jimage.dll
0x00007ffb410c0000 - 0x00007ffb410d8000 	C:\Program Files\Android\Android Studio\jbr\bin\zip.dll
0x00007ffb4dbb0000 - 0x00007ffb4e3a9000 	C:\WINDOWS\System32\SHELL32.dll
0x00007ffb49590000 - 0x00007ffb49e5e000 	C:\WINDOWS\SYSTEM32\windows.storage.dll
0x00007ffb49450000 - 0x00007ffb4958e000 	C:\WINDOWS\SYSTEM32\wintypes.dll
0x00007ffb4cc30000 - 0x00007ffb4cd21000 	C:\WINDOWS\System32\SHCORE.dll
0x00007ffb4d3a0000 - 0x00007ffb4d3fe000 	C:\WINDOWS\System32\shlwapi.dll
0x00007ffb4bd20000 - 0x00007ffb4bd46000 	C:\WINDOWS\SYSTEM32\profapi.dll
0x00007ffb410a0000 - 0x00007ffb410b9000 	C:\Program Files\Android\Android Studio\jbr\bin\net.dll
0x00007ffb41920000 - 0x00007ffb41a57000 	C:\WINDOWS\SYSTEM32\WINHTTP.dll
0x00007ffb4aad0000 - 0x00007ffb4ab39000 	C:\WINDOWS\system32\mswsock.dll
0x00007ffb404e0000 - 0x00007ffb404f3000 	C:\Program Files\Android\Android Studio\jbr\bin\nio.dll

dbghelp: loaded successfully - version: 4.0.5 - missing functions: none
symbol engine: initialized successfully - sym options: 0x614 - pdb path: .;C:\Program Files\Android\Android Studio\jbr\bin;C:\WINDOWS\SYSTEM32;C:\WINDOWS\WinSxS\amd64_microsoft.windows.common-controls_6595b64144ccf1df_6.0.22621.1635_none_270f70857386168e;C:\Program Files\Android\Android Studio\jbr\bin\server

VM Arguments:
java_command: org.jetbrains.kotlin.cli.jvm.K2JVMCompiler @G:\AndroidProjects\Kora\app\build\20230731_18284895934899822706.compiler.options
java_class_path (initial): C:\Users\kh\.gradle\caches\modules-2\files-2.1\org.jetbrains.kotlin\kotlin-compiler-embeddable\1.7.0\4d09852239f61842072b40b524882fa3caaed371\kotlin-compiler-embeddable-1.7.0.jar;C:\Users\kh\.gradle\caches\modules-2\files-2.1\org.jetbrains.kotlin\kotlin-reflect\1.7.0\e660b0079fdaf744dc9cc7f6f3aa3c761ec839b0\kotlin-reflect-1.7.0.jar;C:\Users\kh\.gradle\caches\modules-2\files-2.1\org.jetbrains.kotlin\kotlin-stdlib\1.7.0\a5f42c684ad9003160ef0d0f693ecf0ba7b13549\kotlin-stdlib-1.7.0.jar;C:\Users\kh\.gradle\caches\modules-2\files-2.1\org.jetbrains.kotlin\kotlin-script-runtime\1.7.0\3acea1d447587e61bc3e1b3ed6227d9e9ed4ddf1\kotlin-script-runtime-1.7.0.jar;C:\Users\kh\.gradle\caches\modules-2\files-2.1\org.jetbrains.kotlin\kotlin-daemon-embeddable\1.7.0\fd56798de80825c673ac93808284c5198ffa2b50\kotlin-daemon-embeddable-1.7.0.jar;C:\Users\kh\.gradle\caches\modules-2\files-2.1\org.jetbrains.intellij.deps\trove4j\1.0.20200330\3afb14d5f9ceb459d724e907a21145e8ff394f02\trove4j-1.0.20200330.jar;C:\Users\kh\.gradle\caches\modules-2\files-2.1\net.java.dev.jna\jna\5.6.0\330f2244e9030119ab3030fc3fededc86713d9cc\jna-5.6.0.jar;C:\Users\kh\.gradle\caches\modules-2\files-2.1\org.jetbrains.kotlin\kotlin-stdlib-common\1.7.0\51736992f422993a1e741051bdf3c12801bc1ca1\kotlin-stdlib-common-1.7.0.jar;C:\Users\kh\.gradle\caches\modules-2\files-2.1\org.jetbrains\annotations\13.0\919f0dfe192fb4e063e7dacadee7f8bb9a2672a9\annotations-13.0.jar
Launcher Type: SUN_STANDARD

[Global flags]
     intx CICompilerCount                          = 4                                         {product} {ergonomic}
     uint ConcGCThreads                            = 3                                         {product} {ergonomic}
     uint G1ConcRefinementThreads                  = 10                                        {product} {ergonomic}
   size_t G1HeapRegionSize                         = 1048576                                   {product} {ergonomic}
    uintx GCDrainStackTargetSize                   = 64                                        {product} {ergonomic}
   size_t InitialHeapSize                          = 266338304                                 {product} {ergonomic}
   size_t MarkStackSize                            = 4194304                                   {product} {ergonomic}
   size_t MaxHeapSize                              = 4250927104                                {product} {ergonomic}
   size_t MaxNewSize                               = 2550136832                                {product} {ergonomic}
   size_t MinHeapDeltaBytes                        = 1048576                                   {product} {ergonomic}
    uintx NonNMethodCodeHeapSize                   = 5836300                                {pd product} {ergonomic}
    uintx NonProfiledCodeHeapSize                  = 122910970                              {pd product} {ergonomic}
    uintx ProfiledCodeHeapSize                     = 122910970                              {pd product} {ergonomic}
    uintx ReservedCodeCacheSize                    = 251658240                              {pd product} {ergonomic}
     bool SegmentedCodeCache                       = true                                      {product} {ergonomic}
     bool UseCompressedClassPointers               = true                                 {lp64_product} {ergonomic}
     bool UseCompressedOops                        = true                                 {lp64_product} {ergonomic}
     bool UseG1GC                                  = true                                      {product} {ergonomic}
     bool UseLargePagesIndividualAllocation        = false                                  {pd product} {ergonomic}

Logging:
Log output configuration:
 #0: stdout all=warning uptime,level,tags
 #1: stderr all=off uptime,level,tags

Environment Variables:
JAVA_HOME=C:\Program Files\Java\jdk-11
PATH=C:\Program Files (x86)\Common Files\Oracle\Java\javapath;C:\Windows\system32;C:\Windows;C:\Windows\System32\Wbem;C:\Windows\System32\WindowsPowerShell\v1.0\;C:\Windows\System32\OpenSSH\;C:\Program Files\Git\cmd;C:\Program Files\dotnet\;C:\WINDOWS\system32;C:\WINDOWS;C:\WINDOWS\System32\Wbem;C:\WINDOWS\System32\WindowsPowerShell\v1.0\;C:\WINDOWS\System32\OpenSSH\;C:\Users\kh\AppData\Local\Microsoft\WindowsApps;C:\Program Files\Java\jdk-20\bin;
USERNAME=Mostafa
OS=Windows_NT
PROCESSOR_IDENTIFIER=Intel64 Family 6 Model 158 Stepping 10, GenuineIntel



---------------  S Y S T E M  ---------------

OS: Windows 11 , 64 bit Build 22621 (10.0.22621.1928)
OS uptime: 0 days 0:06 hours

CPU:total 12 (initial active 12) (6 cores per cpu, 2 threads per core) family 6 model 158 stepping 10 microcode 0xde, cmov, cx8, fxsr, mmx, sse, sse2, sse3, ssse3, sse4.1, sse4.2, popcnt, avx, avx2, aes, clmul, erms, 3dnowpref, lzcnt, ht, tsc, tscinvbit, bmi1, bmi2, adx, fma

Memory: 4k page, system-wide physical 16211M (2541M free)
TotalPageFile size 19133M (AvailPageFile size 19M)
current process WorkingSet (physical memory assigned to process): 519M, peak: 521M
current process commit charge ("private bytes"): 605M, peak: 606M

vm_info: OpenJDK 64-Bit Server VM (11.0.15+0-b2043.56-9505619) for windows-amd64 JRE (11.0.15+0-b2043.56-9505619), built on Jan 19 2023 02:48:00 by "builduser" with unknown MS VC++:1929

END.
