#
# There is insufficient memory for the Java Runtime Environment to continue.
# Native memory allocation (malloc) failed to allocate 1246256 bytes for Chunk::new
# Possible reasons:
#   The system is out of physical RAM or swap space
#   The process is running with CompressedOops enabled, and the Java Heap may be blocking the growth of the native heap
# Possible solutions:
#   Reduce memory load on the system
#   Increase physical memory or swap space
#   Check if swap backing store is full
#   Decrease Java heap size (-Xmx/-Xms)
#   Decrease number of Java threads
#   Decrease Java thread stack sizes (-Xss)
#   Set larger code cache with -XX:ReservedCodeCacheSize=
#   JVM is running with Zero Based Compressed Oops mode in which the Java heap is
#     placed in the first 32GB address space. The Java Heap base address is the
#     maximum limit for the native heap growth. Please use -XX:HeapBaseMinAddress
#     to set the Java Heap base and to place the Java Heap above 32GB virtual address.
# This output file may be truncated or incomplete.
#
#  Out of Memory Error (src/hotspot/share/memory/arena.cpp:197), pid=10660, tid=4252
#
# JRE version: OpenJDK Runtime Environment (11.0.15) (build 11.0.15+0-b2043.56-9505619)
# Java VM: OpenJDK 64-Bit Server VM (11.0.15+0-b2043.56-9505619, mixed mode, tiered, compressed oops, g1 gc, windows-amd64)
# No core dump will be written. Minidumps are not enabled by default on client versions of Windows
#

---------------  S U M M A R Y ------------

Command Line: org.jetbrains.kotlin.cli.jvm.K2JVMCompiler @G:\AndroidProjects\Kora\app\build\20230731_11647377511424324770.compiler.options

Host: Intel(R) Core(TM) i7-9750H CPU @ 2.60GHz, 12 cores, 15G,  Windows 11 , 64 bit Build 22621 (10.0.22621.1928)
Time: Mon Jul 31 17:45:20 2023 Egypt Daylight Time elapsed time: 10.489006 seconds (0d 0h 0m 10s)

---------------  T H R E A D  ---------------

Current thread (0x00000281f6c2b800):  JavaThread "C2 CompilerThread1" daemon [_thread_in_native, id=4252, stack(0x000000cc4f000000,0x000000cc4f100000)]


Current CompileTask:
C2:  10489 3882   !   4       org.jetbrains.kotlin.metadata.ProtoBuf$Function::<init> (1410 bytes)

Stack: [0x000000cc4f000000,0x000000cc4f100000]
Native frames: (J=compiled Java code, j=interpreted, Vv=VM code, C=native code)
V  [jvm.dll+0x64135a]
V  [jvm.dll+0x7d39f9]
V  [jvm.dll+0x7d51b9]
V  [jvm.dll+0x7d58a3]
V  [jvm.dll+0x2691c5]
V  [jvm.dll+0xc1a5c]
V  [jvm.dll+0xc200c]
V  [jvm.dll+0x377462]
V  [jvm.dll+0x1b3914]
V  [jvm.dll+0x22163e]
V  [jvm.dll+0x220498]
V  [jvm.dll+0x19e851]
V  [jvm.dll+0x230479]
V  [jvm.dll+0x22e5ef]
V  [jvm.dll+0x794de1]
V  [jvm.dll+0x78dc24]
V  [jvm.dll+0x6400f6]
C  [ucrtbase.dll+0x29363]
C  [KERNEL32.DLL+0x126ad]
C  [ntdll.dll+0x5aa68]


---------------  P R O C E S S  ---------------

Threads class SMR info:
_java_thread_list=0x00000281f850fe10, length=12, elements={
0x00000281d5204800, 0x00000281f4696000, 0x00000281f469f000, 0x00000281f4f71000,
0x00000281f4fb5800, 0x00000281f4fb6800, 0x00000281f4fb7800, 0x00000281f4fc0000,
0x00000281f4fcb000, 0x00000281f5131800, 0x00000281f6c2b800, 0x00000281f57c9800
}

Java Threads: ( => current thread )
  0x00000281d5204800 JavaThread "main" [_thread_in_vm, id=1244, stack(0x000000cc4df00000,0x000000cc4e000000)]
  0x00000281f4696000 JavaThread "Reference Handler" daemon [_thread_blocked, id=7292, stack(0x000000cc4e600000,0x000000cc4e700000)]
  0x00000281f469f000 JavaThread "Finalizer" daemon [_thread_blocked, id=3324, stack(0x000000cc4e700000,0x000000cc4e800000)]
  0x00000281f4f71000 JavaThread "Signal Dispatcher" daemon [_thread_blocked, id=6320, stack(0x000000cc4e800000,0x000000cc4e900000)]
  0x00000281f4fb5800 JavaThread "Attach Listener" daemon [_thread_blocked, id=10584, stack(0x000000cc4e900000,0x000000cc4ea00000)]
  0x00000281f4fb6800 JavaThread "Service Thread" daemon [_thread_blocked, id=3824, stack(0x000000cc4ea00000,0x000000cc4eb00000)]
  0x00000281f4fb7800 JavaThread "C2 CompilerThread0" daemon [_thread_blocked, id=1476, stack(0x000000cc4eb00000,0x000000cc4ec00000)]
  0x00000281f4fc0000 JavaThread "C1 CompilerThread0" daemon [_thread_blocked, id=3156, stack(0x000000cc4ec00000,0x000000cc4ed00000)]
  0x00000281f4fcb000 JavaThread "Sweeper thread" daemon [_thread_blocked, id=3268, stack(0x000000cc4ed00000,0x000000cc4ee00000)]
  0x00000281f5131800 JavaThread "Common-Cleaner" daemon [_thread_blocked, id=2040, stack(0x000000cc4ef00000,0x000000cc4f000000)]
=>0x00000281f6c2b800 JavaThread "C2 CompilerThread1" daemon [_thread_in_native, id=4252, stack(0x000000cc4f000000,0x000000cc4f100000)]
  0x00000281f57c9800 JavaThread "C2 CompilerThread2" daemon [_thread_in_native, id=13116, stack(0x000000cc4f800000,0x000000cc4f900000)]

Other Threads:
  0x00000281f4f57800 VMThread "VM Thread" [stack: 0x000000cc4e500000,0x000000cc4e600000] [id=10084]
  0x00000281f5127000 WatcherThread [stack: 0x000000cc4ee00000,0x000000cc4ef00000] [id=9568]
  0x00000281d2f7c800 GCTaskThread "GC Thread#0" [stack: 0x000000cc4e000000,0x000000cc4e100000] [id=3336]
  0x00000281f55f6800 GCTaskThread "GC Thread#1" [stack: 0x000000cc4f100000,0x000000cc4f200000] [id=14196]
  0x00000281f59b5000 GCTaskThread "GC Thread#2" [stack: 0x000000cc4f200000,0x000000cc4f300000] [id=11156]
  0x00000281f59b6000 GCTaskThread "GC Thread#3" [stack: 0x000000cc4f300000,0x000000cc4f400000] [id=5232]
  0x00000281f59b6800 GCTaskThread "GC Thread#4" [stack: 0x000000cc4f400000,0x000000cc4f500000] [id=8528]
  0x00000281f58eb800 GCTaskThread "GC Thread#5" [stack: 0x000000cc4f500000,0x000000cc4f600000] [id=15444]
  0x00000281d5276800 ConcurrentGCThread "G1 Main Marker" [stack: 0x000000cc4e100000,0x000000cc4e200000] [id=15824]
  0x00000281d5277800 ConcurrentGCThread "G1 Conc#0" [stack: 0x000000cc4e200000,0x000000cc4e300000] [id=5764]
  0x00000281f6210800 ConcurrentGCThread "G1 Conc#1" [stack: 0x000000cc4f600000,0x000000cc4f700000] [id=12256]
  0x00000281f6d0e800 ConcurrentGCThread "G1 Conc#2" [stack: 0x000000cc4f700000,0x000000cc4f800000] [id=8616]
  0x00000281f4583800 ConcurrentGCThread "G1 Refine#0" [stack: 0x000000cc4e300000,0x000000cc4e400000] [id=12096]
  0x00000281f9819000 ConcurrentGCThread "G1 Refine#1" [stack: 0x000000cc4f900000,0x000000cc4fa00000] [id=7792]
  0x00000281f4584800 ConcurrentGCThread "G1 Young RemSet Sampling" [stack: 0x000000cc4e400000,0x000000cc4e500000] [id=14408]

Threads with active compile tasks:
C2 CompilerThread1    10529 3882   !   4       org.jetbrains.kotlin.metadata.ProtoBuf$Function::<init> (1410 bytes)
C2 CompilerThread2    10530 4040   !   4       org.jetbrains.kotlin.metadata.ProtoBuf$ValueParameter::<init> (513 bytes)

VM state:not at safepoint (normal execution)

VM Mutex/Monitor currently owned by a thread: None

Heap address: 0x0000000702a00000, size: 4054 MB, Compressed Oops mode: Zero based, Oop shift amount: 3
Narrow klass base: 0x0000000800000000, Narrow klass shift: 0
Compressed class space size: 1073741824 Address: 0x0000000800000000

Heap:
 garbage-first heap   total 260096K, used 89088K [0x0000000702a00000, 0x0000000800000000)
  region size 1024K, 66 young (67584K), 8 survivors (8192K)
 Metaspace       used 49943K, capacity 50486K, committed 50608K, reserved 1093632K
  class space    used 5824K, capacity 6046K, committed 6144K, reserved 1048576K
Heap Regions: E=young(eden), S=young(survivor), O=old, HS=humongous(starts), HC=humongous(continues), CS=collection set, F=free, A=archive, TAMS=top-at-mark-start (previous, next)
|   0|0x0000000702a00000, 0x0000000702b00000, 0x0000000702b00000|100%|HS|  |TAMS 0x0000000702b00000, 0x0000000702a00000| Complete 
|   1|0x0000000702b00000, 0x0000000702c00000, 0x0000000702c00000|100%|HC|  |TAMS 0x0000000702c00000, 0x0000000702b00000| Complete 
|   2|0x0000000702c00000, 0x0000000702d00000, 0x0000000702d00000|100%|HC|  |TAMS 0x0000000702d00000, 0x0000000702c00000| Complete 
|   3|0x0000000702d00000, 0x0000000702e00000, 0x0000000702e00000|100%| O|  |TAMS 0x0000000702e00000, 0x0000000702d00000| Untracked 
|   4|0x0000000702e00000, 0x0000000702f00000, 0x0000000702f00000|100%| O|  |TAMS 0x0000000702f00000, 0x0000000702e00000| Untracked 
|   5|0x0000000702f00000, 0x0000000703000000, 0x0000000703000000|100%|HS|  |TAMS 0x0000000703000000, 0x0000000702f00000| Complete 
|   6|0x0000000703000000, 0x0000000703100000, 0x0000000703100000|100%|HC|  |TAMS 0x0000000703100000, 0x0000000703000000| Complete 
|   7|0x0000000703100000, 0x0000000703200000, 0x0000000703200000|100%|HC|  |TAMS 0x0000000703200000, 0x0000000703100000| Complete 
|   8|0x0000000703200000, 0x0000000703300000, 0x0000000703300000|100%|HS|  |TAMS 0x0000000703200000, 0x0000000703200000| Complete 
|   9|0x0000000703300000, 0x0000000703300000, 0x0000000703400000|  0%| F|  |TAMS 0x0000000703300000, 0x0000000703300000| Untracked 
|  10|0x0000000703400000, 0x0000000703500000, 0x0000000703500000|100%| O|  |TAMS 0x0000000703500000, 0x0000000703400000| Untracked 
|  11|0x0000000703500000, 0x0000000703600000, 0x0000000703600000|100%| O|  |TAMS 0x0000000703600000, 0x0000000703500000| Untracked 
|  12|0x0000000703600000, 0x0000000703700000, 0x0000000703700000|100%| O|  |TAMS 0x0000000703700000, 0x0000000703600000| Untracked 
|  13|0x0000000703700000, 0x0000000703800000, 0x0000000703800000|100%| O|  |TAMS 0x0000000703800000, 0x0000000703700000| Untracked 
|  14|0x0000000703800000, 0x0000000703900000, 0x0000000703900000|100%| O|  |TAMS 0x0000000703900000, 0x0000000703800000| Untracked 
|  15|0x0000000703900000, 0x0000000703a00000, 0x0000000703a00000|100%| O|  |TAMS 0x0000000703a00000, 0x0000000703900000| Untracked 
|  16|0x0000000703a00000, 0x0000000703b00000, 0x0000000703b00000|100%| O|  |TAMS 0x0000000703b00000, 0x0000000703a00000| Untracked 
|  17|0x0000000703b00000, 0x0000000703c00000, 0x0000000703c00000|100%| O|  |TAMS 0x0000000703c00000, 0x0000000703b00000| Untracked 
|  18|0x0000000703c00000, 0x0000000703d00000, 0x0000000703d00000|100%| O|  |TAMS 0x0000000703d00000, 0x0000000703c00000| Untracked 
|  19|0x0000000703d00000, 0x0000000703e00000, 0x0000000703e00000|100%| O|  |TAMS 0x0000000703e00000, 0x0000000703d00000| Untracked 
|  20|0x0000000703e00000, 0x0000000703f00000, 0x0000000703f00000|100%| O|  |TAMS 0x0000000703e2f400, 0x0000000703e00000| Untracked 
|  21|0x0000000703f00000, 0x0000000704000000, 0x0000000704000000|100%|HS|  |TAMS 0x0000000703f00000, 0x0000000703f00000| Complete 
|  22|0x0000000704000000, 0x0000000704100000, 0x0000000704100000|100%|HC|  |TAMS 0x0000000704000000, 0x0000000704000000| Complete 
|  23|0x0000000704100000, 0x0000000704100000, 0x0000000704200000|  0%| F|  |TAMS 0x0000000704100000, 0x0000000704100000| Untracked 
|  24|0x0000000704200000, 0x0000000704200000, 0x0000000704300000|  0%| F|  |TAMS 0x0000000704200000, 0x0000000704200000| Untracked 
|  25|0x0000000704300000, 0x0000000704300000, 0x0000000704400000|  0%| F|  |TAMS 0x0000000704300000, 0x0000000704300000| Untracked 
|  26|0x0000000704400000, 0x0000000704400000, 0x0000000704500000|  0%| F|  |TAMS 0x0000000704400000, 0x0000000704400000| Untracked 
|  27|0x0000000704500000, 0x0000000704500000, 0x0000000704600000|  0%| F|  |TAMS 0x0000000704500000, 0x0000000704500000| Untracked 
|  28|0x0000000704600000, 0x0000000704600000, 0x0000000704700000|  0%| F|  |TAMS 0x0000000704600000, 0x0000000704600000| Untracked 
|  29|0x0000000704700000, 0x0000000704700000, 0x0000000704800000|  0%| F|  |TAMS 0x0000000704700000, 0x0000000704700000| Untracked 
|  30|0x0000000704800000, 0x0000000704800000, 0x0000000704900000|  0%| F|  |TAMS 0x0000000704800000, 0x0000000704800000| Untracked 
|  31|0x0000000704900000, 0x0000000704900000, 0x0000000704a00000|  0%| F|  |TAMS 0x0000000704900000, 0x0000000704900000| Untracked 
|  32|0x0000000704a00000, 0x0000000704a00000, 0x0000000704b00000|  0%| F|  |TAMS 0x0000000704a00000, 0x0000000704a00000| Untracked 
|  33|0x0000000704b00000, 0x0000000704b00000, 0x0000000704c00000|  0%| F|  |TAMS 0x0000000704b00000, 0x0000000704b00000| Untracked 
|  34|0x0000000704c00000, 0x0000000704c00000, 0x0000000704d00000|  0%| F|  |TAMS 0x0000000704c00000, 0x0000000704c00000| Untracked 
|  35|0x0000000704d00000, 0x0000000704d00000, 0x0000000704e00000|  0%| F|  |TAMS 0x0000000704d00000, 0x0000000704d00000| Untracked 
|  36|0x0000000704e00000, 0x0000000704e00000, 0x0000000704f00000|  0%| F|  |TAMS 0x0000000704e00000, 0x0000000704e00000| Untracked 
|  37|0x0000000704f00000, 0x0000000704f00000, 0x0000000705000000|  0%| F|  |TAMS 0x0000000704f00000, 0x0000000704f00000| Untracked 
|  38|0x0000000705000000, 0x0000000705000000, 0x0000000705100000|  0%| F|  |TAMS 0x0000000705000000, 0x0000000705000000| Untracked 
|  39|0x0000000705100000, 0x0000000705100000, 0x0000000705200000|  0%| F|  |TAMS 0x0000000705100000, 0x0000000705100000| Untracked 
|  40|0x0000000705200000, 0x0000000705200000, 0x0000000705300000|  0%| F|  |TAMS 0x0000000705200000, 0x0000000705200000| Untracked 
|  41|0x0000000705300000, 0x0000000705300000, 0x0000000705400000|  0%| F|  |TAMS 0x0000000705300000, 0x0000000705300000| Untracked 
|  42|0x0000000705400000, 0x0000000705400000, 0x0000000705500000|  0%| F|  |TAMS 0x0000000705400000, 0x0000000705400000| Untracked 
|  43|0x0000000705500000, 0x0000000705500000, 0x0000000705600000|  0%| F|  |TAMS 0x0000000705500000, 0x0000000705500000| Untracked 
|  44|0x0000000705600000, 0x0000000705600000, 0x0000000705700000|  0%| F|  |TAMS 0x0000000705600000, 0x0000000705600000| Untracked 
|  45|0x0000000705700000, 0x0000000705700000, 0x0000000705800000|  0%| F|  |TAMS 0x0000000705700000, 0x0000000705700000| Untracked 
|  46|0x0000000705800000, 0x0000000705800000, 0x0000000705900000|  0%| F|  |TAMS 0x0000000705800000, 0x0000000705800000| Untracked 
|  47|0x0000000705900000, 0x0000000705900000, 0x0000000705a00000|  0%| F|  |TAMS 0x0000000705900000, 0x0000000705900000| Untracked 
|  48|0x0000000705a00000, 0x0000000705a00000, 0x0000000705b00000|  0%| F|  |TAMS 0x0000000705a00000, 0x0000000705a00000| Untracked 
|  49|0x0000000705b00000, 0x0000000705b00000, 0x0000000705c00000|  0%| F|  |TAMS 0x0000000705b00000, 0x0000000705b00000| Untracked 
|  50|0x0000000705c00000, 0x0000000705c00000, 0x0000000705d00000|  0%| F|  |TAMS 0x0000000705c00000, 0x0000000705c00000| Untracked 
|  51|0x0000000705d00000, 0x0000000705d00000, 0x0000000705e00000|  0%| F|  |TAMS 0x0000000705d00000, 0x0000000705d00000| Untracked 
|  52|0x0000000705e00000, 0x0000000705e00000, 0x0000000705f00000|  0%| F|  |TAMS 0x0000000705e00000, 0x0000000705e00000| Untracked 
|  53|0x0000000705f00000, 0x0000000705f00000, 0x0000000706000000|  0%| F|  |TAMS 0x0000000705f00000, 0x0000000705f00000| Untracked 
|  54|0x0000000706000000, 0x0000000706000000, 0x0000000706100000|  0%| F|  |TAMS 0x0000000706000000, 0x0000000706000000| Untracked 
|  55|0x0000000706100000, 0x0000000706100000, 0x0000000706200000|  0%| F|  |TAMS 0x0000000706100000, 0x0000000706100000| Untracked 
|  56|0x0000000706200000, 0x0000000706200000, 0x0000000706300000|  0%| F|  |TAMS 0x0000000706200000, 0x0000000706200000| Untracked 
|  57|0x0000000706300000, 0x0000000706300000, 0x0000000706400000|  0%| F|  |TAMS 0x0000000706300000, 0x0000000706300000| Untracked 
|  58|0x0000000706400000, 0x0000000706400000, 0x0000000706500000|  0%| F|  |TAMS 0x0000000706400000, 0x0000000706400000| Untracked 
|  59|0x0000000706500000, 0x0000000706500000, 0x0000000706600000|  0%| F|  |TAMS 0x0000000706500000, 0x0000000706500000| Untracked 
|  60|0x0000000706600000, 0x0000000706600000, 0x0000000706700000|  0%| F|  |TAMS 0x0000000706600000, 0x0000000706600000| Untracked 
|  61|0x0000000706700000, 0x0000000706700000, 0x0000000706800000|  0%| F|  |TAMS 0x0000000706700000, 0x0000000706700000| Untracked 
|  62|0x0000000706800000, 0x0000000706800000, 0x0000000706900000|  0%| F|  |TAMS 0x0000000706800000, 0x0000000706800000| Untracked 
|  63|0x0000000706900000, 0x0000000706900000, 0x0000000706a00000|  0%| F|  |TAMS 0x0000000706900000, 0x0000000706900000| Untracked 
|  64|0x0000000706a00000, 0x0000000706a00000, 0x0000000706b00000|  0%| F|  |TAMS 0x0000000706a00000, 0x0000000706a00000| Untracked 
|  65|0x0000000706b00000, 0x0000000706b00000, 0x0000000706c00000|  0%| F|  |TAMS 0x0000000706b00000, 0x0000000706b00000| Untracked 
|  66|0x0000000706c00000, 0x0000000706c00000, 0x0000000706d00000|  0%| F|  |TAMS 0x0000000706c00000, 0x0000000706c00000| Untracked 
|  67|0x0000000706d00000, 0x0000000706d00000, 0x0000000706e00000|  0%| F|  |TAMS 0x0000000706d00000, 0x0000000706d00000| Untracked 
|  68|0x0000000706e00000, 0x0000000706e00000, 0x0000000706f00000|  0%| F|  |TAMS 0x0000000706e00000, 0x0000000706e00000| Untracked 
|  69|0x0000000706f00000, 0x0000000706f00000, 0x0000000707000000|  0%| F|  |TAMS 0x0000000706f00000, 0x0000000706f00000| Untracked 
|  70|0x0000000707000000, 0x0000000707000000, 0x0000000707100000|  0%| F|  |TAMS 0x0000000707000000, 0x0000000707000000| Untracked 
|  71|0x0000000707100000, 0x0000000707100000, 0x0000000707200000|  0%| F|  |TAMS 0x0000000707100000, 0x0000000707100000| Untracked 
|  72|0x0000000707200000, 0x0000000707200000, 0x0000000707300000|  0%| F|  |TAMS 0x0000000707200000, 0x0000000707200000| Untracked 
|  73|0x0000000707300000, 0x0000000707300000, 0x0000000707400000|  0%| F|  |TAMS 0x0000000707300000, 0x0000000707300000| Untracked 
|  74|0x0000000707400000, 0x0000000707400000, 0x0000000707500000|  0%| F|  |TAMS 0x0000000707400000, 0x0000000707400000| Untracked 
|  75|0x0000000707500000, 0x0000000707500000, 0x0000000707600000|  0%| F|  |TAMS 0x0000000707500000, 0x0000000707500000| Untracked 
|  76|0x0000000707600000, 0x0000000707600000, 0x0000000707700000|  0%| F|  |TAMS 0x0000000707600000, 0x0000000707600000| Untracked 
|  77|0x0000000707700000, 0x0000000707700000, 0x0000000707800000|  0%| F|  |TAMS 0x0000000707700000, 0x0000000707700000| Untracked 
|  78|0x0000000707800000, 0x0000000707800000, 0x0000000707900000|  0%| F|  |TAMS 0x0000000707800000, 0x0000000707800000| Untracked 
|  79|0x0000000707900000, 0x0000000707900000, 0x0000000707a00000|  0%| F|  |TAMS 0x0000000707900000, 0x0000000707900000| Untracked 
|  80|0x0000000707a00000, 0x0000000707a00000, 0x0000000707b00000|  0%| F|  |TAMS 0x0000000707a00000, 0x0000000707a00000| Untracked 
|  81|0x0000000707b00000, 0x0000000707b00000, 0x0000000707c00000|  0%| F|  |TAMS 0x0000000707b00000, 0x0000000707b00000| Untracked 
|  82|0x0000000707c00000, 0x0000000707c00000, 0x0000000707d00000|  0%| F|  |TAMS 0x0000000707c00000, 0x0000000707c00000| Untracked 
|  83|0x0000000707d00000, 0x0000000707d00000, 0x0000000707e00000|  0%| F|  |TAMS 0x0000000707d00000, 0x0000000707d00000| Untracked 
|  84|0x0000000707e00000, 0x0000000707e00000, 0x0000000707f00000|  0%| F|  |TAMS 0x0000000707e00000, 0x0000000707e00000| Untracked 
|  85|0x0000000707f00000, 0x0000000707f00000, 0x0000000708000000|  0%| F|  |TAMS 0x0000000707f00000, 0x0000000707f00000| Untracked 
|  86|0x0000000708000000, 0x0000000708000000, 0x0000000708100000|  0%| F|  |TAMS 0x0000000708000000, 0x0000000708000000| Untracked 
|  87|0x0000000708100000, 0x0000000708100000, 0x0000000708200000|  0%| F|  |TAMS 0x0000000708100000, 0x0000000708100000| Untracked 
|  88|0x0000000708200000, 0x0000000708200000, 0x0000000708300000|  0%| F|  |TAMS 0x0000000708200000, 0x0000000708200000| Untracked 
|  89|0x0000000708300000, 0x0000000708300000, 0x0000000708400000|  0%| F|  |TAMS 0x0000000708300000, 0x0000000708300000| Untracked 
|  90|0x0000000708400000, 0x0000000708400000, 0x0000000708500000|  0%| F|  |TAMS 0x0000000708400000, 0x0000000708400000| Untracked 
|  91|0x0000000708500000, 0x0000000708500000, 0x0000000708600000|  0%| F|  |TAMS 0x0000000708500000, 0x0000000708500000| Untracked 
|  92|0x0000000708600000, 0x0000000708600000, 0x0000000708700000|  0%| F|  |TAMS 0x0000000708600000, 0x0000000708600000| Untracked 
|  93|0x0000000708700000, 0x0000000708700000, 0x0000000708800000|  0%| F|  |TAMS 0x0000000708700000, 0x0000000708700000| Untracked 
|  94|0x0000000708800000, 0x0000000708800000, 0x0000000708900000|  0%| F|  |TAMS 0x0000000708800000, 0x0000000708800000| Untracked 
|  95|0x0000000708900000, 0x0000000708900000, 0x0000000708a00000|  0%| F|  |TAMS 0x0000000708900000, 0x0000000708900000| Untracked 
|  96|0x0000000708a00000, 0x0000000708a00000, 0x0000000708b00000|  0%| F|  |TAMS 0x0000000708a00000, 0x0000000708a00000| Untracked 
|  97|0x0000000708b00000, 0x0000000708b00000, 0x0000000708c00000|  0%| F|  |TAMS 0x0000000708b00000, 0x0000000708b00000| Untracked 
|  98|0x0000000708c00000, 0x0000000708c00000, 0x0000000708d00000|  0%| F|  |TAMS 0x0000000708c00000, 0x0000000708c00000| Untracked 
|  99|0x0000000708d00000, 0x0000000708d00000, 0x0000000708e00000|  0%| F|  |TAMS 0x0000000708d00000, 0x0000000708d00000| Untracked 
| 100|0x0000000708e00000, 0x0000000708e00000, 0x0000000708f00000|  0%| F|  |TAMS 0x0000000708e00000, 0x0000000708e00000| Untracked 
| 101|0x0000000708f00000, 0x0000000708f00000, 0x0000000709000000|  0%| F|  |TAMS 0x0000000708f00000, 0x0000000708f00000| Untracked 
| 102|0x0000000709000000, 0x0000000709000000, 0x0000000709100000|  0%| F|  |TAMS 0x0000000709000000, 0x0000000709000000| Untracked 
| 103|0x0000000709100000, 0x0000000709100000, 0x0000000709200000|  0%| F|  |TAMS 0x0000000709100000, 0x0000000709100000| Untracked 
| 104|0x0000000709200000, 0x0000000709200000, 0x0000000709300000|  0%| F|  |TAMS 0x0000000709200000, 0x0000000709200000| Untracked 
| 105|0x0000000709300000, 0x0000000709300000, 0x0000000709400000|  0%| F|  |TAMS 0x0000000709300000, 0x0000000709300000| Untracked 
| 106|0x0000000709400000, 0x0000000709400000, 0x0000000709500000|  0%| F|  |TAMS 0x0000000709400000, 0x0000000709400000| Untracked 
| 107|0x0000000709500000, 0x0000000709500000, 0x0000000709600000|  0%| F|  |TAMS 0x0000000709500000, 0x0000000709500000| Untracked 
| 108|0x0000000709600000, 0x0000000709600000, 0x0000000709700000|  0%| F|  |TAMS 0x0000000709600000, 0x0000000709600000| Untracked 
| 109|0x0000000709700000, 0x0000000709700000, 0x0000000709800000|  0%| F|  |TAMS 0x0000000709700000, 0x0000000709700000| Untracked 
| 110|0x0000000709800000, 0x0000000709800000, 0x0000000709900000|  0%| F|  |TAMS 0x0000000709800000, 0x0000000709800000| Untracked 
| 111|0x0000000709900000, 0x0000000709900000, 0x0000000709a00000|  0%| F|  |TAMS 0x0000000709900000, 0x0000000709900000| Untracked 
| 112|0x0000000709a00000, 0x0000000709a00000, 0x0000000709b00000|  0%| F|  |TAMS 0x0000000709a00000, 0x0000000709a00000| Untracked 
| 113|0x0000000709b00000, 0x0000000709b00000, 0x0000000709c00000|  0%| F|  |TAMS 0x0000000709b00000, 0x0000000709b00000| Untracked 
| 114|0x0000000709c00000, 0x0000000709c00000, 0x0000000709d00000|  0%| F|  |TAMS 0x0000000709c00000, 0x0000000709c00000| Untracked 
| 115|0x0000000709d00000, 0x0000000709d00000, 0x0000000709e00000|  0%| F|  |TAMS 0x0000000709d00000, 0x0000000709d00000| Untracked 
| 116|0x0000000709e00000, 0x0000000709e00000, 0x0000000709f00000|  0%| F|  |TAMS 0x0000000709e00000, 0x0000000709e00000| Untracked 
| 117|0x0000000709f00000, 0x0000000709f00000, 0x000000070a000000|  0%| F|  |TAMS 0x0000000709f00000, 0x0000000709f00000| Untracked 
| 118|0x000000070a000000, 0x000000070a000000, 0x000000070a100000|  0%| F|  |TAMS 0x000000070a000000, 0x000000070a000000| Untracked 
| 119|0x000000070a100000, 0x000000070a100000, 0x000000070a200000|  0%| F|  |TAMS 0x000000070a100000, 0x000000070a100000| Untracked 
| 120|0x000000070a200000, 0x000000070a200000, 0x000000070a300000|  0%| F|  |TAMS 0x000000070a200000, 0x000000070a200000| Untracked 
| 121|0x000000070a300000, 0x000000070a300000, 0x000000070a400000|  0%| F|  |TAMS 0x000000070a300000, 0x000000070a300000| Untracked 
| 122|0x000000070a400000, 0x000000070a400000, 0x000000070a500000|  0%| F|  |TAMS 0x000000070a400000, 0x000000070a400000| Untracked 
| 123|0x000000070a500000, 0x000000070a500000, 0x000000070a600000|  0%| F|  |TAMS 0x000000070a500000, 0x000000070a500000| Untracked 
| 124|0x000000070a600000, 0x000000070a600000, 0x000000070a700000|  0%| F|  |TAMS 0x000000070a600000, 0x000000070a600000| Untracked 
| 125|0x000000070a700000, 0x000000070a700000, 0x000000070a800000|  0%| F|  |TAMS 0x000000070a700000, 0x000000070a700000| Untracked 
| 126|0x000000070a800000, 0x000000070a800000, 0x000000070a900000|  0%| F|  |TAMS 0x000000070a800000, 0x000000070a800000| Untracked 
| 127|0x000000070a900000, 0x000000070a900000, 0x000000070aa00000|  0%| F|  |TAMS 0x000000070a900000, 0x000000070a900000| Untracked 
| 128|0x000000070aa00000, 0x000000070aa00000, 0x000000070ab00000|  0%| F|  |TAMS 0x000000070aa00000, 0x000000070aa00000| Untracked 
| 129|0x000000070ab00000, 0x000000070ab00000, 0x000000070ac00000|  0%| F|  |TAMS 0x000000070ab00000, 0x000000070ab00000| Untracked 
| 130|0x000000070ac00000, 0x000000070ac00000, 0x000000070ad00000|  0%| F|  |TAMS 0x000000070ac00000, 0x000000070ac00000| Untracked 
| 131|0x000000070ad00000, 0x000000070ad00000, 0x000000070ae00000|  0%| F|  |TAMS 0x000000070ad00000, 0x000000070ad00000| Untracked 
| 132|0x000000070ae00000, 0x000000070ae00000, 0x000000070af00000|  0%| F|  |TAMS 0x000000070ae00000, 0x000000070ae00000| Untracked 
| 133|0x000000070af00000, 0x000000070af00000, 0x000000070b000000|  0%| F|  |TAMS 0x000000070af00000, 0x000000070af00000| Untracked 
| 134|0x000000070b000000, 0x000000070b000000, 0x000000070b100000|  0%| F|  |TAMS 0x000000070b000000, 0x000000070b000000| Untracked 
| 135|0x000000070b100000, 0x000000070b100000, 0x000000070b200000|  0%| F|  |TAMS 0x000000070b100000, 0x000000070b100000| Untracked 
| 136|0x000000070b200000, 0x000000070b200000, 0x000000070b300000|  0%| F|  |TAMS 0x000000070b200000, 0x000000070b200000| Untracked 
| 137|0x000000070b300000, 0x000000070b300000, 0x000000070b400000|  0%| F|  |TAMS 0x000000070b300000, 0x000000070b300000| Untracked 
| 138|0x000000070b400000, 0x000000070b400000, 0x000000070b500000|  0%| F|  |TAMS 0x000000070b400000, 0x000000070b400000| Untracked 
| 139|0x000000070b500000, 0x000000070b500000, 0x000000070b600000|  0%| F|  |TAMS 0x000000070b500000, 0x000000070b500000| Untracked 
| 140|0x000000070b600000, 0x000000070b600000, 0x000000070b700000|  0%| F|  |TAMS 0x000000070b600000, 0x000000070b600000| Untracked 
| 141|0x000000070b700000, 0x000000070b700000, 0x000000070b800000|  0%| F|  |TAMS 0x000000070b700000, 0x000000070b700000| Untracked 
| 142|0x000000070b800000, 0x000000070b800000, 0x000000070b900000|  0%| F|  |TAMS 0x000000070b800000, 0x000000070b800000| Untracked 
| 143|0x000000070b900000, 0x000000070b900000, 0x000000070ba00000|  0%| F|  |TAMS 0x000000070b900000, 0x000000070b900000| Untracked 
| 144|0x000000070ba00000, 0x000000070ba00000, 0x000000070bb00000|  0%| F|  |TAMS 0x000000070ba00000, 0x000000070ba00000| Untracked 
| 145|0x000000070bb00000, 0x000000070bb00000, 0x000000070bc00000|  0%| F|  |TAMS 0x000000070bb00000, 0x000000070bb00000| Untracked 
| 146|0x000000070bc00000, 0x000000070bc00000, 0x000000070bd00000|  0%| F|  |TAMS 0x000000070bc00000, 0x000000070bc00000| Untracked 
| 147|0x000000070bd00000, 0x000000070bd00000, 0x000000070be00000|  0%| F|  |TAMS 0x000000070bd00000, 0x000000070bd00000| Untracked 
| 148|0x000000070be00000, 0x000000070be00000, 0x000000070bf00000|  0%| F|  |TAMS 0x000000070be00000, 0x000000070be00000| Untracked 
| 149|0x000000070bf00000, 0x000000070bf00000, 0x000000070c000000|  0%| F|  |TAMS 0x000000070bf00000, 0x000000070bf00000| Untracked 
| 150|0x000000070c000000, 0x000000070c000000, 0x000000070c100000|  0%| F|  |TAMS 0x000000070c000000, 0x000000070c000000| Untracked 
| 151|0x000000070c100000, 0x000000070c100000, 0x000000070c200000|  0%| F|  |TAMS 0x000000070c100000, 0x000000070c100000| Untracked 
| 152|0x000000070c200000, 0x000000070c200000, 0x000000070c300000|  0%| F|  |TAMS 0x000000070c200000, 0x000000070c200000| Untracked 
| 153|0x000000070c300000, 0x000000070c300000, 0x000000070c400000|  0%| F|  |TAMS 0x000000070c300000, 0x000000070c300000| Untracked 
| 154|0x000000070c400000, 0x000000070c400000, 0x000000070c500000|  0%| F|  |TAMS 0x000000070c400000, 0x000000070c400000| Untracked 
| 155|0x000000070c500000, 0x000000070c500000, 0x000000070c600000|  0%| F|  |TAMS 0x000000070c500000, 0x000000070c500000| Untracked 
| 156|0x000000070c600000, 0x000000070c600000, 0x000000070c700000|  0%| F|  |TAMS 0x000000070c600000, 0x000000070c600000| Untracked 
| 157|0x000000070c700000, 0x000000070c700000, 0x000000070c800000|  0%| F|  |TAMS 0x000000070c700000, 0x000000070c700000| Untracked 
| 158|0x000000070c800000, 0x000000070c800000, 0x000000070c900000|  0%| F|  |TAMS 0x000000070c800000, 0x000000070c800000| Untracked 
| 159|0x000000070c900000, 0x000000070c900000, 0x000000070ca00000|  0%| F|  |TAMS 0x000000070c900000, 0x000000070c900000| Untracked 
| 160|0x000000070ca00000, 0x000000070ca00000, 0x000000070cb00000|  0%| F|  |TAMS 0x000000070ca00000, 0x000000070ca00000| Untracked 
| 161|0x000000070cb00000, 0x000000070cb00000, 0x000000070cc00000|  0%| F|  |TAMS 0x000000070cb00000, 0x000000070cb00000| Untracked 
| 162|0x000000070cc00000, 0x000000070cc00000, 0x000000070cd00000|  0%| F|  |TAMS 0x000000070cc00000, 0x000000070cc00000| Untracked 
| 163|0x000000070cd00000, 0x000000070cd00000, 0x000000070ce00000|  0%| F|  |TAMS 0x000000070cd00000, 0x000000070cd00000| Untracked 
| 164|0x000000070ce00000, 0x000000070ce00000, 0x000000070cf00000|  0%| F|  |TAMS 0x000000070ce00000, 0x000000070ce00000| Untracked 
| 165|0x000000070cf00000, 0x000000070cf00000, 0x000000070d000000|  0%| F|  |TAMS 0x000000070cf00000, 0x000000070cf00000| Untracked 
| 166|0x000000070d000000, 0x000000070d000000, 0x000000070d100000|  0%| F|  |TAMS 0x000000070d000000, 0x000000070d000000| Untracked 
| 167|0x000000070d100000, 0x000000070d100000, 0x000000070d200000|  0%| F|  |TAMS 0x000000070d100000, 0x000000070d100000| Untracked 
| 168|0x000000070d200000, 0x000000070d200000, 0x000000070d300000|  0%| F|  |TAMS 0x000000070d200000, 0x000000070d200000| Untracked 
| 169|0x000000070d300000, 0x000000070d300000, 0x000000070d400000|  0%| F|  |TAMS 0x000000070d300000, 0x000000070d300000| Untracked 
| 170|0x000000070d400000, 0x000000070d400000, 0x000000070d500000|  0%| F|  |TAMS 0x000000070d400000, 0x000000070d400000| Untracked 
| 171|0x000000070d500000, 0x000000070d500000, 0x000000070d600000|  0%| F|  |TAMS 0x000000070d500000, 0x000000070d500000| Untracked 
| 172|0x000000070d600000, 0x000000070d600000, 0x000000070d700000|  0%| F|  |TAMS 0x000000070d600000, 0x000000070d600000| Untracked 
| 173|0x000000070d700000, 0x000000070d700000, 0x000000070d800000|  0%| F|  |TAMS 0x000000070d700000, 0x000000070d700000| Untracked 
| 174|0x000000070d800000, 0x000000070d800000, 0x000000070d900000|  0%| F|  |TAMS 0x000000070d800000, 0x000000070d800000| Untracked 
| 175|0x000000070d900000, 0x000000070d900000, 0x000000070da00000|  0%| F|  |TAMS 0x000000070d900000, 0x000000070d900000| Untracked 
| 176|0x000000070da00000, 0x000000070da00000, 0x000000070db00000|  0%| F|  |TAMS 0x000000070da00000, 0x000000070da00000| Untracked 
| 177|0x000000070db00000, 0x000000070db00000, 0x000000070dc00000|  0%| F|  |TAMS 0x000000070db00000, 0x000000070db00000| Untracked 
| 178|0x000000070dc00000, 0x000000070dc00000, 0x000000070dd00000|  0%| F|  |TAMS 0x000000070dc00000, 0x000000070dc00000| Untracked 
| 179|0x000000070dd00000, 0x000000070dd00000, 0x000000070de00000|  0%| F|  |TAMS 0x000000070dd00000, 0x000000070dd00000| Untracked 
| 180|0x000000070de00000, 0x000000070de00000, 0x000000070df00000|  0%| F|  |TAMS 0x000000070de00000, 0x000000070de00000| Untracked 
| 181|0x000000070df00000, 0x000000070df00000, 0x000000070e000000|  0%| F|  |TAMS 0x000000070df00000, 0x000000070df00000| Untracked 
| 182|0x000000070e000000, 0x000000070e000000, 0x000000070e100000|  0%| F|  |TAMS 0x000000070e000000, 0x000000070e000000| Untracked 
| 183|0x000000070e100000, 0x000000070e100000, 0x000000070e200000|  0%| F|  |TAMS 0x000000070e100000, 0x000000070e100000| Untracked 
| 184|0x000000070e200000, 0x000000070e300000, 0x000000070e300000|100%| S|CS|TAMS 0x000000070e200000, 0x000000070e200000| Complete 
| 185|0x000000070e300000, 0x000000070e400000, 0x000000070e400000|100%| S|CS|TAMS 0x000000070e300000, 0x000000070e300000| Complete 
| 186|0x000000070e400000, 0x000000070e500000, 0x000000070e500000|100%| S|CS|TAMS 0x000000070e400000, 0x000000070e400000| Complete 
| 187|0x000000070e500000, 0x000000070e600000, 0x000000070e600000|100%| S|CS|TAMS 0x000000070e500000, 0x000000070e500000| Complete 
| 188|0x000000070e600000, 0x000000070e700000, 0x000000070e700000|100%| S|CS|TAMS 0x000000070e600000, 0x000000070e600000| Complete 
| 189|0x000000070e700000, 0x000000070e800000, 0x000000070e800000|100%| S|CS|TAMS 0x000000070e700000, 0x000000070e700000| Complete 
| 190|0x000000070e800000, 0x000000070e900000, 0x000000070e900000|100%| S|CS|TAMS 0x000000070e800000, 0x000000070e800000| Complete 
| 191|0x000000070e900000, 0x000000070ea00000, 0x000000070ea00000|100%| S|CS|TAMS 0x000000070e900000, 0x000000070e900000| Complete 
| 192|0x000000070ea00000, 0x000000070ea00000, 0x000000070eb00000|  0%| F|  |TAMS 0x000000070ea00000, 0x000000070ea00000| Untracked 
| 193|0x000000070eb00000, 0x000000070eb00000, 0x000000070ec00000|  0%| F|  |TAMS 0x000000070eb00000, 0x000000070eb00000| Untracked 
| 194|0x000000070ec00000, 0x000000070ec00000, 0x000000070ed00000|  0%| F|  |TAMS 0x000000070ec00000, 0x000000070ec00000| Untracked 
| 195|0x000000070ed00000, 0x000000070ed80800, 0x000000070ee00000| 50%| E|  |TAMS 0x000000070ed00000, 0x000000070ed00000| Complete 
| 196|0x000000070ee00000, 0x000000070ef00000, 0x000000070ef00000|100%| E|CS|TAMS 0x000000070ee00000, 0x000000070ee00000| Complete 
| 197|0x000000070ef00000, 0x000000070f000000, 0x000000070f000000|100%| E|CS|TAMS 0x000000070ef00000, 0x000000070ef00000| Complete 
| 198|0x000000070f000000, 0x000000070f100000, 0x000000070f100000|100%| E|CS|TAMS 0x000000070f000000, 0x000000070f000000| Complete 
| 199|0x000000070f100000, 0x000000070f200000, 0x000000070f200000|100%| E|CS|TAMS 0x000000070f100000, 0x000000070f100000| Complete 
| 200|0x000000070f200000, 0x000000070f300000, 0x000000070f300000|100%| E|CS|TAMS 0x000000070f200000, 0x000000070f200000| Complete 
| 201|0x000000070f300000, 0x000000070f400000, 0x000000070f400000|100%| E|CS|TAMS 0x000000070f300000, 0x000000070f300000| Complete 
| 202|0x000000070f400000, 0x000000070f500000, 0x000000070f500000|100%| E|CS|TAMS 0x000000070f400000, 0x000000070f400000| Complete 
| 203|0x000000070f500000, 0x000000070f600000, 0x000000070f600000|100%| E|CS|TAMS 0x000000070f500000, 0x000000070f500000| Complete 
| 204|0x000000070f600000, 0x000000070f700000, 0x000000070f700000|100%| E|CS|TAMS 0x000000070f600000, 0x000000070f600000| Complete 
| 205|0x000000070f700000, 0x000000070f800000, 0x000000070f800000|100%| E|CS|TAMS 0x000000070f700000, 0x000000070f700000| Complete 
| 206|0x000000070f800000, 0x000000070f900000, 0x000000070f900000|100%| E|CS|TAMS 0x000000070f800000, 0x000000070f800000| Complete 
| 207|0x000000070f900000, 0x000000070fa00000, 0x000000070fa00000|100%| E|CS|TAMS 0x000000070f900000, 0x000000070f900000| Complete 
| 208|0x000000070fa00000, 0x000000070fb00000, 0x000000070fb00000|100%| E|CS|TAMS 0x000000070fa00000, 0x000000070fa00000| Complete 
| 209|0x000000070fb00000, 0x000000070fc00000, 0x000000070fc00000|100%| E|CS|TAMS 0x000000070fb00000, 0x000000070fb00000| Complete 
| 210|0x000000070fc00000, 0x000000070fd00000, 0x000000070fd00000|100%| E|CS|TAMS 0x000000070fc00000, 0x000000070fc00000| Complete 
| 211|0x000000070fd00000, 0x000000070fe00000, 0x000000070fe00000|100%| E|CS|TAMS 0x000000070fd00000, 0x000000070fd00000| Complete 
| 212|0x000000070fe00000, 0x000000070ff00000, 0x000000070ff00000|100%| E|CS|TAMS 0x000000070fe00000, 0x000000070fe00000| Complete 
| 213|0x000000070ff00000, 0x0000000710000000, 0x0000000710000000|100%| E|CS|TAMS 0x000000070ff00000, 0x000000070ff00000| Complete 
| 214|0x0000000710000000, 0x0000000710100000, 0x0000000710100000|100%| E|CS|TAMS 0x0000000710000000, 0x0000000710000000| Complete 
| 215|0x0000000710100000, 0x0000000710200000, 0x0000000710200000|100%| E|CS|TAMS 0x0000000710100000, 0x0000000710100000| Complete 
| 216|0x0000000710200000, 0x0000000710300000, 0x0000000710300000|100%| E|CS|TAMS 0x0000000710200000, 0x0000000710200000| Complete 
| 217|0x0000000710300000, 0x0000000710400000, 0x0000000710400000|100%| E|CS|TAMS 0x0000000710300000, 0x0000000710300000| Complete 
| 218|0x0000000710400000, 0x0000000710500000, 0x0000000710500000|100%| E|CS|TAMS 0x0000000710400000, 0x0000000710400000| Complete 
| 219|0x0000000710500000, 0x0000000710600000, 0x0000000710600000|100%| E|CS|TAMS 0x0000000710500000, 0x0000000710500000| Complete 
| 220|0x0000000710600000, 0x0000000710700000, 0x0000000710700000|100%| E|CS|TAMS 0x0000000710600000, 0x0000000710600000| Complete 
| 221|0x0000000710700000, 0x0000000710800000, 0x0000000710800000|100%| E|CS|TAMS 0x0000000710700000, 0x0000000710700000| Complete 
| 222|0x0000000710800000, 0x0000000710900000, 0x0000000710900000|100%| E|CS|TAMS 0x0000000710800000, 0x0000000710800000| Complete 
| 223|0x0000000710900000, 0x0000000710a00000, 0x0000000710a00000|100%| E|CS|TAMS 0x0000000710900000, 0x0000000710900000| Complete 
| 224|0x0000000710a00000, 0x0000000710b00000, 0x0000000710b00000|100%| E|CS|TAMS 0x0000000710a00000, 0x0000000710a00000| Complete 
| 225|0x0000000710b00000, 0x0000000710c00000, 0x0000000710c00000|100%| E|CS|TAMS 0x0000000710b00000, 0x0000000710b00000| Complete 
| 226|0x0000000710c00000, 0x0000000710d00000, 0x0000000710d00000|100%| E|CS|TAMS 0x0000000710c00000, 0x0000000710c00000| Complete 
| 227|0x0000000710d00000, 0x0000000710e00000, 0x0000000710e00000|100%| E|CS|TAMS 0x0000000710d00000, 0x0000000710d00000| Complete 
| 228|0x0000000710e00000, 0x0000000710f00000, 0x0000000710f00000|100%| E|CS|TAMS 0x0000000710e00000, 0x0000000710e00000| Complete 
| 229|0x0000000710f00000, 0x0000000711000000, 0x0000000711000000|100%| E|CS|TAMS 0x0000000710f00000, 0x0000000710f00000| Complete 
| 230|0x0000000711000000, 0x0000000711100000, 0x0000000711100000|100%| E|CS|TAMS 0x0000000711000000, 0x0000000711000000| Complete 
| 231|0x0000000711100000, 0x0000000711200000, 0x0000000711200000|100%| E|CS|TAMS 0x0000000711100000, 0x0000000711100000| Complete 
| 232|0x0000000711200000, 0x0000000711300000, 0x0000000711300000|100%| E|CS|TAMS 0x0000000711200000, 0x0000000711200000| Complete 
| 233|0x0000000711300000, 0x0000000711400000, 0x0000000711400000|100%| E|CS|TAMS 0x0000000711300000, 0x0000000711300000| Complete 
| 234|0x0000000711400000, 0x0000000711500000, 0x0000000711500000|100%| E|CS|TAMS 0x0000000711400000, 0x0000000711400000| Complete 
| 235|0x0000000711500000, 0x0000000711600000, 0x0000000711600000|100%| E|CS|TAMS 0x0000000711500000, 0x0000000711500000| Complete 
| 236|0x0000000711600000, 0x0000000711700000, 0x0000000711700000|100%| E|CS|TAMS 0x0000000711600000, 0x0000000711600000| Complete 
| 237|0x0000000711700000, 0x0000000711800000, 0x0000000711800000|100%| E|CS|TAMS 0x0000000711700000, 0x0000000711700000| Complete 
| 238|0x0000000711800000, 0x0000000711900000, 0x0000000711900000|100%| E|CS|TAMS 0x0000000711800000, 0x0000000711800000| Complete 
| 239|0x0000000711900000, 0x0000000711a00000, 0x0000000711a00000|100%| E|CS|TAMS 0x0000000711900000, 0x0000000711900000| Complete 
| 240|0x0000000711a00000, 0x0000000711b00000, 0x0000000711b00000|100%| E|CS|TAMS 0x0000000711a00000, 0x0000000711a00000| Complete 
| 241|0x0000000711b00000, 0x0000000711c00000, 0x0000000711c00000|100%| E|CS|TAMS 0x0000000711b00000, 0x0000000711b00000| Complete 
| 242|0x0000000711c00000, 0x0000000711d00000, 0x0000000711d00000|100%| E|CS|TAMS 0x0000000711c00000, 0x0000000711c00000| Complete 
| 243|0x0000000711d00000, 0x0000000711e00000, 0x0000000711e00000|100%| E|CS|TAMS 0x0000000711d00000, 0x0000000711d00000| Complete 
| 244|0x0000000711e00000, 0x0000000711f00000, 0x0000000711f00000|100%| E|CS|TAMS 0x0000000711e00000, 0x0000000711e00000| Complete 
| 245|0x0000000711f00000, 0x0000000712000000, 0x0000000712000000|100%| E|CS|TAMS 0x0000000711f00000, 0x0000000711f00000| Complete 
| 246|0x0000000712000000, 0x0000000712100000, 0x0000000712100000|100%| E|CS|TAMS 0x0000000712000000, 0x0000000712000000| Complete 
| 247|0x0000000712100000, 0x0000000712200000, 0x0000000712200000|100%| E|CS|TAMS 0x0000000712100000, 0x0000000712100000| Complete 
| 248|0x0000000712200000, 0x0000000712300000, 0x0000000712300000|100%| E|CS|TAMS 0x0000000712200000, 0x0000000712200000| Complete 
| 249|0x0000000712300000, 0x0000000712400000, 0x0000000712400000|100%| E|CS|TAMS 0x0000000712300000, 0x0000000712300000| Complete 
| 250|0x0000000712400000, 0x0000000712500000, 0x0000000712500000|100%| E|CS|TAMS 0x0000000712400000, 0x0000000712400000| Complete 
| 251|0x0000000712500000, 0x0000000712600000, 0x0000000712600000|100%| E|CS|TAMS 0x0000000712500000, 0x0000000712500000| Complete 
| 252|0x0000000712600000, 0x0000000712700000, 0x0000000712700000|100%| E|CS|TAMS 0x0000000712600000, 0x0000000712600000| Complete 
| 253|0x0000000712700000, 0x0000000712800000, 0x0000000712800000|100%| E|CS|TAMS 0x0000000712700000, 0x0000000712700000| Complete 

Card table byte_map: [0x00000281e8a60000,0x00000281e9250000] _byte_map_base: 0x00000281e524b000

Marking Bits (Prev, Next): (CMBitMap*) 0x00000281d5263c88, (CMBitMap*) 0x00000281d5263cc0
 Prev Bits: [0x00000281e9a40000, 0x00000281ed998000)
 Next Bits: [0x00000281ed9a0000, 0x00000281f18f8000)

Polling page: 0x00000281d31b0000

Metaspace:

Usage:
  Non-class:     43.40 MB capacity,    43.14 MB (>99%) used,   189.21 KB ( <1%) free+waste,    71.94 KB ( <1%) overhead. 
      Class:      5.90 MB capacity,     5.70 MB ( 96%) used,   182.17 KB (  3%) free+waste,    31.31 KB ( <1%) overhead. 
       Both:     49.30 MB capacity,    48.84 MB (>99%) used,   371.38 KB ( <1%) free+waste,   103.25 KB ( <1%) overhead. 

Virtual space:
  Non-class space:       44.00 MB reserved,      43.67 MB (>99%) committed 
      Class space:        1.00 GB reserved,       6.00 MB ( <1%) committed 
             Both:        1.04 GB reserved,      49.67 MB (  5%) committed 

Chunk freelists:
   Non-Class:  24.00 KB
       Class:  2.00 KB
        Both:  26.00 KB

MaxMetaspaceSize: 17179869184.00 GB
CompressedClassSpaceSize: 1.00 GB
Initial GC threshold: 20.80 MB
Current GC threshold: 58.83 MB
CDS: off

CodeHeap 'non-profiled nmethods': size=120000Kb used=1997Kb max_used=1997Kb free=118002Kb
 bounds [0x00000281e07f0000, 0x00000281e0a60000, 0x00000281e7d20000]
CodeHeap 'profiled nmethods': size=120000Kb used=9291Kb max_used=9291Kb free=110708Kb
 bounds [0x00000281d92c0000, 0x00000281d9be0000, 0x00000281e07f0000]
CodeHeap 'non-nmethods': size=5760Kb used=1277Kb max_used=1328Kb free=4482Kb
 bounds [0x00000281d8d20000, 0x00000281d8f90000, 0x00000281d92c0000]
 total_blobs=4668 nmethods=4107 adapters=473
 compilation: enabled
              stopped_count=0, restarted_count=0
 full_count=0

Compilation events (20 events):
Event: 10.398 Thread 0x00000281f4fc0000 nmethod 4112 0x00000281d9bc3210 code [0x00000281d9bc33c0, 0x00000281d9bc3548]
Event: 10.398 Thread 0x00000281f4fc0000 4116       3       org.jetbrains.kotlin.parsing.KotlinExpressionParsing$Precedence::getOperations (13 bytes)
Event: 10.400 Thread 0x00000281f4fc0000 nmethod 4116 0x00000281d9bc3610 code [0x00000281d9bc38c0, 0x00000281d9bc4688]
Event: 10.400 Thread 0x00000281f4fc0000 4117       3       java.lang.invoke.LambdaForm$DMH/0x00000008001a8c40::invokeSpecial (18 bytes)
Event: 10.401 Thread 0x00000281f4fc0000 nmethod 4117 0x00000281d9bc4a90 code [0x00000281d9bc4c60, 0x00000281d9bc5058]
Event: 10.401 Thread 0x00000281f4fc0000 4118       3       sun.misc.Unsafe::getObjectVolatile (9 bytes)
Event: 10.401 Thread 0x00000281f4fc0000 nmethod 4118 0x00000281d9bc5190 code [0x00000281d9bc5340, 0x00000281d9bc54b8]
Event: 10.401 Thread 0x00000281f4fc0000 4110       3       org.jetbrains.kotlin.com.intellij.util.containers.Stack::pop (25 bytes)
Event: 10.402 Thread 0x00000281f4fc0000 nmethod 4110 0x00000281d9bc5590 code [0x00000281d9bc57a0, 0x00000281d9bc5d68]
Event: 10.426 Thread 0x00000281f4fc0000 4119       1       org.jetbrains.kotlin.util.slicedMap.BasicWritableSlice::getRewritePolicy (5 bytes)
Event: 10.426 Thread 0x00000281f4fc0000 nmethod 4119 0x00000281e09deb10 code [0x00000281e09decc0, 0x00000281e09ded78]
Event: 10.426 Thread 0x00000281f4fc0000 4120       1       org.jetbrains.kotlin.util.slicedMap.BasicWritableSlice::isCollective (5 bytes)
Event: 10.426 Thread 0x00000281f4fc0000 nmethod 4120 0x00000281e09dee10 code [0x00000281e09defc0, 0x00000281e09df078]
Event: 10.454 Thread 0x00000281f4fc0000 4121       3       org.jetbrains.kotlin.com.intellij.openapi.util.Key::<init> (42 bytes)
Event: 10.455 Thread 0x00000281f4fc0000 nmethod 4121 0x00000281d9bc5f90 code [0x00000281d9bc6180, 0x00000281d9bc64f8]
Event: 10.455 Thread 0x00000281f4fc0000 4123   !   3       org.jetbrains.kotlin.com.intellij.util.containers.ConcurrentIntObjectHashMap::putVal (324 bytes)
Event: 10.462 Thread 0x00000281f4fc0000 nmethod 4123 0x00000281d9bc6610 code [0x00000281d9bc6a80, 0x00000281d9bc9608]
Event: 10.463 Thread 0x00000281f4fc0000 4122       3       org.jetbrains.kotlin.com.intellij.util.containers.ConcurrentIntKeyRefValueHashMap::put (40 bytes)
Event: 10.464 Thread 0x00000281f4fc0000 nmethod 4122 0x00000281d9bca490 code [0x00000281d9bca6c0, 0x00000281d9bcad18]
Event: 10.471 Thread 0x00000281f4fb7800 nmethod 4039 0x00000281e09df110 code [0x00000281e09df420, 0x00000281e09e1c48]

GC Heap History (10 events):
Event: 1.464 GC heap before
{Heap before GC invocations=0 (full 0):
 garbage-first heap   total 260096K, used 27648K [0x0000000702a00000, 0x0000000800000000)
  region size 1024K, 24 young (24576K), 0 survivors (0K)
 Metaspace       used 12521K, capacity 12689K, committed 12800K, reserved 1060864K
  class space    used 1127K, capacity 1182K, committed 1280K, reserved 1048576K
}
Event: 1.470 GC heap after
{Heap after GC invocations=1 (full 0):
 garbage-first heap   total 260096K, used 6328K [0x0000000702a00000, 0x0000000800000000)
  region size 1024K, 3 young (3072K), 3 survivors (3072K)
 Metaspace       used 12521K, capacity 12689K, committed 12800K, reserved 1060864K
  class space    used 1127K, capacity 1182K, committed 1280K, reserved 1048576K
}
Event: 2.967 GC heap before
{Heap before GC invocations=1 (full 0):
 garbage-first heap   total 260096K, used 43192K [0x0000000702a00000, 0x0000000800000000)
  region size 1024K, 40 young (40960K), 3 survivors (3072K)
 Metaspace       used 20880K, capacity 21150K, committed 21296K, reserved 1069056K
  class space    used 2241K, capacity 2372K, committed 2432K, reserved 1048576K
}
Event: 2.981 GC heap after
{Heap after GC invocations=2 (full 0):
 garbage-first heap   total 260096K, used 10009K [0x0000000702a00000, 0x0000000800000000)
  region size 1024K, 7 young (7168K), 7 survivors (7168K)
 Metaspace       used 20880K, capacity 21150K, committed 21296K, reserved 1069056K
  class space    used 2241K, capacity 2372K, committed 2432K, reserved 1048576K
}
Event: 5.053 GC heap before
{Heap before GC invocations=3 (full 0):
 garbage-first heap   total 260096K, used 64281K [0x0000000702a00000, 0x0000000800000000)
  region size 1024K, 55 young (56320K), 7 survivors (7168K)
 Metaspace       used 31965K, capacity 32423K, committed 32688K, reserved 1077248K
  class space    used 3808K, capacity 4001K, committed 4096K, reserved 1048576K
}
Event: 5.078 GC heap after
{Heap after GC invocations=4 (full 0):
 garbage-first heap   total 260096K, used 20538K [0x0000000702a00000, 0x0000000800000000)
  region size 1024K, 7 young (7168K), 7 survivors (7168K)
 Metaspace       used 31965K, capacity 32423K, committed 32688K, reserved 1077248K
  class space    used 3808K, capacity 4001K, committed 4096K, reserved 1048576K
}
Event: 5.673 GC heap before
{Heap before GC invocations=4 (full 0):
 garbage-first heap   total 260096K, used 34874K [0x0000000702a00000, 0x0000000800000000)
  region size 1024K, 22 young (22528K), 7 survivors (7168K)
 Metaspace       used 35230K, capacity 35729K, committed 35888K, reserved 1081344K
  class space    used 4383K, capacity 4612K, committed 4736K, reserved 1048576K
}
Event: 5.692 GC heap after
{Heap after GC invocations=5 (full 0):
 garbage-first heap   total 260096K, used 23138K [0x0000000702a00000, 0x0000000800000000)
  region size 1024K, 3 young (3072K), 3 survivors (3072K)
 Metaspace       used 35230K, capacity 35729K, committed 35888K, reserved 1081344K
  class space    used 4383K, capacity 4612K, committed 4736K, reserved 1048576K
}
Event: 8.843 GC heap before
{Heap before GC invocations=6 (full 0):
 garbage-first heap   total 260096K, used 85602K [0x0000000702a00000, 0x0000000800000000)
  region size 1024K, 62 young (63488K), 3 survivors (3072K)
 Metaspace       used 47196K, capacity 47702K, committed 47792K, reserved 1091584K
  class space    used 5580K, capacity 5802K, committed 5888K, reserved 1048576K
}
Event: 8.873 GC heap after
{Heap after GC invocations=7 (full 0):
 garbage-first heap   total 260096K, used 29696K [0x0000000702a00000, 0x0000000800000000)
  region size 1024K, 8 young (8192K), 8 survivors (8192K)
 Metaspace       used 47196K, capacity 47702K, committed 47792K, reserved 1091584K
  class space    used 5580K, capacity 5802K, committed 5888K, reserved 1048576K
}

Deoptimization events (20 events):
Event: 9.399 Thread 0x00000281d5204800 DEOPT PACKING pc=0x00000281e09812ec sp=0x000000cc4dffc1d0
Event: 9.399 Thread 0x00000281d5204800 DEOPT UNPACKING pc=0x00000281d8d6a1af sp=0x000000cc4dffc168 mode 2
Event: 9.909 Thread 0x00000281d5204800 Uncommon trap: trap_request=0xffffff4d fr.pc=0x00000281e09c0d10 relative=0x0000000000001ab0
Event: 9.919 Thread 0x00000281d5204800 Uncommon trap: reason=unstable_if action=reinterpret pc=0x00000281e09c0d10 method=org.jetbrains.org.objectweb.asm.ClassReader.readMethod(Lorg/jetbrains/org/objectweb/asm/ClassVisitor;Lorg/jetbrains/org/objectweb/asm/Context;I)I @ 396 c2
Event: 9.920 Thread 0x00000281d5204800 DEOPT PACKING pc=0x00000281e09c0d10 sp=0x000000cc4dffbd20
Event: 9.920 Thread 0x00000281d5204800 DEOPT UNPACKING pc=0x00000281d8d6a1af sp=0x000000cc4dffbc98 mode 2
Event: 10.237 Thread 0x00000281d5204800 DEOPT PACKING pc=0x00000281d9aa1209 sp=0x000000cc4dffba20
Event: 10.237 Thread 0x00000281d5204800 DEOPT UNPACKING pc=0x00000281d8d6a95e sp=0x000000cc4dffaf28 mode 0
Event: 10.238 Thread 0x00000281d5204800 DEOPT PACKING pc=0x00000281d9aa1209 sp=0x000000cc4dffba20
Event: 10.238 Thread 0x00000281d5204800 DEOPT UNPACKING pc=0x00000281d8d6a95e sp=0x000000cc4dffaf28 mode 0
Event: 10.266 Thread 0x00000281d5204800 DEOPT PACKING pc=0x00000281d9aa1209 sp=0x000000cc4dffba20
Event: 10.266 Thread 0x00000281d5204800 DEOPT UNPACKING pc=0x00000281d8d6a95e sp=0x000000cc4dffaf28 mode 0
Event: 10.268 Thread 0x00000281d5204800 DEOPT PACKING pc=0x00000281d9aa1209 sp=0x000000cc4dffba20
Event: 10.268 Thread 0x00000281d5204800 DEOPT UNPACKING pc=0x00000281d8d6a95e sp=0x000000cc4dffaf28 mode 0
Event: 10.297 Thread 0x00000281d5204800 DEOPT PACKING pc=0x00000281d9aa1209 sp=0x000000cc4dffba20
Event: 10.297 Thread 0x00000281d5204800 DEOPT UNPACKING pc=0x00000281d8d6a95e sp=0x000000cc4dffaf28 mode 0
Event: 10.427 Thread 0x00000281d5204800 Uncommon trap: trap_request=0xffffff4d fr.pc=0x00000281e09ac16c relative=0x00000000000001ac
Event: 10.427 Thread 0x00000281d5204800 Uncommon trap: reason=unstable_if action=reinterpret pc=0x00000281e09ac16c method=org.jetbrains.kotlin.name.Name.hashCode()I @ 16 c2
Event: 10.427 Thread 0x00000281d5204800 DEOPT PACKING pc=0x00000281e09ac16c sp=0x000000cc4dffc310
Event: 10.427 Thread 0x00000281d5204800 DEOPT UNPACKING pc=0x00000281d8d6a1af sp=0x000000cc4dffc2a8 mode 2

Classes redefined (0 events):
No events

Internal exceptions (20 events):
Event: 3.176 Thread 0x00000281d5204800 Exception <a 'java/lang/NoSuchMethodError'{0x00000007123d03b8}: 'long java.lang.invoke.DirectMethodHandle$Holder.invokeStatic(java.lang.Object)'> (0x00000007123d03b8) thrown at [src/hotspot/share/interpreter/linkResolver.cpp, line 773]
Event: 3.177 Thread 0x00000281d5204800 Exception <a 'java/lang/NoSuchMethodError'{0x00000007123d3210}: 'long java.lang.invoke.DirectMethodHandle$Holder.invokeStaticInit(java.lang.Object)'> (0x00000007123d3210) thrown at [src/hotspot/share/interpreter/linkResolver.cpp, line 773]
Event: 3.284 Thread 0x00000281d5204800 Exception <a 'java/lang/NoSuchMethodError'{0x0000000711f7d088}: 'int java.lang.invoke.DirectMethodHandle$Holder.invokeStaticInit(java.lang.Object, java.lang.Object, java.lang.Object)'> (0x0000000711f7d088) thrown at [src/hotspot/share/interpreter/linkResolver.cpp, line 773]
Event: 3.291 Thread 0x00000281d5204800 Exception <a 'java/lang/NoSuchMethodError'{0x0000000711fa81e0}: 'int java.lang.invoke.DirectMethodHandle$Holder.invokeStaticInit(java.lang.Object, java.lang.Object)'> (0x0000000711fa81e0) thrown at [src/hotspot/share/interpreter/linkResolver.cpp, line 773]
Event: 3.398 Thread 0x00000281d5204800 Exception <a 'java/lang/NoSuchMethodError'{0x0000000711dbe838}: 'void java.lang.invoke.DirectMethodHandle$Holder.invokeSpecial(java.lang.Object, java.lang.Object)'> (0x0000000711dbe838) thrown at [src/hotspot/share/interpreter/linkResolver.cpp, line 773]
Event: 3.850 Thread 0x00000281d5204800 Exception <a 'java/lang/NoSuchMethodError'{0x000000071142d7a0}: 'java.lang.Object java.lang.invoke.DirectMethodHandle$Holder.invokeStatic(java.lang.Object, java.lang.Object, java.lang.Object, java.lang.Object, java.lang.Object, java.lang.Object, java.lang.Object, java.lang.Object, java.lang.Object, java.lang.Object, java.lang.Object, java.lang.Object, java.lang.Object, java.lang.Object, java.lang.Object)'> (0x000000071142d7a0) thrown at [src/hotspot/share/interpreter/linkResolver.cpp, line 773]
Event: 3.854 Thread 0x00000281d5204800 Exception <a 'java/lang/NoSuchMethodError'{0x000000071143b7a8}: 'java.lang.Object java.lang.invoke.DirectMethodHandle$Holder.invokeStatic(java.lang.Object, java.lang.Object, java.lang.Object, java.lang.Object, java.lang.Object, java.lang.Object, java.lang.Object, java.lang.Object, java.lang.Object, java.lang.Object, java.lang.Object, java.lang.Object, java.lang.Object, java.lang.Object, java.lang.Object, java.lang.Object)'> (0x000000071143b7a8) thrown at [src/hotspot/share/interpreter/linkResolver.cpp, lin
Event: 3.856 Thread 0x00000281d5204800 Exception <a 'java/lang/NoSuchMethodError'{0x00000007114496c0}: 'java.lang.Object java.lang.invoke.DirectMethodHandle$Holder.invokeSpecial(java.lang.Object, java.lang.Object, int, int, java.lang.Object, java.lang.Object, java.lang.Object)'> (0x00000007114496c0) thrown at [src/hotspot/share/interpreter/linkResolver.cpp, line 773]
Event: 3.857 Thread 0x00000281d5204800 Exception <a 'java/lang/NoSuchMethodError'{0x000000071144cef8}: 'java.lang.Object java.lang.invoke.DelegatingMethodHandle$Holder.reinvoke_L(java.lang.Object, int, int, java.lang.Object, java.lang.Object, java.lang.Object)'> (0x000000071144cef8) thrown at [src/hotspot/share/interpreter/linkResolver.cpp, line 773]
Event: 3.858 Thread 0x00000281d5204800 Exception <a 'java/lang/NoSuchMethodError'{0x0000000711451280}: 'java.lang.Object java.lang.invoke.DirectMethodHandle$Holder.invokeStatic(java.lang.Object, java.lang.Object, java.lang.Object, java.lang.Object, int)'> (0x0000000711451280) thrown at [src/hotspot/share/interpreter/linkResolver.cpp, line 773]
Event: 3.952 Thread 0x00000281d5204800 Exception <a 'java/lang/NoSuchMethodError'{0x0000000711375ec0}: 'void java.lang.invoke.DirectMethodHandle$Holder.invokeStatic(java.lang.Object, java.lang.Object, java.lang.Object, java.lang.Object)'> (0x0000000711375ec0) thrown at [src/hotspot/share/interpreter/linkResolver.cpp, line 773]
Event: 4.093 Thread 0x00000281d5204800 Exception <a 'java/lang/NoSuchMethodError'{0x0000000710f5c940}: 'void java.lang.invoke.DirectMethodHandle$Holder.invokeStaticInit(java.lang.Object, java.lang.Object)'> (0x0000000710f5c940) thrown at [src/hotspot/share/interpreter/linkResolver.cpp, line 773]
Event: 4.320 Thread 0x00000281d5204800 Exception <a 'java/lang/NoSuchMethodError'{0x0000000710962e68}: 'void java.lang.invoke.DirectMethodHandle$Holder.invokeVirtual(java.lang.Object, java.lang.Object)'> (0x0000000710962e68) thrown at [src/hotspot/share/interpreter/linkResolver.cpp, line 773]
Event: 4.343 Thread 0x00000281d5204800 Exception <a 'java/lang/NoSuchMethodError'{0x00000007109f0ac8}: 'int java.lang.invoke.DirectMethodHandle$Holder.invokeVirtual(java.lang.Object, java.lang.Object)'> (0x00000007109f0ac8) thrown at [src/hotspot/share/interpreter/linkResolver.cpp, line 773]
Event: 5.982 Thread 0x00000281d5204800 Exception <a 'java/lang/NoSuchMethodError'{0x0000000712061830}: 'java.lang.Object java.lang.invoke.DirectMethodHandle$Holder.invokeVirtual(java.lang.Object, java.lang.Object, java.lang.Object)'> (0x0000000712061830) thrown at [src/hotspot/share/interpreter/linkResolver.cpp, line 773]
Event: 7.718 Thread 0x00000281d5204800 Exception <a 'java/lang/NoSuchMethodError'{0x000000070f5b12c8}: 'java.lang.Object java.lang.invoke.Invokers$Holder.linkToTargetMethod(java.lang.Object, int, java.lang.Object)'> (0x000000070f5b12c8) thrown at [src/hotspot/share/interpreter/linkResolver.cpp, line 773]
Event: 7.931 Thread 0x00000281d5204800 Implicit null exception at 0x00000281e094a6cc to 0x00000281e094a7b4
Event: 10.113 Thread 0x00000281d5204800 Exception <a 'java/lang/NoSuchMethodError'{0x000000070fc391e8}: 'java.lang.Object java.lang.invoke.DirectMethodHandle$Holder.invokeStatic(java.lang.Object, java.lang.Object, java.lang.Object, int)'> (0x000000070fc391e8) thrown at [src/hotspot/share/interpreter/linkResolver.cpp, line 773]
Event: 10.120 Thread 0x00000281d5204800 Exception <a 'java/lang/NoSuchMethodError'{0x000000070fc3ce58}: 'java.lang.Object java.lang.invoke.DirectMethodHandle$Holder.invokeSpecial(java.lang.Object, java.lang.Object, java.lang.Object, java.lang.Object, int)'> (0x000000070fc3ce58) thrown at [src/hotspot/share/interpreter/linkResolver.cpp, line 773]
Event: 10.121 Thread 0x00000281d5204800 Exception <a 'java/lang/NoSuchMethodError'{0x000000070fc40168}: 'java.lang.Object java.lang.invoke.Invokers$Holder.linkToTargetMethod(java.lang.Object, java.lang.Object, int, java.lang.Object)'> (0x000000070fc40168) thrown at [src/hotspot/share/interpreter/linkResolver.cpp, line 773]

Events (20 events):
Event: 10.458 loading class org/jetbrains/kotlin/resolve/calls/model/SimpleCandidateFactory
Event: 10.458 loading class org/jetbrains/kotlin/resolve/calls/model/SimpleCandidateFactory done
Event: 10.460 loading class org/jetbrains/kotlin/resolve/calls/components/ClassicTypeSystemContextForCSKt
Event: 10.460 loading class org/jetbrains/kotlin/resolve/calls/components/ClassicTypeSystemContextForCSKt done
Event: 10.460 loading class org/jetbrains/kotlin/resolve/calls/inference/model/NewConstraintSystemImpl
Event: 10.460 loading class org/jetbrains/kotlin/resolve/calls/inference/model/NewConstraintSystemImpl done
Event: 10.464 loading class org/jetbrains/kotlin/resolve/calls/inference/NewConstraintSystem
Event: 10.464 loading class org/jetbrains/kotlin/resolve/calls/inference/NewConstraintSystem done
Event: 10.472 loading class org/jetbrains/kotlin/resolve/calls/inference/model/MutableConstraintStorage
Event: 10.472 loading class org/jetbrains/kotlin/resolve/calls/inference/model/MutableConstraintStorage done
Event: 10.474 loading class org/jetbrains/kotlin/resolve/calls/inference/model/NewConstraintSystemImpl$State
Event: 10.474 loading class org/jetbrains/kotlin/resolve/calls/inference/model/NewConstraintSystemImpl$State done
Event: 10.475 loading class org/jetbrains/kotlin/resolve/calls/inference/DescriptorRelatedInferenceUtilsKt
Event: 10.475 loading class org/jetbrains/kotlin/resolve/calls/inference/DescriptorRelatedInferenceUtilsKt done
Event: 10.476 loading class org/jetbrains/kotlin/resolve/calls/inference/model/ConstraintStorage$Empty
Event: 10.476 loading class org/jetbrains/kotlin/resolve/calls/inference/model/ConstraintStorage$Empty done
Event: 10.477 loading class org/jetbrains/kotlin/types/AbstractTypeChecker
Event: 10.477 loading class org/jetbrains/kotlin/types/AbstractTypeChecker done
Event: 10.482 loading class org/jetbrains/kotlin/resolve/calls/model/MutableResolvedCallAtom
Event: 10.482 loading class org/jetbrains/kotlin/resolve/calls/model/MutableResolvedCallAtom done


Dynamic libraries:
0x00007ff6cb7e0000 - 0x00007ff6cb7ea000 	C:\Program Files\Android\Android Studio\jbr\bin\java.exe
0x00007ffc45ed0000 - 0x00007ffc460e4000 	C:\WINDOWS\SYSTEM32\ntdll.dll
0x00007ffc44a50000 - 0x00007ffc44b12000 	C:\WINDOWS\System32\KERNEL32.DLL
0x00007ffc43510000 - 0x00007ffc438b3000 	C:\WINDOWS\System32\KERNELBASE.dll
0x00007ffc433f0000 - 0x00007ffc43501000 	C:\WINDOWS\System32\ucrtbase.dll
0x00007ffc2c420000 - 0x00007ffc2c437000 	C:\Program Files\Android\Android Studio\jbr\bin\jli.dll
0x00007ffc2c3c0000 - 0x00007ffc2c3db000 	C:\Program Files\Android\Android Studio\jbr\bin\VCRUNTIME140.dll
0x00007ffc44d50000 - 0x00007ffc44efa000 	C:\WINDOWS\System32\USER32.dll
0x00007ffc1d220000 - 0x00007ffc1d4ae000 	C:\WINDOWS\WinSxS\amd64_microsoft.windows.common-controls_6595b64144ccf1df_6.0.22621.1635_none_270f70857386168e\COMCTL32.dll
0x00007ffc43ab0000 - 0x00007ffc43ad6000 	C:\WINDOWS\System32\win32u.dll
0x00007ffc44030000 - 0x00007ffc440d7000 	C:\WINDOWS\System32\msvcrt.dll
0x00007ffc44510000 - 0x00007ffc44539000 	C:\WINDOWS\System32\GDI32.dll
0x00007ffc432d0000 - 0x00007ffc433e9000 	C:\WINDOWS\System32\gdi32full.dll
0x00007ffc43ae0000 - 0x00007ffc43b7a000 	C:\WINDOWS\System32\msvcp_win.dll
0x00007ffc44b30000 - 0x00007ffc44b61000 	C:\WINDOWS\System32\IMM32.DLL
0x00007ffc38830000 - 0x00007ffc3883c000 	C:\Program Files\Android\Android Studio\jbr\bin\vcruntime140_1.dll
0x00007ffc20b00000 - 0x00007ffc20b8d000 	C:\Program Files\Android\Android Studio\jbr\bin\msvcp140.dll
0x00007ffbfd790000 - 0x00007ffbfe34c000 	C:\Program Files\Android\Android Studio\jbr\bin\server\jvm.dll
0x00007ffc45400000 - 0x00007ffc454ae000 	C:\WINDOWS\System32\ADVAPI32.dll
0x00007ffc43ef0000 - 0x00007ffc43f94000 	C:\WINDOWS\System32\sechost.dll
0x00007ffc45510000 - 0x00007ffc45627000 	C:\WINDOWS\System32\RPCRT4.dll
0x00007ffc44420000 - 0x00007ffc44428000 	C:\WINDOWS\System32\PSAPI.DLL
0x00007ffbeabd0000 - 0x00007ffbeabd9000 	C:\WINDOWS\SYSTEM32\WSOCK32.dll
0x00007ffc38010000 - 0x00007ffc38044000 	C:\WINDOWS\SYSTEM32\WINMM.dll
0x00007ffc44f00000 - 0x00007ffc44f71000 	C:\WINDOWS\System32\WS2_32.dll
0x00007ffc375a0000 - 0x00007ffc375aa000 	C:\WINDOWS\SYSTEM32\VERSION.dll
0x00007ffc42400000 - 0x00007ffc42418000 	C:\WINDOWS\SYSTEM32\kernel.appcore.dll
0x00007ffc3ae70000 - 0x00007ffc3ae80000 	C:\Program Files\Android\Android Studio\jbr\bin\verify.dll
0x00007ffc40930000 - 0x00007ffc40b5e000 	C:\WINDOWS\SYSTEM32\DBGHELP.DLL
0x00007ffc446c0000 - 0x00007ffc44a49000 	C:\WINDOWS\System32\combase.dll
0x00007ffc44430000 - 0x00007ffc44507000 	C:\WINDOWS\System32\OLEAUT32.dll
0x00007ffc33710000 - 0x00007ffc33742000 	C:\WINDOWS\SYSTEM32\dbgcore.DLL
0x00007ffc43a30000 - 0x00007ffc43aaa000 	C:\WINDOWS\System32\bcryptPrimitives.dll
0x00007ffc2f260000 - 0x00007ffc2f288000 	C:\Program Files\Android\Android Studio\jbr\bin\java.dll
0x00007ffc3ae60000 - 0x00007ffc3ae6a000 	C:\Program Files\Android\Android Studio\jbr\bin\jimage.dll
0x00007ffc38900000 - 0x00007ffc38918000 	C:\Program Files\Android\Android Studio\jbr\bin\zip.dll
0x00007ffc45630000 - 0x00007ffc45e29000 	C:\WINDOWS\System32\SHELL32.dll
0x00007ffc412d0000 - 0x00007ffc41b9e000 	C:\WINDOWS\SYSTEM32\windows.storage.dll
0x00007ffc41190000 - 0x00007ffc412ce000 	C:\WINDOWS\SYSTEM32\wintypes.dll
0x00007ffc44560000 - 0x00007ffc44651000 	C:\WINDOWS\System32\SHCORE.dll
0x00007ffc454b0000 - 0x00007ffc4550e000 	C:\WINDOWS\System32\shlwapi.dll
0x00007ffc43200000 - 0x00007ffc43226000 	C:\WINDOWS\SYSTEM32\profapi.dll
0x00007ffc38850000 - 0x00007ffc38869000 	C:\Program Files\Android\Android Studio\jbr\bin\net.dll
0x00007ffc39880000 - 0x00007ffc399b7000 	C:\WINDOWS\SYSTEM32\WINHTTP.dll
0x00007ffc42880000 - 0x00007ffc428e9000 	C:\WINDOWS\system32\mswsock.dll
0x00007ffc380b0000 - 0x00007ffc380c3000 	C:\Program Files\Android\Android Studio\jbr\bin\nio.dll

dbghelp: loaded successfully - version: 4.0.5 - missing functions: none
symbol engine: initialized successfully - sym options: 0x614 - pdb path: .;C:\Program Files\Android\Android Studio\jbr\bin;C:\WINDOWS\SYSTEM32;C:\WINDOWS\WinSxS\amd64_microsoft.windows.common-controls_6595b64144ccf1df_6.0.22621.1635_none_270f70857386168e;C:\Program Files\Android\Android Studio\jbr\bin\server

VM Arguments:
java_command: org.jetbrains.kotlin.cli.jvm.K2JVMCompiler @G:\AndroidProjects\Kora\app\build\20230731_11647377511424324770.compiler.options
java_class_path (initial): C:\Users\kh\.gradle\caches\modules-2\files-2.1\org.jetbrains.kotlin\kotlin-compiler-embeddable\1.7.0\4d09852239f61842072b40b524882fa3caaed371\kotlin-compiler-embeddable-1.7.0.jar;C:\Users\kh\.gradle\caches\modules-2\files-2.1\org.jetbrains.kotlin\kotlin-reflect\1.7.0\e660b0079fdaf744dc9cc7f6f3aa3c761ec839b0\kotlin-reflect-1.7.0.jar;C:\Users\kh\.gradle\caches\modules-2\files-2.1\org.jetbrains.kotlin\kotlin-stdlib\1.7.0\a5f42c684ad9003160ef0d0f693ecf0ba7b13549\kotlin-stdlib-1.7.0.jar;C:\Users\kh\.gradle\caches\modules-2\files-2.1\org.jetbrains.kotlin\kotlin-script-runtime\1.7.0\3acea1d447587e61bc3e1b3ed6227d9e9ed4ddf1\kotlin-script-runtime-1.7.0.jar;C:\Users\kh\.gradle\caches\modules-2\files-2.1\org.jetbrains.kotlin\kotlin-daemon-embeddable\1.7.0\fd56798de80825c673ac93808284c5198ffa2b50\kotlin-daemon-embeddable-1.7.0.jar;C:\Users\kh\.gradle\caches\modules-2\files-2.1\org.jetbrains.intellij.deps\trove4j\1.0.20200330\3afb14d5f9ceb459d724e907a21145e8ff394f02\trove4j-1.0.20200330.jar;C:\Users\kh\.gradle\caches\modules-2\files-2.1\net.java.dev.jna\jna\5.6.0\330f2244e9030119ab3030fc3fededc86713d9cc\jna-5.6.0.jar;C:\Users\kh\.gradle\caches\modules-2\files-2.1\org.jetbrains.kotlin\kotlin-stdlib-common\1.7.0\51736992f422993a1e741051bdf3c12801bc1ca1\kotlin-stdlib-common-1.7.0.jar;C:\Users\kh\.gradle\caches\modules-2\files-2.1\org.jetbrains\annotations\13.0\919f0dfe192fb4e063e7dacadee7f8bb9a2672a9\annotations-13.0.jar
Launcher Type: SUN_STANDARD

[Global flags]
     intx CICompilerCount                          = 4                                         {product} {ergonomic}
     uint ConcGCThreads                            = 3                                         {product} {ergonomic}
     uint G1ConcRefinementThreads                  = 10                                        {product} {ergonomic}
   size_t G1HeapRegionSize                         = 1048576                                   {product} {ergonomic}
    uintx GCDrainStackTargetSize                   = 64                                        {product} {ergonomic}
   size_t InitialHeapSize                          = 266338304                                 {product} {ergonomic}
   size_t MarkStackSize                            = 4194304                                   {product} {ergonomic}
   size_t MaxHeapSize                              = 4250927104                                {product} {ergonomic}
   size_t MaxNewSize                               = 2550136832                                {product} {ergonomic}
   size_t MinHeapDeltaBytes                        = 1048576                                   {product} {ergonomic}
    uintx NonNMethodCodeHeapSize                   = 5836300                                {pd product} {ergonomic}
    uintx NonProfiledCodeHeapSize                  = 122910970                              {pd product} {ergonomic}
    uintx ProfiledCodeHeapSize                     = 122910970                              {pd product} {ergonomic}
    uintx ReservedCodeCacheSize                    = 251658240                              {pd product} {ergonomic}
     bool SegmentedCodeCache                       = true                                      {product} {ergonomic}
     bool UseCompressedClassPointers               = true                                 {lp64_product} {ergonomic}
     bool UseCompressedOops                        = true                                 {lp64_product} {ergonomic}
     bool UseG1GC                                  = true                                      {product} {ergonomic}
     bool UseLargePagesIndividualAllocation        = false                                  {pd product} {ergonomic}

Logging:
Log output configuration:
 #0: stdout all=warning uptime,level,tags
 #1: stderr all=off uptime,level,tags

Environment Variables:
JAVA_HOME=C:\Program Files\Java\jdk-11
PATH=C:\Program Files (x86)\Common Files\Oracle\Java\javapath;C:\Windows\system32;C:\Windows;C:\Windows\System32\Wbem;C:\Windows\System32\WindowsPowerShell\v1.0\;C:\Windows\System32\OpenSSH\;C:\Program Files\Git\cmd;C:\Program Files\dotnet\;C:\WINDOWS\system32;C:\WINDOWS;C:\WINDOWS\System32\Wbem;C:\WINDOWS\System32\WindowsPowerShell\v1.0\;C:\WINDOWS\System32\OpenSSH\;C:\Users\kh\AppData\Local\Microsoft\WindowsApps;C:\Program Files\Java\jdk-20\bin;
USERNAME=Mostafa
OS=Windows_NT
PROCESSOR_IDENTIFIER=Intel64 Family 6 Model 158 Stepping 10, GenuineIntel



---------------  S Y S T E M  ---------------

OS: Windows 11 , 64 bit Build 22621 (10.0.22621.1928)
OS uptime: 0 days 0:39 hours

CPU:total 12 (initial active 12) (6 cores per cpu, 2 threads per core) family 6 model 158 stepping 10 microcode 0xde, cmov, cx8, fxsr, mmx, sse, sse2, sse3, ssse3, sse4.1, sse4.2, popcnt, avx, avx2, aes, clmul, erms, 3dnowpref, lzcnt, ht, tsc, tscinvbit, bmi1, bmi2, adx, fma

Memory: 4k page, system-wide physical 16211M (2658M free)
TotalPageFile size 19133M (AvailPageFile size 5M)
current process WorkingSet (physical memory assigned to process): 244M, peak: 264M
current process commit charge ("private bytes"): 450M, peak: 467M

vm_info: OpenJDK 64-Bit Server VM (11.0.15+0-b2043.56-9505619) for windows-amd64 JRE (11.0.15+0-b2043.56-9505619), built on Jan 19 2023 02:48:00 by "builduser" with unknown MS VC++:1929

END.
