#
# There is insufficient memory for the Java Runtime Environment to continue.
# Native memory allocation (mmap) failed to map 266338304 bytes for Failed to commit area from 0x0000000702a00000 to 0x0000000712800000 of length 266338304.
# Possible reasons:
#   The system is out of physical RAM or swap space
#   The process is running with CompressedOops enabled, and the Java Heap may be blocking the growth of the native heap
# Possible solutions:
#   Reduce memory load on the system
#   Increase physical memory or swap space
#   Check if swap backing store is full
#   Decrease Java heap size (-Xmx/-Xms)
#   Decrease number of Java threads
#   Decrease Java thread stack sizes (-Xss)
#   Set larger code cache with -XX:ReservedCodeCacheSize=
# This output file may be truncated or incomplete.
#
#  Out of Memory Error (src/hotspot/os/windows/os_windows.cpp:3627), pid=15292, tid=4772
#
# JRE version:  (11.0.15) (build )
# Java VM: OpenJDK 64-Bit Server VM (11.0.15+0-b2043.56-9505619, mixed mode, sharing, tiered, compressed oops, g1 gc, windows-amd64)
# No core dump will be written. Minidumps are not enabled by default on client versions of Windows
#

---------------  S U M M A R Y ------------

Command Line: org.jetbrains.kotlin.cli.jvm.K2JVMCompiler @G:\AndroidProjects\Kora\app\build\20230731_9077165000484109686.compiler.options

Host: Intel(R) Core(TM) i7-9750H CPU @ 2.60GHz, 12 cores, 15G,  Windows 11 , 64 bit Build 22621 (10.0.22621.1928)
Time: Mon Jul 31 17:57:04 2023 Egypt Daylight Time elapsed time: 0.026441 seconds (0d 0h 0m 0s)

---------------  T H R E A D  ---------------

Current thread (0x000002d78deee800):  JavaThread "Unknown thread" [_thread_in_vm, id=4772, stack(0x000000eac9700000,0x000000eac9800000)]

Stack: [0x000000eac9700000,0x000000eac9800000]
Native frames: (J=compiled Java code, j=interpreted, Vv=VM code, C=native code)
V  [jvm.dll+0x64135a]
V  [jvm.dll+0x7d39f9]
V  [jvm.dll+0x7d51b9]
V  [jvm.dll+0x7d58a3]
V  [jvm.dll+0x2691c5]
V  [jvm.dll+0x63e4e9]
V  [jvm.dll+0x632985]
V  [jvm.dll+0x3231ac]
V  [jvm.dll+0x323032]
V  [jvm.dll+0x327c06]
V  [jvm.dll+0x36ffa2]
V  [jvm.dll+0x36fa01]
V  [jvm.dll+0x2fea28]
V  [jvm.dll+0x2ffb25]
V  [jvm.dll+0x7accd7]
V  [jvm.dll+0x7ae49f]
V  [jvm.dll+0x37d299]
V  [jvm.dll+0x78ef9f]
V  [jvm.dll+0x3ec847]
V  [jvm.dll+0x3eed31]
C  [jli.dll+0x52cb]
C  [ucrtbase.dll+0x29363]
C  [KERNEL32.DLL+0x126ad]
C  [ntdll.dll+0x5aa68]


---------------  P R O C E S S  ---------------

Threads class SMR info:
_java_thread_list=0x000002d78bb94950, length=0, elements={
}

Java Threads: ( => current thread )

Other Threads:
  0x000002d78df05800 GCTaskThread "GC Thread#0" [stack: 0x000000eac9800000,0x000000eac9900000] [id=1104]
  0x000002d78df64000 ConcurrentGCThread "G1 Main Marker" [stack: 0x000000eac9900000,0x000000eac9a00000] [id=2384]
  0x000002d78df67800 ConcurrentGCThread "G1 Conc#0" [stack: 0x000000eac9a00000,0x000000eac9b00000] [id=8380]

[error occurred during error reporting (printing all threads), id 0xc0000005, EXCEPTION_ACCESS_VIOLATION (0xc0000005) at pc=0x00007ffbfda9f3e7]

VM state:not at safepoint (not fully initialized)

VM Mutex/Monitor currently owned by a thread:  ([mutex/lock_event])
[0x000002d78deea7a0] Heap_lock - owner thread: 0x000002d78deee800

Heap address: 0x0000000702a00000, size: 4054 MB, Compressed Oops mode: Non-zero based: 0x0000000702a00000
Narrow klass base: 0x0000000000000000, Narrow klass shift: 0

GC Heap History (0 events):
No events

Deoptimization events (0 events):
No events

Classes redefined (0 events):
No events

Internal exceptions (0 events):
No events

Events (1 events):
Event: 0.016 Loaded shared library C:\Program Files\Android\Android Studio\jbr\bin\zip.dll


Dynamic libraries:
0x00007ff6cb7e0000 - 0x00007ff6cb7ea000 	C:\Program Files\Android\Android Studio\jbr\bin\java.exe
0x00007ffc45ed0000 - 0x00007ffc460e4000 	C:\WINDOWS\SYSTEM32\ntdll.dll
0x00007ffc44a50000 - 0x00007ffc44b12000 	C:\WINDOWS\System32\KERNEL32.DLL
0x00007ffc43510000 - 0x00007ffc438b3000 	C:\WINDOWS\System32\KERNELBASE.dll
0x00007ffc433f0000 - 0x00007ffc43501000 	C:\WINDOWS\System32\ucrtbase.dll
0x00007ffc2c420000 - 0x00007ffc2c437000 	C:\Program Files\Android\Android Studio\jbr\bin\jli.dll
0x00007ffc2c3c0000 - 0x00007ffc2c3db000 	C:\Program Files\Android\Android Studio\jbr\bin\VCRUNTIME140.dll
0x00007ffc44d50000 - 0x00007ffc44efa000 	C:\WINDOWS\System32\USER32.dll
0x00007ffc1d220000 - 0x00007ffc1d4ae000 	C:\WINDOWS\WinSxS\amd64_microsoft.windows.common-controls_6595b64144ccf1df_6.0.22621.1635_none_270f70857386168e\COMCTL32.dll
0x00007ffc43ab0000 - 0x00007ffc43ad6000 	C:\WINDOWS\System32\win32u.dll
0x00007ffc44510000 - 0x00007ffc44539000 	C:\WINDOWS\System32\GDI32.dll
0x00007ffc44030000 - 0x00007ffc440d7000 	C:\WINDOWS\System32\msvcrt.dll
0x00007ffc432d0000 - 0x00007ffc433e9000 	C:\WINDOWS\System32\gdi32full.dll
0x00007ffc43ae0000 - 0x00007ffc43b7a000 	C:\WINDOWS\System32\msvcp_win.dll
0x00007ffc44b30000 - 0x00007ffc44b61000 	C:\WINDOWS\System32\IMM32.DLL
0x00007ffc38830000 - 0x00007ffc3883c000 	C:\Program Files\Android\Android Studio\jbr\bin\vcruntime140_1.dll
0x00007ffc20b00000 - 0x00007ffc20b8d000 	C:\Program Files\Android\Android Studio\jbr\bin\msvcp140.dll
0x00007ffbfd790000 - 0x00007ffbfe34c000 	C:\Program Files\Android\Android Studio\jbr\bin\server\jvm.dll
0x00007ffc45400000 - 0x00007ffc454ae000 	C:\WINDOWS\System32\ADVAPI32.dll
0x00007ffc43ef0000 - 0x00007ffc43f94000 	C:\WINDOWS\System32\sechost.dll
0x00007ffc45510000 - 0x00007ffc45627000 	C:\WINDOWS\System32\RPCRT4.dll
0x00007ffc44420000 - 0x00007ffc44428000 	C:\WINDOWS\System32\PSAPI.DLL
0x00007ffbeabd0000 - 0x00007ffbeabd9000 	C:\WINDOWS\SYSTEM32\WSOCK32.dll
0x00007ffc38010000 - 0x00007ffc38044000 	C:\WINDOWS\SYSTEM32\WINMM.dll
0x00007ffc375a0000 - 0x00007ffc375aa000 	C:\WINDOWS\SYSTEM32\VERSION.dll
0x00007ffc44f00000 - 0x00007ffc44f71000 	C:\WINDOWS\System32\WS2_32.dll
0x00007ffc42400000 - 0x00007ffc42418000 	C:\WINDOWS\SYSTEM32\kernel.appcore.dll
0x00007ffc3ae70000 - 0x00007ffc3ae80000 	C:\Program Files\Android\Android Studio\jbr\bin\verify.dll
0x00007ffc40930000 - 0x00007ffc40b5e000 	C:\WINDOWS\SYSTEM32\DBGHELP.DLL
0x00007ffc446c0000 - 0x00007ffc44a49000 	C:\WINDOWS\System32\combase.dll
0x00007ffc44430000 - 0x00007ffc44507000 	C:\WINDOWS\System32\OLEAUT32.dll
0x00007ffc33710000 - 0x00007ffc33742000 	C:\WINDOWS\SYSTEM32\dbgcore.DLL
0x00007ffc43a30000 - 0x00007ffc43aaa000 	C:\WINDOWS\System32\bcryptPrimitives.dll
0x00007ffc2f260000 - 0x00007ffc2f288000 	C:\Program Files\Android\Android Studio\jbr\bin\java.dll
0x00007ffc3ae60000 - 0x00007ffc3ae6a000 	C:\Program Files\Android\Android Studio\jbr\bin\jimage.dll
0x00007ffc38900000 - 0x00007ffc38918000 	C:\Program Files\Android\Android Studio\jbr\bin\zip.dll

dbghelp: loaded successfully - version: 4.0.5 - missing functions: none
symbol engine: initialized successfully - sym options: 0x614 - pdb path: .;C:\Program Files\Android\Android Studio\jbr\bin;C:\WINDOWS\SYSTEM32;C:\WINDOWS\WinSxS\amd64_microsoft.windows.common-controls_6595b64144ccf1df_6.0.22621.1635_none_270f70857386168e;C:\Program Files\Android\Android Studio\jbr\bin\server

VM Arguments:
java_command: org.jetbrains.kotlin.cli.jvm.K2JVMCompiler @G:\AndroidProjects\Kora\app\build\20230731_9077165000484109686.compiler.options
java_class_path (initial): C:\Users\kh\.gradle\caches\modules-2\files-2.1\org.jetbrains.kotlin\kotlin-compiler-embeddable\1.7.0\4d09852239f61842072b40b524882fa3caaed371\kotlin-compiler-embeddable-1.7.0.jar;C:\Users\kh\.gradle\caches\modules-2\files-2.1\org.jetbrains.kotlin\kotlin-reflect\1.7.0\e660b0079fdaf744dc9cc7f6f3aa3c761ec839b0\kotlin-reflect-1.7.0.jar;C:\Users\kh\.gradle\caches\modules-2\files-2.1\org.jetbrains.kotlin\kotlin-stdlib\1.7.0\a5f42c684ad9003160ef0d0f693ecf0ba7b13549\kotlin-stdlib-1.7.0.jar;C:\Users\kh\.gradle\caches\modules-2\files-2.1\org.jetbrains.kotlin\kotlin-script-runtime\1.7.0\3acea1d447587e61bc3e1b3ed6227d9e9ed4ddf1\kotlin-script-runtime-1.7.0.jar;C:\Users\kh\.gradle\caches\modules-2\files-2.1\org.jetbrains.kotlin\kotlin-daemon-embeddable\1.7.0\fd56798de80825c673ac93808284c5198ffa2b50\kotlin-daemon-embeddable-1.7.0.jar;C:\Users\kh\.gradle\caches\modules-2\files-2.1\org.jetbrains.intellij.deps\trove4j\1.0.20200330\3afb14d5f9ceb459d724e907a21145e8ff394f02\trove4j-1.0.20200330.jar;C:\Users\kh\.gradle\caches\modules-2\files-2.1\net.java.dev.jna\jna\5.6.0\330f2244e9030119ab3030fc3fededc86713d9cc\jna-5.6.0.jar;C:\Users\kh\.gradle\caches\modules-2\files-2.1\org.jetbrains.kotlin\kotlin-stdlib-common\1.7.0\51736992f422993a1e741051bdf3c12801bc1ca1\kotlin-stdlib-common-1.7.0.jar;C:\Users\kh\.gradle\caches\modules-2\files-2.1\org.jetbrains\annotations\13.0\919f0dfe192fb4e063e7dacadee7f8bb9a2672a9\annotations-13.0.jar
Launcher Type: SUN_STANDARD

[Global flags]
     intx CICompilerCount                          = 4                                         {product} {ergonomic}
     uint ConcGCThreads                            = 3                                         {product} {ergonomic}
     uint G1ConcRefinementThreads                  = 10                                        {product} {ergonomic}
   size_t G1HeapRegionSize                         = 1048576                                   {product} {ergonomic}
    uintx GCDrainStackTargetSize                   = 64                                        {product} {ergonomic}
   size_t InitialHeapSize                          = 266338304                                 {product} {ergonomic}
   size_t MarkStackSize                            = 4194304                                   {product} {ergonomic}
   size_t MaxHeapSize                              = 4250927104                                {product} {ergonomic}
   size_t MinHeapDeltaBytes                        = 1048576                                   {product} {ergonomic}
    uintx NonNMethodCodeHeapSize                   = 5836300                                {pd product} {ergonomic}
    uintx NonProfiledCodeHeapSize                  = 122910970                              {pd product} {ergonomic}
    uintx ProfiledCodeHeapSize                     = 122910970                              {pd product} {ergonomic}
    uintx ReservedCodeCacheSize                    = 251658240                              {pd product} {ergonomic}
     bool SegmentedCodeCache                       = true                                      {product} {ergonomic}
     bool UseCompressedClassPointers               = true                                 {lp64_product} {ergonomic}
     bool UseCompressedOops                        = true                                 {lp64_product} {ergonomic}
     bool UseG1GC                                  = true                                      {product} {ergonomic}
     bool UseLargePagesIndividualAllocation        = false                                  {pd product} {ergonomic}

Logging:
Log output configuration:
 #0: stdout all=warning uptime,level,tags
 #1: stderr all=off uptime,level,tags

Environment Variables:
JAVA_HOME=C:\Program Files\Java\jdk-11
PATH=C:\Program Files (x86)\Common Files\Oracle\Java\javapath;C:\Windows\system32;C:\Windows;C:\Windows\System32\Wbem;C:\Windows\System32\WindowsPowerShell\v1.0\;C:\Windows\System32\OpenSSH\;C:\Program Files\Git\cmd;C:\Program Files\dotnet\;C:\WINDOWS\system32;C:\WINDOWS;C:\WINDOWS\System32\Wbem;C:\WINDOWS\System32\WindowsPowerShell\v1.0\;C:\WINDOWS\System32\OpenSSH\;C:\Users\kh\AppData\Local\Microsoft\WindowsApps;C:\Program Files\Java\jdk-20\bin;
USERNAME=Mostafa
OS=Windows_NT
PROCESSOR_IDENTIFIER=Intel64 Family 6 Model 158 Stepping 10, GenuineIntel



---------------  S Y S T E M  ---------------

OS: Windows 11 , 64 bit Build 22621 (10.0.22621.1928)
OS uptime: 0 days 0:50 hours

CPU:total 12 (initial active 12) (6 cores per cpu, 2 threads per core) family 6 model 158 stepping 10 microcode 0xde, cmov, cx8, fxsr, mmx, sse, sse2, sse3, ssse3, sse4.1, sse4.2, popcnt, avx, avx2, aes, clmul, erms, 3dnowpref, lzcnt, ht, tsc, tscinvbit, bmi1, bmi2, adx, fma

Memory: 4k page, system-wide physical 16211M (3200M free)
TotalPageFile size 19133M (AvailPageFile size 160M)
current process WorkingSet (physical memory assigned to process): 11M, peak: 11M
current process commit charge ("private bytes"): 64M, peak: 318M

vm_info: OpenJDK 64-Bit Server VM (11.0.15+0-b2043.56-9505619) for windows-amd64 JRE (11.0.15+0-b2043.56-9505619), built on Jan 19 2023 02:48:00 by "builduser" with unknown MS VC++:1929

END.
